<?xml version="1.0" encoding="UTF-8"?>
<coverage generated="1781034756117" clover="3.2.0">
  <project timestamp="1781034756117" name="All files">
    <metrics statements="464" coveredstatements="233" conditionals="580" coveredconditionals="191" methods="38" coveredmethods="20" elements="1082" coveredelements="444" complexity="0" loc="464" ncloc="464" packages="2" files="7" classes="7"/>
    <package name="ir">
      <metrics statements="38" coveredstatements="36" conditionals="43" coveredconditionals="25" methods="3" coveredmethods="3"/>
      <file name="schema.js" path="C:\Users\aidin\OneDrive\Desktop\University\SWE\pptx-revealjs-converter\src\ir\schema.js">
        <metrics statements="3" coveredstatements="3" conditionals="0" coveredconditionals="0" methods="0" coveredmethods="0"/>
        <line num="43" count="1" type="stmt"/>
        <line num="98" count="1" type="stmt"/>
        <line num="752" count="1" type="stmt"/>
      </file>
      <file name="validator.js" path="C:\Users\aidin\OneDrive\Desktop\University\SWE\pptx-revealjs-converter\src\ir\validator.js">
        <metrics statements="35" coveredstatements="33" conditionals="43" coveredconditionals="25" methods="3" coveredmethods="3"/>
        <line num="13" count="1" type="stmt"/>
        <line num="14" count="1" type="stmt"/>
        <line num="16" count="1" type="stmt"/>
        <line num="17" count="1" type="stmt"/>
        <line num="35" count="9" type="stmt"/>
        <line num="36" count="9" type="cond" truecount="1" falsecount="1"/>
        <line num="38" count="9" type="cond" truecount="1" falsecount="1"/>
        <line num="39" count="0" type="cond" truecount="0" falsecount="4"/>
        <line num="41" count="9" type="cond" truecount="1" falsecount="1"/>
        <line num="42" count="27" type="cond" truecount="3" falsecount="1"/>
        <line num="44" count="9" type="cond" truecount="1" falsecount="1"/>
        <line num="45" count="0" type="cond" truecount="0" falsecount="4"/>
        <line num="48" count="9" type="stmt"/>
        <line num="60" count="9" type="stmt"/>
        <line num="61" count="9" type="cond" truecount="3" falsecount="1"/>
        <line num="63" count="9" type="stmt"/>
        <line num="64" count="9" type="stmt"/>
        <line num="65" count="9" type="cond" truecount="2" falsecount="0"/>
        <line num="66" count="9" type="cond" truecount="2" falsecount="1"/>
        <line num="67" count="9" type="cond" truecount="1" falsecount="1"/>
        <line num="69" count="9" type="stmt"/>
        <line num="71" count="9" type="stmt"/>
        <line num="72" count="18" type="stmt"/>
        <line num="73" count="18" type="cond" truecount="3" falsecount="1"/>
        <line num="74" count="18" type="cond" truecount="2" falsecount="0"/>
        <line num="75" count="2" type="stmt"/>
        <line num="83" count="9" type="stmt"/>
        <line num="97" count="21" type="stmt"/>
        <line num="98" count="21" type="cond" truecount="2" falsecount="0"/>
        <line num="99" count="14" type="stmt"/>
        <line num="102" count="7" type="stmt"/>
        <line num="103" count="7" type="cond" truecount="2" falsecount="0"/>
        <line num="104" count="1" type="stmt"/>
        <line num="107" count="6" type="stmt"/>
        <line num="110" count="1" type="stmt"/>
      </file>
    </package>
    <package name="parser.pptx">
      <metrics statements="426" coveredstatements="197" conditionals="537" coveredconditionals="166" methods="35" coveredmethods="17"/>
      <file name="anim.js" path="C:\Users\aidin\OneDrive\Desktop\University\SWE\pptx-revealjs-converter\src\parser\pptx\anim.js">
        <metrics statements="90" coveredstatements="84" conditionals="89" coveredconditionals="61" methods="6" coveredmethods="6"/>
        <line num="35" count="1" type="stmt"/>
        <line num="42" count="1" type="stmt"/>
        <line num="56" count="1" type="stmt"/>
        <line num="77" count="1" type="stmt"/>
        <line num="94" count="12" type="stmt"/>
        <line num="95" count="12" type="cond" truecount="1" falsecount="1"/>
        <line num="96" count="12" type="stmt"/>
        <line num="97" count="12" type="stmt"/>
        <line num="98" count="12" type="cond" truecount="3" falsecount="1"/>
        <line num="99" count="12" type="stmt"/>
        <line num="100" count="12" type="cond" truecount="1" falsecount="1"/>
        <line num="103" count="0" type="stmt"/>
        <line num="111" count="12" type="stmt"/>
        <line num="112" count="12" type="cond" truecount="3" falsecount="1"/>
        <line num="113" count="12" type="stmt"/>
        <line num="114" count="12" type="cond" truecount="1" falsecount="1"/>
        <line num="130" count="12" type="stmt"/>
        <line num="131" count="12" type="cond" truecount="1" falsecount="1"/>
        <line num="134" count="12" type="stmt"/>
        <line num="139" count="12" type="stmt"/>
        <line num="140" count="32" type="stmt"/>
        <line num="141" count="12" type="cond" truecount="1" falsecount="1"/>
        <line num="144" count="12" type="cond" truecount="1" falsecount="1"/>
        <line num="145" count="12" type="stmt"/>
        <line num="146" count="12" type="cond" truecount="4" falsecount="0"/>
        <line num="147" count="11" type="stmt"/>
        <line num="153" count="1" type="stmt"/>
        <line num="154" count="0" type="stmt"/>
        <line num="155" count="0" type="cond" truecount="0" falsecount="2"/>
        <line num="156" count="0" type="stmt"/>
        <line num="157" count="0" type="cond" truecount="0" falsecount="2"/>
        <line num="160" count="1" type="stmt"/>
        <line num="179" count="12" type="stmt"/>
        <line num="180" count="12" type="stmt"/>
        <line num="182" count="12" type="cond" truecount="3" falsecount="1"/>
        <line num="183" count="12" type="cond" truecount="3" falsecount="1"/>
        <line num="185" count="12" type="stmt"/>
        <line num="186" count="12" type="cond" truecount="2" falsecount="0"/>
        <line num="188" count="12" type="stmt"/>
        <line num="189" count="12" type="stmt"/>
        <line num="191" count="12" type="cond" truecount="3" falsecount="0"/>
        <line num="193" count="12" type="cond" truecount="2" falsecount="0"/>
        <line num="194" count="4" type="cond" truecount="2" falsecount="0"/>
        <line num="199" count="4" type="stmt"/>
        <line num="202" count="12" type="stmt"/>
        <line num="232" count="12" type="stmt"/>
        <line num="233" count="12" type="stmt"/>
        <line num="234" count="12" type="cond" truecount="1" falsecount="1"/>
        <line num="236" count="12" type="stmt"/>
        <line num="237" count="12" type="stmt"/>
        <line num="238" count="12" type="cond" truecount="1" falsecount="1"/>
        <line num="240" count="12" type="stmt"/>
        <line num="241" count="12" type="cond" truecount="1" falsecount="1"/>
        <line num="243" count="12" type="stmt"/>
        <line num="244" count="12" type="stmt"/>
        <line num="245" count="12" type="stmt"/>
        <line num="246" count="12" type="stmt"/>
        <line num="249" count="12" type="stmt"/>
        <line num="268" count="15" type="cond" truecount="2" falsecount="0"/>
        <line num="270" count="15" type="cond" truecount="2" falsecount="0"/>
        <line num="271" count="15" type="cond" truecount="2" falsecount="0"/>
        <line num="275" count="13" type="stmt"/>
        <line num="276" count="13" type="cond" truecount="2" falsecount="0"/>
        <line num="278" count="12" type="stmt"/>
        <line num="279" count="12" type="cond" truecount="2" falsecount="0"/>
        <line num="280" count="12" type="cond" truecount="1" falsecount="1"/>
        <line num="282" count="12" type="stmt"/>
        <line num="283" count="12" type="cond" truecount="1" falsecount="1"/>
        <line num="286" count="12" type="stmt"/>
        <line num="287" count="12" type="stmt"/>
        <line num="288" count="12" type="stmt"/>
        <line num="289" count="12" type="stmt"/>
        <line num="290" count="12" type="cond" truecount="3" falsecount="1"/>
        <line num="291" count="12" type="stmt"/>
        <line num="292" count="12" type="stmt"/>
        <line num="296" count="12" type="cond" truecount="2" falsecount="2"/>
        <line num="297" count="0" type="stmt"/>
        <line num="299" count="12" type="cond" truecount="1" falsecount="1"/>
        <line num="301" count="12" type="stmt"/>
        <line num="302" count="12" type="cond" truecount="1" falsecount="1"/>
        <line num="304" count="12" type="stmt"/>
        <line num="305" count="12" type="stmt"/>
        <line num="306" count="12" type="stmt"/>
        <line num="308" count="12" type="stmt"/>
        <line num="309" count="12" type="stmt"/>
        <line num="310" count="12" type="cond" truecount="1" falsecount="1"/>
        <line num="312" count="12" type="stmt"/>
        <line num="313" count="12" type="stmt"/>
        <line num="316" count="12" type="stmt"/>
        <line num="319" count="1" type="stmt"/>
      </file>
      <file name="shapes.js" path="C:\Users\aidin\OneDrive\Desktop\University\SWE\pptx-revealjs-converter\src\parser\pptx\shapes.js">
        <metrics statements="114" coveredstatements="96" conditionals="126" coveredconditionals="100" methods="10" coveredmethods="9"/>
        <line num="23" count="1" type="stmt"/>
        <line num="24" count="1" type="stmt"/>
        <line num="32" count="1" type="stmt"/>
        <line num="106" count="1" type="stmt"/>
        <line num="137" count="25" type="cond" truecount="2" falsecount="0"/>
        <line num="138" count="25" type="cond" truecount="3" falsecount="0"/>
        <line num="139" count="25" type="cond" truecount="3" falsecount="0"/>
        <line num="141" count="25" type="cond" truecount="2" falsecount="0"/>
        <line num="142" count="25" type="cond" truecount="2" falsecount="0"/>
        <line num="143" count="25" type="cond" truecount="2" falsecount="0"/>
        <line num="144" count="25" type="cond" truecount="2" falsecount="0"/>
        <line num="148" count="25" type="cond" truecount="4" falsecount="0"/>
        <line num="152" count="25" type="cond" truecount="4" falsecount="0"/>
        <line num="153" count="25" type="cond" truecount="4" falsecount="0"/>
        <line num="155" count="25" type="stmt"/>
        <line num="173" count="16" type="cond" truecount="2" falsecount="0"/>
        <line num="175" count="15" type="stmt"/>
        <line num="176" count="15" type="cond" truecount="4" falsecount="0"/>
        <line num="177" count="6" type="stmt"/>
        <line num="180" count="9" type="stmt"/>
        <line num="181" count="9" type="cond" truecount="4" falsecount="0"/>
        <line num="182" count="1" type="stmt"/>
        <line num="185" count="8" type="stmt"/>
        <line num="186" count="8" type="cond" truecount="4" falsecount="0"/>
        <line num="187" count="7" type="stmt"/>
        <line num="188" count="7" type="stmt"/>
        <line num="189" count="7" type="cond" truecount="2" falsecount="0"/>
        <line num="191" count="1" type="stmt"/>
        <line num="194" count="1" type="stmt"/>
        <line num="210" count="26" type="cond" truecount="2" falsecount="0"/>
        <line num="212" count="25" type="cond" truecount="2" falsecount="0"/>
        <line num="214" count="23" type="stmt"/>
        <line num="215" count="23" type="cond" truecount="2" falsecount="0"/>
        <line num="216" count="4" type="stmt"/>
        <line num="217" count="4" type="cond" truecount="1" falsecount="1"/>
        <line num="218" count="0" type="stmt"/>
        <line num="222" count="19" type="stmt"/>
        <line num="235" count="25" type="cond" truecount="1" falsecount="1"/>
        <line num="237" count="25" type="stmt"/>
        <line num="238" count="25" type="cond" truecount="2" falsecount="0"/>
        <line num="239" count="4" type="cond" truecount="2" falsecount="0"/>
        <line num="241" count="3" type="stmt"/>
        <line num="242" count="3" type="cond" truecount="1" falsecount="1"/>
        <line num="243" count="3" type="stmt"/>
        <line num="244" count="3" type="cond" truecount="1" falsecount="1"/>
        <line num="245" count="3" type="cond" truecount="3" falsecount="1"/>
        <line num="246" count="3" type="stmt"/>
        <line num="250" count="0" type="stmt"/>
        <line num="262" count="21" type="cond" truecount="2" falsecount="0"/>
        <line num="263" count="20" type="stmt"/>
        <line num="264" count="20" type="cond" truecount="2" falsecount="0"/>
        <line num="266" count="1" type="stmt"/>
        <line num="267" count="1" type="stmt"/>
        <line num="268" count="1" type="stmt"/>
        <line num="269" count="1" type="stmt"/>
        <line num="270" count="1" type="cond" truecount="3" falsecount="1"/>
        <line num="272" count="1" type="stmt"/>
        <line num="273" count="1" type="cond" truecount="1" falsecount="1"/>
        <line num="276" count="1" type="cond" truecount="1" falsecount="1"/>
        <line num="289" count="21" type="stmt"/>
        <line num="290" count="21" type="cond" truecount="1" falsecount="1"/>
        <line num="292" count="0" type="stmt"/>
        <line num="293" count="0" type="stmt"/>
        <line num="306" count="21" type="cond" truecount="2" falsecount="0"/>
        <line num="307" count="20" type="cond" truecount="2" falsecount="0"/>
        <line num="326" count="22" type="stmt"/>
        <line num="327" count="22" type="cond" truecount="3" falsecount="0"/>
        <line num="328" count="22" type="cond" truecount="2" falsecount="0"/>
        <line num="330" count="21" type="cond" truecount="1" falsecount="1"/>
        <line num="331" count="21" type="stmt"/>
        <line num="332" count="21" type="cond" truecount="2" falsecount="0"/>
        <line num="334" count="21" type="stmt"/>
        <line num="335" count="21" type="stmt"/>
        <line num="336" count="21" type="stmt"/>
        <line num="338" count="21" type="stmt"/>
        <line num="340" count="21" type="cond" truecount="2" falsecount="0"/>
        <line num="341" count="17" type="stmt"/>
        <line num="343" count="4" type="stmt"/>
        <line num="344" count="4" type="cond" truecount="2" falsecount="0"/>
        <line num="345" count="4" type="stmt"/>
        <line num="348" count="21" type="stmt"/>
        <line num="360" count="21" type="stmt"/>
        <line num="361" count="21" type="cond" truecount="2" falsecount="0"/>
        <line num="366" count="21" type="cond" truecount="5" falsecount="0"/>
        <line num="367" count="2" type="stmt"/>
        <line num="370" count="21" type="stmt"/>
        <line num="371" count="21" type="cond" truecount="1" falsecount="1"/>
        <line num="373" count="21" type="stmt"/>
        <line num="385" count="0" type="cond" truecount="0" falsecount="2"/>
        <line num="387" count="0" type="stmt"/>
        <line num="388" count="0" type="stmt"/>
        <line num="389" count="0" type="stmt"/>
        <line num="391" count="0" type="stmt"/>
        <line num="392" count="0" type="cond" truecount="0" falsecount="2"/>
        <line num="397" count="0" type="cond" truecount="0" falsecount="4"/>
        <line num="401" count="0" type="cond" truecount="0" falsecount="4"/>
        <line num="402" count="0" type="stmt"/>
        <line num="405" count="0" type="stmt"/>
        <line num="418" count="0" type="stmt"/>
        <line num="419" count="0" type="cond" truecount="0" falsecount="2"/>
        <line num="421" count="0" type="stmt"/>
        <line num="441" count="24" type="cond" truecount="2" falsecount="0"/>
        <line num="443" count="23" type="stmt"/>
        <line num="444" count="23" type="stmt"/>
        <line num="445" count="23" type="stmt"/>
        <line num="447" count="23" type="stmt"/>
        <line num="448" count="22" type="stmt"/>
        <line num="449" count="22" type="cond" truecount="2" falsecount="0"/>
        <line num="450" count="21" type="stmt"/>
        <line num="451" count="21" type="stmt"/>
        <line num="455" count="23" type="stmt"/>
        <line num="456" count="0" type="stmt"/>
        <line num="459" count="23" type="stmt"/>
        <line num="462" count="1" type="stmt"/>
      </file>
      <file name="text.js" path="C:\Users\aidin\OneDrive\Desktop\University\SWE\pptx-revealjs-converter\src\parser\pptx\text.js">
        <metrics statements="181" coveredstatements="8" conditionals="290" coveredconditionals="1" methods="12" coveredmethods="1"/>
        <line num="1" count="1" type="stmt"/>
        <line num="2" count="1" type="stmt"/>
        <line num="6" count="1" type="stmt"/>
        <line num="14" count="1" type="stmt"/>
        <line num="22" count="1" type="stmt"/>
        <line num="35" count="0" type="cond" truecount="0" falsecount="2"/>
        <line num="38" count="0" type="cond" truecount="0" falsecount="6"/>
        <line num="39" count="0" type="cond" truecount="0" falsecount="2"/>
        <line num="41" count="0" type="cond" truecount="0" falsecount="4"/>
        <line num="42" count="0" type="cond" truecount="0" falsecount="2"/>
        <line num="43" count="0" type="stmt"/>
        <line num="44" count="0" type="cond" truecount="0" falsecount="2"/>
        <line num="45" count="0" type="cond" truecount="0" falsecount="3"/>
        <line num="46" count="0" type="cond" truecount="0" falsecount="2"/>
        <line num="48" count="0" type="cond" truecount="0" falsecount="4"/>
        <line num="59" count="0" type="cond" truecount="0" falsecount="2"/>
        <line num="60" count="0" type="cond" truecount="0" falsecount="6"/>
        <line num="61" count="0" type="cond" truecount="0" falsecount="2"/>
        <line num="63" count="0" type="cond" truecount="0" falsecount="4"/>
        <line num="64" count="0" type="cond" truecount="0" falsecount="2"/>
        <line num="65" count="0" type="stmt"/>
        <line num="66" count="0" type="cond" truecount="0" falsecount="2"/>
        <line num="67" count="0" type="cond" truecount="0" falsecount="3"/>
        <line num="68" count="0" type="cond" truecount="0" falsecount="4"/>
        <line num="69" count="0" type="stmt"/>
        <line num="70" count="0" type="cond" truecount="0" falsecount="2"/>
        <line num="71" count="0" type="cond" truecount="0" falsecount="2"/>
        <line num="72" count="0" type="cond" truecount="0" falsecount="2"/>
        <line num="73" count="0" type="cond" truecount="0" falsecount="2"/>
        <line num="81" count="0" type="cond" truecount="0" falsecount="2"/>
        <line num="82" count="0" type="cond" truecount="0" falsecount="2"/>
        <line num="83" count="0" type="stmt"/>
        <line num="84" count="0" type="cond" truecount="0" falsecount="2"/>
        <line num="85" count="0" type="cond" truecount="0" falsecount="4"/>
        <line num="86" count="0" type="stmt"/>
        <line num="87" count="0" type="cond" truecount="0" falsecount="2"/>
        <line num="96" count="0" type="cond" truecount="0" falsecount="6"/>
        <line num="97" count="0" type="cond" truecount="0" falsecount="2"/>
        <line num="98" count="0" type="cond" truecount="0" falsecount="2"/>
        <line num="99" count="0" type="cond" truecount="0" falsecount="2"/>
        <line num="111" count="0" type="cond" truecount="0" falsecount="2"/>
        <line num="112" count="0" type="stmt"/>
        <line num="114" count="0" type="cond" truecount="0" falsecount="2"/>
        <line num="115" count="0" type="cond" truecount="0" falsecount="2"/>
        <line num="116" count="0" type="cond" truecount="0" falsecount="4"/>
        <line num="117" count="0" type="cond" truecount="0" falsecount="4"/>
        <line num="118" count="0" type="stmt"/>
        <line num="121" count="0" type="cond" truecount="0" falsecount="2"/>
        <line num="122" count="0" type="stmt"/>
        <line num="123" count="0" type="cond" truecount="0" falsecount="2"/>
        <line num="126" count="0" type="stmt"/>
        <line num="127" count="0" type="cond" truecount="0" falsecount="2"/>
        <line num="128" count="0" type="cond" truecount="0" falsecount="4"/>
        <line num="129" count="0" type="stmt"/>
        <line num="130" count="0" type="cond" truecount="0" falsecount="4"/>
        <line num="131" count="0" type="stmt"/>
        <line num="132" count="0" type="cond" truecount="0" falsecount="2"/>
        <line num="136" count="0" type="stmt"/>
        <line num="137" count="0" type="cond" truecount="0" falsecount="4"/>
        <line num="139" count="0" type="cond" truecount="0" falsecount="2"/>
        <line num="147" count="0" type="cond" truecount="0" falsecount="2"/>
        <line num="148" count="0" type="stmt"/>
        <line num="150" count="0" type="cond" truecount="0" falsecount="2"/>
        <line num="151" count="0" type="stmt"/>
        <line num="152" count="0" type="cond" truecount="0" falsecount="2"/>
        <line num="154" count="0" type="cond" truecount="0" falsecount="2"/>
        <line num="155" count="0" type="stmt"/>
        <line num="156" count="0" type="cond" truecount="0" falsecount="2"/>
        <line num="160" count="0" type="cond" truecount="0" falsecount="2"/>
        <line num="161" count="0" type="cond" truecount="0" falsecount="2"/>
        <line num="162" count="0" type="cond" truecount="0" falsecount="2"/>
        <line num="167" count="0" type="stmt"/>
        <line num="168" count="0" type="cond" truecount="0" falsecount="2"/>
        <line num="169" count="0" type="stmt"/>
        <line num="170" count="0" type="stmt"/>
        <line num="171" count="0" type="cond" truecount="0" falsecount="4"/>
        <line num="172" count="0" type="stmt"/>
        <line num="173" count="0" type="cond" truecount="0" falsecount="2"/>
        <line num="174" count="0" type="cond" truecount="0" falsecount="4"/>
        <line num="175" count="0" type="stmt"/>
        <line num="176" count="0" type="cond" truecount="0" falsecount="2"/>
        <line num="181" count="0" type="stmt"/>
        <line num="182" count="0" type="stmt"/>
        <line num="183" count="0" type="cond" truecount="0" falsecount="2"/>
        <line num="184" count="0" type="stmt"/>
        <line num="185" count="0" type="stmt"/>
        <line num="186" count="0" type="cond" truecount="0" falsecount="4"/>
        <line num="187" count="0" type="stmt"/>
        <line num="188" count="0" type="cond" truecount="0" falsecount="2"/>
        <line num="189" count="0" type="cond" truecount="0" falsecount="4"/>
        <line num="190" count="0" type="stmt"/>
        <line num="191" count="0" type="cond" truecount="0" falsecount="2"/>
        <line num="195" count="0" type="cond" truecount="0" falsecount="2"/>
        <line num="203" count="0" type="stmt"/>
        <line num="204" count="0" type="stmt"/>
        <line num="205" count="0" type="cond" truecount="0" falsecount="2"/>
        <line num="206" count="0" type="cond" truecount="0" falsecount="5"/>
        <line num="208" count="0" type="cond" truecount="0" falsecount="2"/>
        <line num="211" count="0" type="cond" truecount="0" falsecount="4"/>
        <line num="212" count="0" type="stmt"/>
        <line num="215" count="0" type="stmt"/>
        <line num="216" count="0" type="cond" truecount="0" falsecount="2"/>
        <line num="217" count="0" type="stmt"/>
        <line num="227" count="0" type="cond" truecount="0" falsecount="4"/>
        <line num="234" count="0" type="stmt"/>
        <line num="235" count="0" type="cond" truecount="0" falsecount="2"/>
        <line num="236" count="0" type="cond" truecount="0" falsecount="4"/>
        <line num="237" count="0" type="stmt"/>
        <line num="238" count="0" type="cond" truecount="0" falsecount="2"/>
        <line num="240" count="0" type="cond" truecount="0" falsecount="2"/>
        <line num="241" count="0" type="cond" truecount="0" falsecount="2"/>
        <line num="242" count="0" type="cond" truecount="0" falsecount="2"/>
        <line num="248" count="0" type="stmt"/>
        <line num="249" count="0" type="stmt"/>
        <line num="250" count="0" type="stmt"/>
        <line num="253" count="0" type="cond" truecount="0" falsecount="2"/>
        <line num="254" count="0" type="stmt"/>
        <line num="258" count="0" type="stmt"/>
        <line num="264" count="0" type="stmt"/>
        <line num="266" count="0" type="cond" truecount="0" falsecount="2"/>
        <line num="267" count="0" type="cond" truecount="0" falsecount="2"/>
        <line num="268" count="0" type="cond" truecount="0" falsecount="2"/>
        <line num="269" count="0" type="stmt"/>
        <line num="270" count="0" type="cond" truecount="0" falsecount="2"/>
        <line num="272" count="0" type="cond" truecount="0" falsecount="2"/>
        <line num="275" count="0" type="stmt"/>
        <line num="276" count="0" type="cond" truecount="0" falsecount="2"/>
        <line num="277" count="0" type="stmt"/>
        <line num="285" count="21" type="stmt"/>
        <line num="286" count="21" type="cond" truecount="1" falsecount="1"/>
        <line num="288" count="0" type="cond" truecount="0" falsecount="3"/>
        <line num="291" count="0" type="cond" truecount="0" falsecount="2"/>
        <line num="294" count="0" type="cond" truecount="0" falsecount="4"/>
        <line num="297" count="0" type="stmt"/>
        <line num="299" count="0" type="stmt"/>
        <line num="300" count="0" type="stmt"/>
        <line num="302" count="0" type="cond" truecount="0" falsecount="2"/>
        <line num="304" count="0" type="stmt"/>
        <line num="310" count="0" type="cond" truecount="0" falsecount="2"/>
        <line num="311" count="0" type="cond" truecount="0" falsecount="2"/>
        <line num="312" count="0" type="cond" truecount="0" falsecount="2"/>
        <line num="313" count="0" type="stmt"/>
        <line num="318" count="0" type="cond" truecount="0" falsecount="2"/>
        <line num="319" count="0" type="stmt"/>
        <line num="320" count="0" type="stmt"/>
        <line num="321" count="0" type="cond" truecount="0" falsecount="2"/>
        <line num="322" count="0" type="cond" truecount="0" falsecount="2"/>
        <line num="324" count="0" type="cond" truecount="0" falsecount="2"/>
        <line num="325" count="0" type="stmt"/>
        <line num="326" count="0" type="cond" truecount="0" falsecount="2"/>
        <line num="332" count="0" type="cond" truecount="0" falsecount="4"/>
        <line num="333" count="0" type="stmt"/>
        <line num="338" count="0" type="stmt"/>
        <line num="339" count="0" type="cond" truecount="0" falsecount="4"/>
        <line num="340" count="0" type="stmt"/>
        <line num="346" count="0" type="cond" truecount="0" falsecount="2"/>
        <line num="347" count="0" type="cond" truecount="0" falsecount="2"/>
        <line num="348" count="0" type="stmt"/>
        <line num="349" count="0" type="stmt"/>
        <line num="351" count="0" type="cond" truecount="0" falsecount="2"/>
        <line num="352" count="0" type="cond" truecount="0" falsecount="2"/>
        <line num="354" count="0" type="stmt"/>
        <line num="356" count="0" type="cond" truecount="0" falsecount="5"/>
        <line num="357" count="0" type="stmt"/>
        <line num="358" count="0" type="cond" truecount="0" falsecount="2"/>
        <line num="359" count="0" type="cond" truecount="0" falsecount="5"/>
        <line num="360" count="0" type="stmt"/>
        <line num="361" count="0" type="stmt"/>
        <line num="368" count="0" type="cond" truecount="0" falsecount="4"/>
        <line num="369" count="0" type="stmt"/>
        <line num="370" count="0" type="cond" truecount="0" falsecount="2"/>
        <line num="371" count="0" type="cond" truecount="0" falsecount="4"/>
        <line num="372" count="0" type="stmt"/>
        <line num="373" count="0" type="cond" truecount="0" falsecount="4"/>
        <line num="374" count="0" type="stmt"/>
        <line num="375" count="0" type="stmt"/>
        <line num="379" count="0" type="cond" truecount="0" falsecount="2"/>
        <line num="380" count="0" type="stmt"/>
        <line num="385" count="0" type="stmt"/>
        <line num="388" count="0" type="stmt"/>
        <line num="391" count="1" type="stmt"/>
      </file>
      <file name="units.js" path="C:\Users\aidin\OneDrive\Desktop\University\SWE\pptx-revealjs-converter\src\parser\pptx\units.js">
        <metrics statements="10" coveredstatements="2" conditionals="8" coveredconditionals="0" methods="2" coveredmethods="0"/>
        <line num="5" count="1" type="stmt"/>
        <line num="8" count="0" type="cond" truecount="0" falsecount="2"/>
        <line num="9" count="0" type="stmt"/>
        <line num="10" count="0" type="cond" truecount="0" falsecount="2"/>
        <line num="11" count="0" type="stmt"/>
        <line num="18" count="0" type="cond" truecount="0" falsecount="2"/>
        <line num="19" count="0" type="stmt"/>
        <line num="20" count="0" type="cond" truecount="0" falsecount="2"/>
        <line num="21" count="0" type="stmt"/>
        <line num="24" count="1" type="stmt"/>
      </file>
      <file name="xml.js" path="C:\Users\aidin\OneDrive\Desktop\University\SWE\pptx-revealjs-converter\src\parser\pptx\xml.js">
        <metrics statements="31" coveredstatements="7" conditionals="24" coveredconditionals="4" methods="5" coveredmethods="1"/>
        <line num="1" count="1" type="stmt"/>
        <line num="3" count="1" type="stmt"/>
        <line num="23" count="1" type="stmt"/>
        <line num="30" count="1" type="stmt"/>
        <line num="33" count="0" type="cond" truecount="0" falsecount="2"/>
        <line num="34" count="0" type="stmt"/>
        <line num="42" count="128" type="cond" truecount="2" falsecount="0"/>
        <line num="43" count="83" type="cond" truecount="2" falsecount="0"/>
        <line num="51" count="0" type="cond" truecount="0" falsecount="2"/>
        <line num="52" count="0" type="stmt"/>
        <line num="53" count="0" type="cond" truecount="0" falsecount="2"/>
        <line num="55" count="0" type="stmt"/>
        <line num="71" count="0" type="cond" truecount="0" falsecount="2"/>
        <line num="73" count="0" type="stmt"/>
        <line num="75" count="0" type="stmt"/>
        <line num="76" count="0" type="cond" truecount="0" falsecount="2"/>
        <line num="77" count="0" type="stmt"/>
        <line num="78" count="0" type="cond" truecount="0" falsecount="2"/>
        <line num="79" count="0" type="stmt"/>
        <line num="80" count="0" type="cond" truecount="0" falsecount="2"/>
        <line num="82" count="0" type="stmt"/>
        <line num="83" count="0" type="stmt"/>
        <line num="84" count="0" type="stmt"/>
        <line num="86" count="0" type="stmt"/>
        <line num="87" count="0" type="stmt"/>
        <line num="88" count="0" type="cond" truecount="0" falsecount="4"/>
        <line num="89" count="0" type="cond" truecount="0" falsecount="2"/>
        <line num="90" count="0" type="stmt"/>
        <line num="91" count="0" type="stmt"/>
        <line num="94" count="0" type="stmt"/>
        <line num="97" count="1" type="stmt"/>
      </file>
    </package>
  </project>
</coverage>
