{"C:\\Users\\aidin\\OneDrive\\Desktop\\University\\SWE\\pptx-revealjs-converter\\src\\ir\\schema.js": {"path":"C:\\Users\\aidin\\OneDrive\\Desktop\\University\\SWE\\pptx-revealjs-converter\\src\\ir\\schema.js","statementMap":{"0":{"start":{"line":43,"column":20},"end":{"line":96,"column":1}},"1":{"start":{"line":98,"column":22},"end":{"line":750,"column":1}},"2":{"start":{"line":752,"column":0},"end":{"line":752,"column":31}}},"fnMap":{},"branchMap":{},"s":{"0":1,"1":1,"2":1},"f":{},"b":{},"_coverageSchema":"1a1c01bbd47fc00a2c39e90264f33305004495a9","hash":"9cb33fe9f37d54bc3cad241825b83a87c1db0a51"}
,"C:\\Users\\aidin\\OneDrive\\Desktop\\University\\SWE\\pptx-revealjs-converter\\src\\ir\\validator.js": {"path":"C:\\Users\\aidin\\OneDrive\\Desktop\\University\\SWE\\pptx-revealjs-converter\\src\\ir\\validator.js","statementMap":{"0":{"start":{"line":13,"column":12},"end":{"line":13,"column":26}},"1":{"start":{"line":14,"column":15},"end":{"line":14,"column":34}},"2":{"start":{"line":16,"column":12},"end":{"line":16,"column":55}},"3":{"start":{"line":17,"column":19},"end":{"line":17,"column":38}},"4":{"start":{"line":35,"column":14},"end":{"line":35,"column":23}},"5":{"start":{"line":36,"column":2},"end":{"line":36,"column":33}},"6":{"start":{"line":36,"column":22},"end":{"line":36,"column":33}},"7":{"start":{"line":38,"column":2},"end":{"line":40,"column":3}},"8":{"start":{"line":39,"column":4},"end":{"line":39,"column":45}},"9":{"start":{"line":39,"column":27},"end":{"line":39,"column":45}},"10":{"start":{"line":41,"column":2},"end":{"line":43,"column":3}},"11":{"start":{"line":42,"column":4},"end":{"line":42,"column":45}},"12":{"start":{"line":42,"column":27},"end":{"line":42,"column":45}},"13":{"start":{"line":44,"column":2},"end":{"line":46,"column":3}},"14":{"start":{"line":45,"column":4},"end":{"line":45,"column":45}},"15":{"start":{"line":45,"column":27},"end":{"line":45,"column":45}},"16":{"start":{"line":48,"column":2},"end":{"line":48,"column":13}},"17":{"start":{"line":60,"column":17},"end":{"line":60,"column":19}},"18":{"start":{"line":61,"column":17},"end":{"line":61,"column":67}},"19":{"start":{"line":63,"column":2},"end":{"line":81,"column":3}},"20":{"start":{"line":63,"column":16},"end":{"line":63,"column":17}},"21":{"start":{"line":64,"column":18},"end":{"line":64,"column":28}},"22":{"start":{"line":65,"column":21},"end":{"line":65,"column":44}},"23":{"start":{"line":66,"column":23},"end":{"line":66,"column":62}},"24":{"start":{"line":67,"column":4},"end":{"line":67,"column":42}},"25":{"start":{"line":67,"column":33},"end":{"line":67,"column":42}},"26":{"start":{"line":69,"column":16},"end":{"line":69,"column":41}},"27":{"start":{"line":71,"column":4},"end":{"line":80,"column":5}},"28":{"start":{"line":71,"column":18},"end":{"line":71,"column":19}},"29":{"start":{"line":72,"column":19},"end":{"line":72,"column":33}},"30":{"start":{"line":73,"column":6},"end":{"line":73,"column":44}},"31":{"start":{"line":73,"column":35},"end":{"line":73,"column":44}},"32":{"start":{"line":74,"column":6},"end":{"line":79,"column":7}},"33":{"start":{"line":75,"column":8},"end":{"line":78,"column":11}},"34":{"start":{"line":83,"column":2},"end":{"line":83,"column":16}},"35":{"start":{"line":97,"column":22},"end":{"line":97,"column":37}},"36":{"start":{"line":98,"column":2},"end":{"line":100,"column":3}},"37":{"start":{"line":99,"column":4},"end":{"line":99,"column":55}},"38":{"start":{"line":102,"column":20},"end":{"line":102,"column":42}},"39":{"start":{"line":103,"column":2},"end":{"line":105,"column":3}},"40":{"start":{"line":104,"column":4},"end":{"line":104,"column":47}},"41":{"start":{"line":107,"column":2},"end":{"line":107,"column":39}},"42":{"start":{"line":110,"column":0},"end":{"line":110,"column":57}}},"fnMap":{"0":{"name":"collectSlideIds","decl":{"start":{"line":34,"column":9},"end":{"line":34,"column":24}},"loc":{"start":{"line":34,"column":40},"end":{"line":49,"column":1}},"line":34},"1":{"name":"validateTargetIds","decl":{"start":{"line":59,"column":9},"end":{"line":59,"column":26}},"loc":{"start":{"line":59,"column":32},"end":{"line":84,"column":1}},"line":59},"2":{"name":"validate","decl":{"start":{"line":96,"column":9},"end":{"line":96,"column":17}},"loc":{"start":{"line":96,"column":23},"end":{"line":108,"column":1}},"line":96}},"branchMap":{"0":{"loc":{"start":{"line":36,"column":2},"end":{"line":36,"column":33}},"type":"if","locations":[{"start":{"line":36,"column":2},"end":{"line":36,"column":33}},{"start":{},"end":{}}],"line":36},"1":{"loc":{"start":{"line":38,"column":23},"end":{"line":38,"column":47}},"type":"binary-expr","locations":[{"start":{"line":38,"column":23},"end":{"line":38,"column":41}},{"start":{"line":38,"column":45},"end":{"line":38,"column":47}}],"line":38},"2":{"loc":{"start":{"line":39,"column":4},"end":{"line":39,"column":45}},"type":"if","locations":[{"start":{"line":39,"column":4},"end":{"line":39,"column":45}},{"start":{},"end":{}}],"line":39},"3":{"loc":{"start":{"line":39,"column":8},"end":{"line":39,"column":25}},"type":"binary-expr","locations":[{"start":{"line":39,"column":8},"end":{"line":39,"column":13}},{"start":{"line":39,"column":17},"end":{"line":39,"column":25}}],"line":39},"4":{"loc":{"start":{"line":41,"column":23},"end":{"line":41,"column":49}},"type":"binary-expr","locations":[{"start":{"line":41,"column":23},"end":{"line":41,"column":43}},{"start":{"line":41,"column":47},"end":{"line":41,"column":49}}],"line":41},"5":{"loc":{"start":{"line":42,"column":4},"end":{"line":42,"column":45}},"type":"if","locations":[{"start":{"line":42,"column":4},"end":{"line":42,"column":45}},{"start":{},"end":{}}],"line":42},"6":{"loc":{"start":{"line":42,"column":8},"end":{"line":42,"column":25}},"type":"binary-expr","locations":[{"start":{"line":42,"column":8},"end":{"line":42,"column":13}},{"start":{"line":42,"column":17},"end":{"line":42,"column":25}}],"line":42},"7":{"loc":{"start":{"line":44,"column":23},"end":{"line":44,"column":48}},"type":"binary-expr","locations":[{"start":{"line":44,"column":23},"end":{"line":44,"column":42}},{"start":{"line":44,"column":46},"end":{"line":44,"column":48}}],"line":44},"8":{"loc":{"start":{"line":45,"column":4},"end":{"line":45,"column":45}},"type":"if","locations":[{"start":{"line":45,"column":4},"end":{"line":45,"column":45}},{"start":{},"end":{}}],"line":45},"9":{"loc":{"start":{"line":45,"column":8},"end":{"line":45,"column":25}},"type":"binary-expr","locations":[{"start":{"line":45,"column":8},"end":{"line":45,"column":13}},{"start":{"line":45,"column":17},"end":{"line":45,"column":25}}],"line":45},"10":{"loc":{"start":{"line":61,"column":17},"end":{"line":61,"column":67}},"type":"binary-expr","locations":[{"start":{"line":61,"column":18},"end":{"line":61,"column":21}},{"start":{"line":61,"column":25},"end":{"line":61,"column":37}},{"start":{"line":61,"column":41},"end":{"line":61,"column":60}},{"start":{"line":61,"column":65},"end":{"line":61,"column":67}}],"line":61},"11":{"loc":{"start":{"line":65,"column":21},"end":{"line":65,"column":44}},"type":"binary-expr","locations":[{"start":{"line":65,"column":21},"end":{"line":65,"column":26}},{"start":{"line":65,"column":30},"end":{"line":65,"column":44}}],"line":65},"12":{"loc":{"start":{"line":66,"column":23},"end":{"line":66,"column":62}},"type":"binary-expr","locations":[{"start":{"line":66,"column":24},"end":{"line":66,"column":32}},{"start":{"line":66,"column":36},"end":{"line":66,"column":55}},{"start":{"line":66,"column":60},"end":{"line":66,"column":62}}],"line":66},"13":{"loc":{"start":{"line":67,"column":4},"end":{"line":67,"column":42}},"type":"if","locations":[{"start":{"line":67,"column":4},"end":{"line":67,"column":42}},{"start":{},"end":{}}],"line":67},"14":{"loc":{"start":{"line":73,"column":6},"end":{"line":73,"column":44}},"type":"if","locations":[{"start":{"line":73,"column":6},"end":{"line":73,"column":44}},{"start":{},"end":{}}],"line":73},"15":{"loc":{"start":{"line":73,"column":10},"end":{"line":73,"column":33}},"type":"binary-expr","locations":[{"start":{"line":73,"column":10},"end":{"line":73,"column":15}},{"start":{"line":73,"column":19},"end":{"line":73,"column":33}}],"line":73},"16":{"loc":{"start":{"line":74,"column":6},"end":{"line":79,"column":7}},"type":"if","locations":[{"start":{"line":74,"column":6},"end":{"line":79,"column":7}},{"start":{},"end":{}}],"line":74},"17":{"loc":{"start":{"line":76,"column":33},"end":{"line":76,"column":46}},"type":"binary-expr","locations":[{"start":{"line":76,"column":33},"end":{"line":76,"column":40}},{"start":{"line":76,"column":44},"end":{"line":76,"column":46}}],"line":76},"18":{"loc":{"start":{"line":98,"column":2},"end":{"line":100,"column":3}},"type":"if","locations":[{"start":{"line":98,"column":2},"end":{"line":100,"column":3}},{"start":{},"end":{}}],"line":98},"19":{"loc":{"start":{"line":103,"column":2},"end":{"line":105,"column":3}},"type":"if","locations":[{"start":{"line":103,"column":2},"end":{"line":105,"column":3}},{"start":{},"end":{}}],"line":103}},"s":{"0":1,"1":1,"2":1,"3":1,"4":9,"5":9,"6":0,"7":9,"8":0,"9":0,"10":9,"11":27,"12":27,"13":9,"14":0,"15":0,"16":9,"17":9,"18":9,"19":9,"20":9,"21":9,"22":9,"23":9,"24":9,"25":0,"26":9,"27":9,"28":9,"29":18,"30":18,"31":0,"32":18,"33":2,"34":9,"35":21,"36":21,"37":14,"38":7,"39":7,"40":1,"41":6,"42":1},"f":{"0":9,"1":9,"2":21},"b":{"0":[0,9],"1":[9,0],"2":[0,0],"3":[0,0],"4":[9,0],"5":[27,0],"6":[27,27],"7":[9,0],"8":[0,0],"9":[0,0],"10":[9,9,9,0],"11":[9,9],"12":[9,9,0],"13":[0,9],"14":[0,18],"15":[18,18],"16":[2,16],"17":[2,0],"18":[14,7],"19":[1,6]},"_coverageSchema":"1a1c01bbd47fc00a2c39e90264f33305004495a9","hash":"f115f0a4a13a5ca848b8cb0876b602c2f7b74f11"}
,"C:\\Users\\aidin\\OneDrive\\Desktop\\University\\SWE\\pptx-revealjs-converter\\src\\parser\\pptx\\anim.js": {"path":"C:\\Users\\aidin\\OneDrive\\Desktop\\University\\SWE\\pptx-revealjs-converter\\src\\parser\\pptx\\anim.js","statementMap":{"0":{"start":{"line":35,"column":20},"end":{"line":35,"column":36}},"1":{"start":{"line":42,"column":25},"end":{"line":47,"column":1}},"2":{"start":{"line":56,"column":22},"end":{"line":71,"column":1}},"3":{"start":{"line":77,"column":29},"end":{"line":83,"column":1}},"4":{"start":{"line":94,"column":20},"end":{"line":94,"column":38}},"5":{"start":{"line":95,"column":2},"end":{"line":95,"column":27}},"6":{"start":{"line":95,"column":18},"end":{"line":95,"column":27}},"7":{"start":{"line":96,"column":2},"end":{"line":102,"column":3}},"8":{"start":{"line":97,"column":18},"end":{"line":97,"column":33}},"9":{"start":{"line":98,"column":4},"end":{"line":101,"column":5}},"10":{"start":{"line":99,"column":17},"end":{"line":99,"column":30}},"11":{"start":{"line":100,"column":6},"end":{"line":100,"column":39}},"12":{"start":{"line":100,"column":29},"end":{"line":100,"column":39}},"13":{"start":{"line":103,"column":2},"end":{"line":103,"column":11}},"14":{"start":{"line":111,"column":14},"end":{"line":111,"column":26}},"15":{"start":{"line":112,"column":2},"end":{"line":112,"column":45}},"16":{"start":{"line":112,"column":36},"end":{"line":112,"column":45}},"17":{"start":{"line":113,"column":13},"end":{"line":113,"column":24}},"18":{"start":{"line":114,"column":2},"end":{"line":114,"column":35}},"19":{"start":{"line":130,"column":20},"end":{"line":130,"column":39}},"20":{"start":{"line":131,"column":2},"end":{"line":131,"column":30}},"21":{"start":{"line":131,"column":18},"end":{"line":131,"column":30}},"22":{"start":{"line":134,"column":24},"end":{"line":137,"column":3}},"23":{"start":{"line":139,"column":2},"end":{"line":150,"column":3}},"24":{"start":{"line":140,"column":4},"end":{"line":149,"column":5}},"25":{"start":{"line":141,"column":20},"end":{"line":143,"column":75}},"26":{"start":{"line":144,"column":6},"end":{"line":144,"column":27}},"27":{"start":{"line":144,"column":18},"end":{"line":144,"column":27}},"28":{"start":{"line":145,"column":20},"end":{"line":145,"column":36}},"29":{"start":{"line":146,"column":6},"end":{"line":148,"column":7}},"30":{"start":{"line":147,"column":8},"end":{"line":147,"column":39}},"31":{"start":{"line":153,"column":2},"end":{"line":158,"column":3}},"32":{"start":{"line":154,"column":21},"end":{"line":154,"column":33}},"33":{"start":{"line":155,"column":4},"end":{"line":155,"column":28}},"34":{"start":{"line":155,"column":19},"end":{"line":155,"column":28}},"35":{"start":{"line":156,"column":17},"end":{"line":156,"column":41}},"36":{"start":{"line":157,"column":4},"end":{"line":157,"column":26}},"37":{"start":{"line":157,"column":14},"end":{"line":157,"column":26}},"38":{"start":{"line":160,"column":2},"end":{"line":160,"column":14}},"39":{"start":{"line":179,"column":22},"end":{"line":179,"column":42}},"40":{"start":{"line":180,"column":22},"end":{"line":180,"column":39}},"41":{"start":{"line":182,"column":22},"end":{"line":182,"column":82}},"42":{"start":{"line":183,"column":23},"end":{"line":183,"column":90}},"43":{"start":{"line":185,"column":21},"end":{"line":185,"column":40}},"44":{"start":{"line":186,"column":21},"end":{"line":186,"column":66}},"45":{"start":{"line":188,"column":21},"end":{"line":188,"column":38}},"46":{"start":{"line":189,"column":21},"end":{"line":189,"column":41}},"47":{"start":{"line":191,"column":20},"end":{"line":191,"column":65}},"48":{"start":{"line":193,"column":2},"end":{"line":200,"column":3}},"49":{"start":{"line":194,"column":16},"end":{"line":198,"column":67}},"50":{"start":{"line":199,"column":4},"end":{"line":199,"column":79}},"51":{"start":{"line":202,"column":2},"end":{"line":216,"column":4}},"52":{"start":{"line":232,"column":18},"end":{"line":232,"column":20}},"53":{"start":{"line":233,"column":21},"end":{"line":233,"column":45}},"54":{"start":{"line":234,"column":2},"end":{"line":234,"column":34}},"55":{"start":{"line":234,"column":19},"end":{"line":234,"column":34}},"56":{"start":{"line":236,"column":2},"end":{"line":247,"column":3}},"57":{"start":{"line":237,"column":16},"end":{"line":237,"column":28}},"58":{"start":{"line":238,"column":4},"end":{"line":238,"column":23}},"59":{"start":{"line":238,"column":14},"end":{"line":238,"column":23}},"60":{"start":{"line":240,"column":21},"end":{"line":240,"column":38}},"61":{"start":{"line":241,"column":21},"end":{"line":241,"column":64}},"62":{"start":{"line":243,"column":17},"end":{"line":243,"column":90}},"63":{"start":{"line":244,"column":4},"end":{"line":244,"column":23}},"64":{"start":{"line":245,"column":4},"end":{"line":245,"column":25}},"65":{"start":{"line":246,"column":4},"end":{"line":246,"column":20}},"66":{"start":{"line":249,"column":2},"end":{"line":249,"column":17}},"67":{"start":{"line":268,"column":12},"end":{"line":268,"column":26}},"68":{"start":{"line":270,"column":17},"end":{"line":270,"column":39}},"69":{"start":{"line":271,"column":2},"end":{"line":271,"column":54}},"70":{"start":{"line":271,"column":15},"end":{"line":271,"column":54}},"71":{"start":{"line":275,"column":16},"end":{"line":275,"column":33}},"72":{"start":{"line":276,"column":2},"end":{"line":276,"column":53}},"73":{"start":{"line":276,"column":14},"end":{"line":276,"column":53}},"74":{"start":{"line":278,"column":19},"end":{"line":278,"column":33}},"75":{"start":{"line":279,"column":19},"end":{"line":279,"column":46}},"76":{"start":{"line":280,"column":2},"end":{"line":280,"column":55}},"77":{"start":{"line":280,"column":16},"end":{"line":280,"column":55}},"78":{"start":{"line":282,"column":20},"end":{"line":282,"column":43}},"79":{"start":{"line":283,"column":2},"end":{"line":283,"column":57}},"80":{"start":{"line":283,"column":18},"end":{"line":283,"column":57}},"81":{"start":{"line":286,"column":19},"end":{"line":286,"column":46}},"82":{"start":{"line":287,"column":19},"end":{"line":287,"column":23}},"83":{"start":{"line":288,"column":2},"end":{"line":294,"column":3}},"84":{"start":{"line":289,"column":16},"end":{"line":289,"column":28}},"85":{"start":{"line":290,"column":4},"end":{"line":293,"column":5}},"86":{"start":{"line":291,"column":6},"end":{"line":291,"column":23}},"87":{"start":{"line":292,"column":6},"end":{"line":292,"column":12}},"88":{"start":{"line":296,"column":2},"end":{"line":298,"column":3}},"89":{"start":{"line":297,"column":4},"end":{"line":297,"column":38}},"90":{"start":{"line":299,"column":2},"end":{"line":299,"column":58}},"91":{"start":{"line":299,"column":19},"end":{"line":299,"column":58}},"92":{"start":{"line":301,"column":23},"end":{"line":301,"column":49}},"93":{"start":{"line":302,"column":2},"end":{"line":302,"column":60}},"94":{"start":{"line":302,"column":21},"end":{"line":302,"column":60}},"95":{"start":{"line":304,"column":21},"end":{"line":304,"column":23}},"96":{"start":{"line":305,"column":23},"end":{"line":305,"column":35}},"97":{"start":{"line":306,"column":22},"end":{"line":306,"column":34}},"98":{"start":{"line":308,"column":2},"end":{"line":314,"column":3}},"99":{"start":{"line":309,"column":21},"end":{"line":309,"column":38}},"100":{"start":{"line":310,"column":4},"end":{"line":310,"column":28}},"101":{"start":{"line":310,"column":19},"end":{"line":310,"column":28}},"102":{"start":{"line":312,"column":18},"end":{"line":312,"column":68}},"103":{"start":{"line":313,"column":4},"end":{"line":313,"column":30}},"104":{"start":{"line":316,"column":2},"end":{"line":316,"column":37}},"105":{"start":{"line":319,"column":0},"end":{"line":319,"column":37}}},"fnMap":{"0":{"name":"extractDelay","decl":{"start":{"line":93,"column":9},"end":{"line":93,"column":21}},"loc":{"start":{"line":93,"column":27},"end":{"line":104,"column":1}},"line":93},"1":{"name":"extractDuration","decl":{"start":{"line":110,"column":9},"end":{"line":110,"column":24}},"loc":{"start":{"line":110,"column":30},"end":{"line":115,"column":1}},"line":110},"2":{"name":"findTargetSpid","decl":{"start":{"line":128,"column":9},"end":{"line":128,"column":23}},"loc":{"start":{"line":128,"column":29},"end":{"line":161,"column":1}},"line":128},"3":{"name":"parseEffectCTn","decl":{"start":{"line":178,"column":9},"end":{"line":178,"column":23}},"loc":{"start":{"line":178,"column":64},"end":{"line":217,"column":1}},"line":178},"4":{"name":"walkClickGroup","decl":{"start":{"line":231,"column":9},"end":{"line":231,"column":23}},"loc":{"start":{"line":231,"column":67},"end":{"line":250,"column":1}},"line":231},"5":{"name":"parseAnimations","decl":{"start":{"line":267,"column":9},"end":{"line":267,"column":24}},"loc":{"start":{"line":267,"column":40},"end":{"line":317,"column":1}},"line":267}},"branchMap":{"0":{"loc":{"start":{"line":95,"column":2},"end":{"line":95,"column":27}},"type":"if","locations":[{"start":{"line":95,"column":2},"end":{"line":95,"column":27}},{"start":{},"end":{}}],"line":95},"1":{"loc":{"start":{"line":98,"column":4},"end":{"line":101,"column":5}},"type":"if","locations":[{"start":{"line":98,"column":4},"end":{"line":101,"column":5}},{"start":{},"end":{}}],"line":98},"2":{"loc":{"start":{"line":98,"column":8},"end":{"line":98,"column":47}},"type":"binary-expr","locations":[{"start":{"line":98,"column":8},"end":{"line":98,"column":21}},{"start":{"line":98,"column":25},"end":{"line":98,"column":47}}],"line":98},"3":{"loc":{"start":{"line":100,"column":6},"end":{"line":100,"column":39}},"type":"if","locations":[{"start":{"line":100,"column":6},"end":{"line":100,"column":39}},{"start":{},"end":{}}],"line":100},"4":{"loc":{"start":{"line":112,"column":2},"end":{"line":112,"column":45}},"type":"if","locations":[{"start":{"line":112,"column":2},"end":{"line":112,"column":45}},{"start":{},"end":{}}],"line":112},"5":{"loc":{"start":{"line":112,"column":6},"end":{"line":112,"column":34}},"type":"binary-expr","locations":[{"start":{"line":112,"column":6},"end":{"line":112,"column":10}},{"start":{"line":112,"column":14},"end":{"line":112,"column":34}}],"line":112},"6":{"loc":{"start":{"line":114,"column":9},"end":{"line":114,"column":34}},"type":"cond-expr","locations":[{"start":{"line":114,"column":28},"end":{"line":114,"column":29}},{"start":{"line":114,"column":32},"end":{"line":114,"column":34}}],"line":114},"7":{"loc":{"start":{"line":131,"column":2},"end":{"line":131,"column":30}},"type":"if","locations":[{"start":{"line":131,"column":2},"end":{"line":131,"column":30}},{"start":{},"end":{}}],"line":131},"8":{"loc":{"start":{"line":141,"column":20},"end":{"line":143,"column":75}},"type":"cond-expr","locations":[{"start":{"line":142,"column":10},"end":{"line":142,"column":37}},{"start":{"line":143,"column":11},"end":{"line":143,"column":74}}],"line":141},"9":{"loc":{"start":{"line":143,"column":11},"end":{"line":143,"column":74}},"type":"cond-expr","locations":[{"start":{"line":143,"column":35},"end":{"line":143,"column":67}},{"start":{"line":143,"column":70},"end":{"line":143,"column":74}}],"line":143},"10":{"loc":{"start":{"line":144,"column":6},"end":{"line":144,"column":27}},"type":"if","locations":[{"start":{"line":144,"column":6},"end":{"line":144,"column":27}},{"start":{},"end":{}}],"line":144},"11":{"loc":{"start":{"line":146,"column":6},"end":{"line":148,"column":7}},"type":"if","locations":[{"start":{"line":146,"column":6},"end":{"line":148,"column":7}},{"start":{},"end":{}}],"line":146},"12":{"loc":{"start":{"line":146,"column":10},"end":{"line":146,"column":42}},"type":"binary-expr","locations":[{"start":{"line":146,"column":10},"end":{"line":146,"column":15}},{"start":{"line":146,"column":19},"end":{"line":146,"column":42}}],"line":146},"13":{"loc":{"start":{"line":155,"column":4},"end":{"line":155,"column":28}},"type":"if","locations":[{"start":{"line":155,"column":4},"end":{"line":155,"column":28}},{"start":{},"end":{}}],"line":155},"14":{"loc":{"start":{"line":157,"column":4},"end":{"line":157,"column":26}},"type":"if","locations":[{"start":{"line":157,"column":4},"end":{"line":157,"column":26}},{"start":{},"end":{}}],"line":157},"15":{"loc":{"start":{"line":182,"column":22},"end":{"line":182,"column":82}},"type":"cond-expr","locations":[{"start":{"line":182,"column":37},"end":{"line":182,"column":74}},{"start":{"line":182,"column":78},"end":{"line":182,"column":82}}],"line":182},"16":{"loc":{"start":{"line":182,"column":37},"end":{"line":182,"column":74}},"type":"binary-expr","locations":[{"start":{"line":182,"column":37},"end":{"line":182,"column":66}},{"start":{"line":182,"column":70},"end":{"line":182,"column":74}}],"line":182},"17":{"loc":{"start":{"line":183,"column":23},"end":{"line":183,"column":90}},"type":"cond-expr","locations":[{"start":{"line":183,"column":43},"end":{"line":183,"column":82}},{"start":{"line":183,"column":86},"end":{"line":183,"column":90}}],"line":183},"18":{"loc":{"start":{"line":183,"column":43},"end":{"line":183,"column":82}},"type":"binary-expr","locations":[{"start":{"line":183,"column":43},"end":{"line":183,"column":74}},{"start":{"line":183,"column":78},"end":{"line":183,"column":82}}],"line":183},"19":{"loc":{"start":{"line":186,"column":21},"end":{"line":186,"column":66}},"type":"cond-expr","locations":[{"start":{"line":186,"column":34},"end":{"line":186,"column":54}},{"start":{"line":186,"column":57},"end":{"line":186,"column":66}}],"line":186},"20":{"loc":{"start":{"line":191,"column":23},"end":{"line":191,"column":64}},"type":"binary-expr","locations":[{"start":{"line":191,"column":23},"end":{"line":191,"column":34}},{"start":{"line":191,"column":38},"end":{"line":191,"column":50}},{"start":{"line":191,"column":54},"end":{"line":191,"column":64}}],"line":191},"21":{"loc":{"start":{"line":193,"column":2},"end":{"line":200,"column":3}},"type":"if","locations":[{"start":{"line":193,"column":2},"end":{"line":200,"column":3}},{"start":{},"end":{}}],"line":193},"22":{"loc":{"start":{"line":194,"column":16},"end":{"line":198,"column":67}},"type":"cond-expr","locations":[{"start":{"line":195,"column":8},"end":{"line":195,"column":33}},{"start":{"line":196,"column":8},"end":{"line":198,"column":67}}],"line":194},"23":{"loc":{"start":{"line":196,"column":8},"end":{"line":198,"column":67}},"type":"cond-expr","locations":[{"start":{"line":197,"column":10},"end":{"line":197,"column":48}},{"start":{"line":198,"column":10},"end":{"line":198,"column":67}}],"line":196},"24":{"loc":{"start":{"line":208,"column":14},"end":{"line":208,"column":40}},"type":"binary-expr","locations":[{"start":{"line":208,"column":14},"end":{"line":208,"column":25}},{"start":{"line":208,"column":30},"end":{"line":208,"column":40}}],"line":208},"25":{"loc":{"start":{"line":209,"column":14},"end":{"line":209,"column":60}},"type":"binary-expr","locations":[{"start":{"line":209,"column":14},"end":{"line":209,"column":26}},{"start":{"line":209,"column":30},"end":{"line":209,"column":60}}],"line":209},"26":{"loc":{"start":{"line":209,"column":41},"end":{"line":209,"column":58}},"type":"binary-expr","locations":[{"start":{"line":209,"column":41},"end":{"line":209,"column":49}},{"start":{"line":209,"column":53},"end":{"line":209,"column":58}}],"line":209},"27":{"loc":{"start":{"line":234,"column":2},"end":{"line":234,"column":34}},"type":"if","locations":[{"start":{"line":234,"column":2},"end":{"line":234,"column":34}},{"start":{},"end":{}}],"line":234},"28":{"loc":{"start":{"line":238,"column":4},"end":{"line":238,"column":23}},"type":"if","locations":[{"start":{"line":238,"column":4},"end":{"line":238,"column":23}},{"start":{},"end":{}}],"line":238},"29":{"loc":{"start":{"line":241,"column":21},"end":{"line":241,"column":64}},"type":"binary-expr","locations":[{"start":{"line":241,"column":21},"end":{"line":241,"column":51}},{"start":{"line":241,"column":55},"end":{"line":241,"column":64}}],"line":241},"30":{"loc":{"start":{"line":268,"column":12},"end":{"line":268,"column":26}},"type":"binary-expr","locations":[{"start":{"line":268,"column":12},"end":{"line":268,"column":20}},{"start":{"line":268,"column":24},"end":{"line":268,"column":26}}],"line":268},"31":{"loc":{"start":{"line":270,"column":17},"end":{"line":270,"column":39}},"type":"binary-expr","locations":[{"start":{"line":270,"column":17},"end":{"line":270,"column":20}},{"start":{"line":270,"column":24},"end":{"line":270,"column":39}}],"line":270},"32":{"loc":{"start":{"line":271,"column":2},"end":{"line":271,"column":54}},"type":"if","locations":[{"start":{"line":271,"column":2},"end":{"line":271,"column":54}},{"start":{},"end":{}}],"line":271},"33":{"loc":{"start":{"line":276,"column":2},"end":{"line":276,"column":53}},"type":"if","locations":[{"start":{"line":276,"column":2},"end":{"line":276,"column":53}},{"start":{},"end":{}}],"line":276},"34":{"loc":{"start":{"line":279,"column":19},"end":{"line":279,"column":46}},"type":"binary-expr","locations":[{"start":{"line":279,"column":19},"end":{"line":279,"column":26}},{"start":{"line":279,"column":30},"end":{"line":279,"column":46}}],"line":279},"35":{"loc":{"start":{"line":280,"column":2},"end":{"line":280,"column":55}},"type":"if","locations":[{"start":{"line":280,"column":2},"end":{"line":280,"column":55}},{"start":{},"end":{}}],"line":280},"36":{"loc":{"start":{"line":283,"column":2},"end":{"line":283,"column":57}},"type":"if","locations":[{"start":{"line":283,"column":2},"end":{"line":283,"column":57}},{"start":{},"end":{}}],"line":283},"37":{"loc":{"start":{"line":290,"column":4},"end":{"line":293,"column":5}},"type":"if","locations":[{"start":{"line":290,"column":4},"end":{"line":293,"column":5}},{"start":{},"end":{}}],"line":290},"38":{"loc":{"start":{"line":290,"column":8},"end":{"line":290,"column":46}},"type":"binary-expr","locations":[{"start":{"line":290,"column":8},"end":{"line":290,"column":11}},{"start":{"line":290,"column":15},"end":{"line":290,"column":46}}],"line":290},"39":{"loc":{"start":{"line":296,"column":2},"end":{"line":298,"column":3}},"type":"if","locations":[{"start":{"line":296,"column":2},"end":{"line":298,"column":3}},{"start":{},"end":{}}],"line":296},"40":{"loc":{"start":{"line":296,"column":6},"end":{"line":296,"column":40}},"type":"binary-expr","locations":[{"start":{"line":296,"column":6},"end":{"line":296,"column":17}},{"start":{"line":296,"column":21},"end":{"line":296,"column":40}}],"line":296},"41":{"loc":{"start":{"line":299,"column":2},"end":{"line":299,"column":58}},"type":"if","locations":[{"start":{"line":299,"column":2},"end":{"line":299,"column":58}},{"start":{},"end":{}}],"line":299},"42":{"loc":{"start":{"line":302,"column":2},"end":{"line":302,"column":60}},"type":"if","locations":[{"start":{"line":302,"column":2},"end":{"line":302,"column":60}},{"start":{},"end":{}}],"line":302},"43":{"loc":{"start":{"line":310,"column":4},"end":{"line":310,"column":28}},"type":"if","locations":[{"start":{"line":310,"column":4},"end":{"line":310,"column":28}},{"start":{},"end":{}}],"line":310}},"s":{"0":1,"1":1,"2":1,"3":1,"4":12,"5":12,"6":0,"7":12,"8":12,"9":12,"10":12,"11":12,"12":12,"13":0,"14":12,"15":12,"16":0,"17":12,"18":12,"19":12,"20":12,"21":0,"22":12,"23":12,"24":32,"25":12,"26":12,"27":0,"28":12,"29":12,"30":11,"31":1,"32":0,"33":0,"34":0,"35":0,"36":0,"37":0,"38":1,"39":12,"40":12,"41":12,"42":12,"43":12,"44":12,"45":12,"46":12,"47":12,"48":12,"49":4,"50":4,"51":12,"52":12,"53":12,"54":12,"55":0,"56":12,"57":12,"58":12,"59":0,"60":12,"61":12,"62":12,"63":12,"64":12,"65":12,"66":12,"67":15,"68":15,"69":15,"70":2,"71":13,"72":13,"73":1,"74":12,"75":12,"76":12,"77":0,"78":12,"79":12,"80":0,"81":12,"82":12,"83":12,"84":12,"85":12,"86":12,"87":12,"88":12,"89":0,"90":12,"91":0,"92":12,"93":12,"94":0,"95":12,"96":12,"97":12,"98":12,"99":12,"100":12,"101":0,"102":12,"103":12,"104":12,"105":1},"f":{"0":12,"1":12,"2":12,"3":12,"4":12,"5":15},"b":{"0":[0,12],"1":[12,0],"2":[12,12],"3":[12,0],"4":[0,12],"5":[12,12],"6":[0,12],"7":[0,12],"8":[12,0],"9":[0,0],"10":[0,12],"11":[11,1],"12":[12,11],"13":[0,0],"14":[0,0],"15":[12,0],"16":[12,2],"17":[12,0],"18":[12,2],"19":[11,1],"20":[12,10,9],"21":[4,8],"22":[1,3],"23":[2,1],"24":[12,2],"25":[12,2],"26":[2,0],"27":[0,12],"28":[0,12],"29":[12,0],"30":[15,14],"31":[15,14],"32":[2,13],"33":[1,12],"34":[12,12],"35":[0,12],"36":[0,12],"37":[12,0],"38":[12,12],"39":[0,12],"40":[12,0],"41":[0,12],"42":[0,12],"43":[0,12]},"_coverageSchema":"1a1c01bbd47fc00a2c39e90264f33305004495a9","hash":"8f12f2486002d522dd0b48c2fadcc6ace055a06d"}
,"C:\\Users\\aidin\\OneDrive\\Desktop\\University\\SWE\\pptx-revealjs-converter\\src\\parser\\pptx\\shapes.js": {"path":"C:\\Users\\aidin\\OneDrive\\Desktop\\University\\SWE\\pptx-revealjs-converter\\src\\parser\\pptx\\shapes.js","statementMap":{"0":{"start":{"line":23,"column":20},"end":{"line":23,"column":36}},"1":{"start":{"line":24,"column":29},"end":{"line":24,"column":46}},"2":{"start":{"line":32,"column":23},"end":{"line":98,"column":1}},"3":{"start":{"line":106,"column":22},"end":{"line":123,"column":1}},"4":{"start":{"line":137,"column":15},"end":{"line":137,"column":37}},"5":{"start":{"line":138,"column":15},"end":{"line":138,"column":44}},"6":{"start":{"line":139,"column":15},"end":{"line":139,"column":44}},"7":{"start":{"line":141,"column":12},"end":{"line":141,"column":35}},"8":{"start":{"line":142,"column":12},"end":{"line":142,"column":35}},"9":{"start":{"line":143,"column":12},"end":{"line":143,"column":36}},"10":{"start":{"line":144,"column":12},"end":{"line":144,"column":36}},"11":{"start":{"line":148,"column":19},"end":{"line":150,"column":7}},"12":{"start":{"line":152,"column":16},"end":{"line":152,"column":84}},"13":{"start":{"line":153,"column":16},"end":{"line":153,"column":84}},"14":{"start":{"line":155,"column":2},"end":{"line":155,"column":62}},"15":{"start":{"line":173,"column":2},"end":{"line":173,"column":25}},"16":{"start":{"line":173,"column":13},"end":{"line":173,"column":25}},"17":{"start":{"line":175,"column":15},"end":{"line":175,"column":32}},"18":{"start":{"line":176,"column":2},"end":{"line":178,"column":3}},"19":{"start":{"line":177,"column":4},"end":{"line":177,"column":71}},"20":{"start":{"line":180,"column":14},"end":{"line":180,"column":30}},"21":{"start":{"line":181,"column":2},"end":{"line":183,"column":3}},"22":{"start":{"line":182,"column":4},"end":{"line":182,"column":74}},"23":{"start":{"line":185,"column":17},"end":{"line":185,"column":36}},"24":{"start":{"line":186,"column":2},"end":{"line":192,"column":3}},"25":{"start":{"line":187,"column":16},"end":{"line":187,"column":39}},"26":{"start":{"line":188,"column":16},"end":{"line":188,"column":34}},"27":{"start":{"line":189,"column":4},"end":{"line":189,"column":44}},"28":{"start":{"line":189,"column":13},"end":{"line":189,"column":44}},"29":{"start":{"line":191,"column":4},"end":{"line":191,"column":44}},"30":{"start":{"line":194,"column":2},"end":{"line":194,"column":14}},"31":{"start":{"line":210,"column":2},"end":{"line":210,"column":37}},"32":{"start":{"line":210,"column":13},"end":{"line":210,"column":37}},"33":{"start":{"line":212,"column":2},"end":{"line":212,"column":48}},"34":{"start":{"line":212,"column":24},"end":{"line":212,"column":48}},"35":{"start":{"line":214,"column":20},"end":{"line":214,"column":39}},"36":{"start":{"line":215,"column":2},"end":{"line":219,"column":3}},"37":{"start":{"line":216,"column":18},"end":{"line":216,"column":45}},"38":{"start":{"line":217,"column":4},"end":{"line":217,"column":47}},"39":{"start":{"line":217,"column":15},"end":{"line":217,"column":47}},"40":{"start":{"line":218,"column":4},"end":{"line":218,"column":28}},"41":{"start":{"line":222,"column":2},"end":{"line":222,"column":26}},"42":{"start":{"line":235,"column":2},"end":{"line":235,"column":37}},"43":{"start":{"line":235,"column":13},"end":{"line":235,"column":37}},"44":{"start":{"line":237,"column":13},"end":{"line":237,"column":25}},"45":{"start":{"line":238,"column":2},"end":{"line":238,"column":35}},"46":{"start":{"line":238,"column":11},"end":{"line":238,"column":35}},"47":{"start":{"line":239,"column":2},"end":{"line":239,"column":46}},"48":{"start":{"line":239,"column":22},"end":{"line":239,"column":46}},"49":{"start":{"line":241,"column":20},"end":{"line":241,"column":37}},"50":{"start":{"line":242,"column":2},"end":{"line":248,"column":3}},"51":{"start":{"line":243,"column":18},"end":{"line":243,"column":45}},"52":{"start":{"line":244,"column":4},"end":{"line":247,"column":5}},"53":{"start":{"line":245,"column":23},"end":{"line":245,"column":79}},"54":{"start":{"line":246,"column":6},"end":{"line":246,"column":48}},"55":{"start":{"line":250,"column":2},"end":{"line":250,"column":26}},"56":{"start":{"line":262,"column":2},"end":{"line":262,"column":34}},"57":{"start":{"line":262,"column":17},"end":{"line":262,"column":34}},"58":{"start":{"line":263,"column":16},"end":{"line":263,"column":35}},"59":{"start":{"line":264,"column":2},"end":{"line":264,"column":31}},"60":{"start":{"line":264,"column":14},"end":{"line":264,"column":31}},"61":{"start":{"line":266,"column":17},"end":{"line":266,"column":19}},"62":{"start":{"line":267,"column":2},"end":{"line":274,"column":3}},"63":{"start":{"line":268,"column":18},"end":{"line":268,"column":30}},"64":{"start":{"line":269,"column":18},"end":{"line":269,"column":30}},"65":{"start":{"line":270,"column":4},"end":{"line":270,"column":33}},"66":{"start":{"line":270,"column":24},"end":{"line":270,"column":33}},"67":{"start":{"line":272,"column":18},"end":{"line":272,"column":55}},"68":{"start":{"line":273,"column":4},"end":{"line":273,"column":47}},"69":{"start":{"line":273,"column":15},"end":{"line":273,"column":47}},"70":{"start":{"line":276,"column":2},"end":{"line":276,"column":61}},"71":{"start":{"line":289,"column":16},"end":{"line":289,"column":52}},"72":{"start":{"line":290,"column":2},"end":{"line":290,"column":26}},"73":{"start":{"line":290,"column":14},"end":{"line":290,"column":26}},"74":{"start":{"line":292,"column":15},"end":{"line":292,"column":61}},"75":{"start":{"line":293,"column":2},"end":{"line":293,"column":14}},"76":{"start":{"line":306,"column":2},"end":{"line":306,"column":25}},"77":{"start":{"line":306,"column":13},"end":{"line":306,"column":25}},"78":{"start":{"line":307,"column":2},"end":{"line":307,"column":38}},"79":{"start":{"line":326,"column":17},"end":{"line":326,"column":32}},"80":{"start":{"line":327,"column":13},"end":{"line":327,"column":67}},"81":{"start":{"line":328,"column":2},"end":{"line":328,"column":22}},"82":{"start":{"line":328,"column":10},"end":{"line":328,"column":22}},"83":{"start":{"line":330,"column":18},"end":{"line":330,"column":37}},"84":{"start":{"line":331,"column":19},"end":{"line":331,"column":37}},"85":{"start":{"line":332,"column":19},"end":{"line":332,"column":55}},"86":{"start":{"line":334,"column":47},"end":{"line":334,"column":64}},"87":{"start":{"line":335,"column":17},"end":{"line":335,"column":34}},"88":{"start":{"line":336,"column":17},"end":{"line":336,"column":36}},"89":{"start":{"line":338,"column":17},"end":{"line":338,"column":32}},"90":{"start":{"line":340,"column":2},"end":{"line":346,"column":3}},"91":{"start":{"line":341,"column":4},"end":{"line":341,"column":18}},"92":{"start":{"line":343,"column":4},"end":{"line":343,"column":21}},"93":{"start":{"line":344,"column":18},"end":{"line":344,"column":43}},"94":{"start":{"line":345,"column":4},"end":{"line":345,"column":61}},"95":{"start":{"line":348,"column":16},"end":{"line":358,"column":3}},"96":{"start":{"line":360,"column":14},"end":{"line":360,"column":42}},"97":{"start":{"line":361,"column":2},"end":{"line":361,"column":35}},"98":{"start":{"line":361,"column":11},"end":{"line":361,"column":35}},"99":{"start":{"line":366,"column":2},"end":{"line":368,"column":3}},"100":{"start":{"line":367,"column":4},"end":{"line":367,"column":22}},"101":{"start":{"line":370,"column":15},"end":{"line":370,"column":54}},"102":{"start":{"line":371,"column":2},"end":{"line":371,"column":30}},"103":{"start":{"line":371,"column":12},"end":{"line":371,"column":30}},"104":{"start":{"line":373,"column":2},"end":{"line":373,"column":15}},"105":{"start":{"line":385,"column":15},"end":{"line":385,"column":37}},"106":{"start":{"line":387,"column":47},"end":{"line":387,"column":64}},"107":{"start":{"line":388,"column":17},"end":{"line":388,"column":34}},"108":{"start":{"line":389,"column":17},"end":{"line":389,"column":36}},"109":{"start":{"line":391,"column":19},"end":{"line":391,"column":37}},"110":{"start":{"line":392,"column":19},"end":{"line":392,"column":55}},"111":{"start":{"line":397,"column":17},"end":{"line":399,"column":17}},"112":{"start":{"line":401,"column":2},"end":{"line":403,"column":3}},"113":{"start":{"line":402,"column":4},"end":{"line":402,"column":66}},"114":{"start":{"line":405,"column":16},"end":{"line":416,"column":3}},"115":{"start":{"line":418,"column":14},"end":{"line":418,"column":42}},"116":{"start":{"line":419,"column":2},"end":{"line":419,"column":35}},"117":{"start":{"line":419,"column":11},"end":{"line":419,"column":35}},"118":{"start":{"line":421,"column":2},"end":{"line":421,"column":15}},"119":{"start":{"line":441,"column":2},"end":{"line":441,"column":25}},"120":{"start":{"line":441,"column":15},"end":{"line":441,"column":25}},"121":{"start":{"line":443,"column":18},"end":{"line":443,"column":20}},"122":{"start":{"line":444,"column":18},"end":{"line":444,"column":19}},"123":{"start":{"line":445,"column":18},"end":{"line":445,"column":19}},"124":{"start":{"line":447,"column":2},"end":{"line":453,"column":3}},"125":{"start":{"line":448,"column":18},"end":{"line":448,"column":57}},"126":{"start":{"line":449,"column":4},"end":{"line":452,"column":5}},"127":{"start":{"line":450,"column":6},"end":{"line":450,"column":25}},"128":{"start":{"line":451,"column":6},"end":{"line":451,"column":14}},"129":{"start":{"line":455,"column":2},"end":{"line":457,"column":3}},"130":{"start":{"line":456,"column":4},"end":{"line":456,"column":56}},"131":{"start":{"line":459,"column":2},"end":{"line":459,"column":16}},"132":{"start":{"line":462,"column":0},"end":{"line":462,"column":92}}},"fnMap":{"0":{"name":"extractXfrm","decl":{"start":{"line":136,"column":9},"end":{"line":136,"column":20}},"loc":{"start":{"line":136,"column":27},"end":{"line":156,"column":1}},"line":136},"1":{"name":"resolveColorNode","decl":{"start":{"line":172,"column":9},"end":{"line":172,"column":25}},"loc":{"start":{"line":172,"column":32},"end":{"line":195,"column":1}},"line":172},"2":{"name":"resolveFill","decl":{"start":{"line":209,"column":9},"end":{"line":209,"column":20}},"loc":{"start":{"line":209,"column":27},"end":{"line":223,"column":1}},"line":209},"3":{"name":"resolveStroke","decl":{"start":{"line":234,"column":9},"end":{"line":234,"column":22}},"loc":{"start":{"line":234,"column":29},"end":{"line":251,"column":1}},"line":234},"4":{"name":"extractAdjustments","decl":{"start":{"line":261,"column":9},"end":{"line":261,"column":27}},"loc":{"start":{"line":261,"column":38},"end":{"line":277,"column":1}},"line":261},"5":{"name":"extractEmbeddedText","decl":{"start":{"line":288,"column":9},"end":{"line":288,"column":28}},"loc":{"start":{"line":288,"column":49},"end":{"line":294,"column":1}},"line":288},"6":{"name":"mapPreset","decl":{"start":{"line":305,"column":9},"end":{"line":305,"column":18}},"loc":{"start":{"line":305,"column":25},"end":{"line":308,"column":1}},"line":305},"7":{"name":"parseSp","decl":{"start":{"line":325,"column":9},"end":{"line":325,"column":16}},"loc":{"start":{"line":325,"column":47},"end":{"line":374,"column":1}},"line":325},"8":{"name":"parseCxnSp","decl":{"start":{"line":384,"column":9},"end":{"line":384,"column":19}},"loc":{"start":{"line":384,"column":43},"end":{"line":422,"column":1}},"line":384},"9":{"name":"parseShapes","decl":{"start":{"line":440,"column":9},"end":{"line":440,"column":20}},"loc":{"start":{"line":440,"column":49},"end":{"line":460,"column":1}},"line":440}},"branchMap":{"0":{"loc":{"start":{"line":137,"column":15},"end":{"line":137,"column":37}},"type":"binary-expr","locations":[{"start":{"line":137,"column":15},"end":{"line":137,"column":19}},{"start":{"line":137,"column":23},"end":{"line":137,"column":37}}],"line":137},"1":{"loc":{"start":{"line":138,"column":15},"end":{"line":138,"column":44}},"type":"binary-expr","locations":[{"start":{"line":138,"column":16},"end":{"line":138,"column":20}},{"start":{"line":138,"column":24},"end":{"line":138,"column":37}},{"start":{"line":138,"column":42},"end":{"line":138,"column":44}}],"line":138},"2":{"loc":{"start":{"line":139,"column":15},"end":{"line":139,"column":44}},"type":"binary-expr","locations":[{"start":{"line":139,"column":16},"end":{"line":139,"column":20}},{"start":{"line":139,"column":24},"end":{"line":139,"column":37}},{"start":{"line":139,"column":42},"end":{"line":139,"column":44}}],"line":139},"3":{"loc":{"start":{"line":141,"column":12},"end":{"line":141,"column":35}},"type":"binary-expr","locations":[{"start":{"line":141,"column":12},"end":{"line":141,"column":30}},{"start":{"line":141,"column":34},"end":{"line":141,"column":35}}],"line":141},"4":{"loc":{"start":{"line":142,"column":12},"end":{"line":142,"column":35}},"type":"binary-expr","locations":[{"start":{"line":142,"column":12},"end":{"line":142,"column":30}},{"start":{"line":142,"column":34},"end":{"line":142,"column":35}}],"line":142},"5":{"loc":{"start":{"line":143,"column":12},"end":{"line":143,"column":36}},"type":"binary-expr","locations":[{"start":{"line":143,"column":12},"end":{"line":143,"column":31}},{"start":{"line":143,"column":35},"end":{"line":143,"column":36}}],"line":143},"6":{"loc":{"start":{"line":144,"column":12},"end":{"line":144,"column":36}},"type":"binary-expr","locations":[{"start":{"line":144,"column":12},"end":{"line":144,"column":31}},{"start":{"line":144,"column":35},"end":{"line":144,"column":36}}],"line":144},"7":{"loc":{"start":{"line":148,"column":19},"end":{"line":150,"column":7}},"type":"cond-expr","locations":[{"start":{"line":149,"column":7},"end":{"line":149,"column":33}},{"start":{"line":150,"column":6},"end":{"line":150,"column":7}}],"line":148},"8":{"loc":{"start":{"line":148,"column":20},"end":{"line":148,"column":49}},"type":"binary-expr","locations":[{"start":{"line":148,"column":20},"end":{"line":148,"column":24}},{"start":{"line":148,"column":28},"end":{"line":148,"column":49}}],"line":148},"9":{"loc":{"start":{"line":149,"column":7},"end":{"line":149,"column":33}},"type":"binary-expr","locations":[{"start":{"line":149,"column":7},"end":{"line":149,"column":28}},{"start":{"line":149,"column":32},"end":{"line":149,"column":33}}],"line":149},"10":{"loc":{"start":{"line":152,"column":16},"end":{"line":152,"column":84}},"type":"cond-expr","locations":[{"start":{"line":152,"column":24},"end":{"line":152,"column":75}},{"start":{"line":152,"column":79},"end":{"line":152,"column":84}}],"line":152},"11":{"loc":{"start":{"line":152,"column":24},"end":{"line":152,"column":75}},"type":"binary-expr","locations":[{"start":{"line":152,"column":24},"end":{"line":152,"column":47}},{"start":{"line":152,"column":51},"end":{"line":152,"column":75}}],"line":152},"12":{"loc":{"start":{"line":153,"column":16},"end":{"line":153,"column":84}},"type":"cond-expr","locations":[{"start":{"line":153,"column":24},"end":{"line":153,"column":75}},{"start":{"line":153,"column":79},"end":{"line":153,"column":84}}],"line":153},"13":{"loc":{"start":{"line":153,"column":24},"end":{"line":153,"column":75}},"type":"binary-expr","locations":[{"start":{"line":153,"column":24},"end":{"line":153,"column":47}},{"start":{"line":153,"column":51},"end":{"line":153,"column":75}}],"line":153},"14":{"loc":{"start":{"line":173,"column":2},"end":{"line":173,"column":25}},"type":"if","locations":[{"start":{"line":173,"column":2},"end":{"line":173,"column":25}},{"start":{},"end":{}}],"line":173},"15":{"loc":{"start":{"line":176,"column":2},"end":{"line":178,"column":3}},"type":"if","locations":[{"start":{"line":176,"column":2},"end":{"line":178,"column":3}},{"start":{},"end":{}}],"line":176},"16":{"loc":{"start":{"line":176,"column":6},"end":{"line":176,"column":27}},"type":"binary-expr","locations":[{"start":{"line":176,"column":6},"end":{"line":176,"column":10}},{"start":{"line":176,"column":14},"end":{"line":176,"column":27}}],"line":176},"17":{"loc":{"start":{"line":181,"column":2},"end":{"line":183,"column":3}},"type":"if","locations":[{"start":{"line":181,"column":2},"end":{"line":183,"column":3}},{"start":{},"end":{}}],"line":181},"18":{"loc":{"start":{"line":181,"column":6},"end":{"line":181,"column":29}},"type":"binary-expr","locations":[{"start":{"line":181,"column":6},"end":{"line":181,"column":9}},{"start":{"line":181,"column":13},"end":{"line":181,"column":29}}],"line":181},"19":{"loc":{"start":{"line":186,"column":2},"end":{"line":192,"column":3}},"type":"if","locations":[{"start":{"line":186,"column":2},"end":{"line":192,"column":3}},{"start":{},"end":{}}],"line":186},"20":{"loc":{"start":{"line":186,"column":6},"end":{"line":186,"column":31}},"type":"binary-expr","locations":[{"start":{"line":186,"column":6},"end":{"line":186,"column":12}},{"start":{"line":186,"column":16},"end":{"line":186,"column":31}}],"line":186},"21":{"loc":{"start":{"line":189,"column":4},"end":{"line":189,"column":44}},"type":"if","locations":[{"start":{"line":189,"column":4},"end":{"line":189,"column":44}},{"start":{},"end":{}}],"line":189},"22":{"loc":{"start":{"line":210,"column":2},"end":{"line":210,"column":37}},"type":"if","locations":[{"start":{"line":210,"column":2},"end":{"line":210,"column":37}},{"start":{},"end":{}}],"line":210},"23":{"loc":{"start":{"line":212,"column":2},"end":{"line":212,"column":48}},"type":"if","locations":[{"start":{"line":212,"column":2},"end":{"line":212,"column":48}},{"start":{},"end":{}}],"line":212},"24":{"loc":{"start":{"line":215,"column":2},"end":{"line":219,"column":3}},"type":"if","locations":[{"start":{"line":215,"column":2},"end":{"line":219,"column":3}},{"start":{},"end":{}}],"line":215},"25":{"loc":{"start":{"line":217,"column":4},"end":{"line":217,"column":47}},"type":"if","locations":[{"start":{"line":217,"column":4},"end":{"line":217,"column":47}},{"start":{},"end":{}}],"line":217},"26":{"loc":{"start":{"line":235,"column":2},"end":{"line":235,"column":37}},"type":"if","locations":[{"start":{"line":235,"column":2},"end":{"line":235,"column":37}},{"start":{},"end":{}}],"line":235},"27":{"loc":{"start":{"line":238,"column":2},"end":{"line":238,"column":35}},"type":"if","locations":[{"start":{"line":238,"column":2},"end":{"line":238,"column":35}},{"start":{},"end":{}}],"line":238},"28":{"loc":{"start":{"line":239,"column":2},"end":{"line":239,"column":46}},"type":"if","locations":[{"start":{"line":239,"column":2},"end":{"line":239,"column":46}},{"start":{},"end":{}}],"line":239},"29":{"loc":{"start":{"line":242,"column":2},"end":{"line":248,"column":3}},"type":"if","locations":[{"start":{"line":242,"column":2},"end":{"line":248,"column":3}},{"start":{},"end":{}}],"line":242},"30":{"loc":{"start":{"line":244,"column":4},"end":{"line":247,"column":5}},"type":"if","locations":[{"start":{"line":244,"column":4},"end":{"line":247,"column":5}},{"start":{},"end":{}}],"line":244},"31":{"loc":{"start":{"line":245,"column":23},"end":{"line":245,"column":79}},"type":"cond-expr","locations":[{"start":{"line":245,"column":44},"end":{"line":245,"column":70}},{"start":{"line":245,"column":74},"end":{"line":245,"column":79}}],"line":245},"32":{"loc":{"start":{"line":245,"column":44},"end":{"line":245,"column":70}},"type":"binary-expr","locations":[{"start":{"line":245,"column":44},"end":{"line":245,"column":61}},{"start":{"line":245,"column":65},"end":{"line":245,"column":70}}],"line":245},"33":{"loc":{"start":{"line":262,"column":2},"end":{"line":262,"column":34}},"type":"if","locations":[{"start":{"line":262,"column":2},"end":{"line":262,"column":34}},{"start":{},"end":{}}],"line":262},"34":{"loc":{"start":{"line":264,"column":2},"end":{"line":264,"column":31}},"type":"if","locations":[{"start":{"line":264,"column":2},"end":{"line":264,"column":31}},{"start":{},"end":{}}],"line":264},"35":{"loc":{"start":{"line":270,"column":4},"end":{"line":270,"column":33}},"type":"if","locations":[{"start":{"line":270,"column":4},"end":{"line":270,"column":33}},{"start":{},"end":{}}],"line":270},"36":{"loc":{"start":{"line":270,"column":8},"end":{"line":270,"column":22}},"type":"binary-expr","locations":[{"start":{"line":270,"column":8},"end":{"line":270,"column":13}},{"start":{"line":270,"column":17},"end":{"line":270,"column":22}}],"line":270},"37":{"loc":{"start":{"line":273,"column":4},"end":{"line":273,"column":47}},"type":"if","locations":[{"start":{"line":273,"column":4},"end":{"line":273,"column":47}},{"start":{},"end":{}}],"line":273},"38":{"loc":{"start":{"line":276,"column":9},"end":{"line":276,"column":60}},"type":"cond-expr","locations":[{"start":{"line":276,"column":42},"end":{"line":276,"column":48}},{"start":{"line":276,"column":51},"end":{"line":276,"column":60}}],"line":276},"39":{"loc":{"start":{"line":290,"column":2},"end":{"line":290,"column":26}},"type":"if","locations":[{"start":{"line":290,"column":2},"end":{"line":290,"column":26}},{"start":{},"end":{}}],"line":290},"40":{"loc":{"start":{"line":306,"column":2},"end":{"line":306,"column":25}},"type":"if","locations":[{"start":{"line":306,"column":2},"end":{"line":306,"column":25}},{"start":{},"end":{}}],"line":306},"41":{"loc":{"start":{"line":307,"column":9},"end":{"line":307,"column":37}},"type":"binary-expr","locations":[{"start":{"line":307,"column":9},"end":{"line":307,"column":29}},{"start":{"line":307,"column":33},"end":{"line":307,"column":37}}],"line":307},"42":{"loc":{"start":{"line":327,"column":13},"end":{"line":327,"column":67}},"type":"binary-expr","locations":[{"start":{"line":327,"column":13},"end":{"line":327,"column":19}},{"start":{"line":327,"column":23},"end":{"line":327,"column":39}},{"start":{"line":327,"column":43},"end":{"line":327,"column":67}}],"line":327},"43":{"loc":{"start":{"line":328,"column":2},"end":{"line":328,"column":22}},"type":"if","locations":[{"start":{"line":328,"column":2},"end":{"line":328,"column":22}},{"start":{},"end":{}}],"line":328},"44":{"loc":{"start":{"line":330,"column":18},"end":{"line":330,"column":37}},"type":"binary-expr","locations":[{"start":{"line":330,"column":18},"end":{"line":330,"column":31}},{"start":{"line":330,"column":35},"end":{"line":330,"column":37}}],"line":330},"45":{"loc":{"start":{"line":332,"column":19},"end":{"line":332,"column":55}},"type":"cond-expr","locations":[{"start":{"line":332,"column":30},"end":{"line":332,"column":48}},{"start":{"line":332,"column":51},"end":{"line":332,"column":55}}],"line":332},"46":{"loc":{"start":{"line":340,"column":2},"end":{"line":346,"column":3}},"type":"if","locations":[{"start":{"line":340,"column":2},"end":{"line":346,"column":3}},{"start":{"line":342,"column":9},"end":{"line":346,"column":3}}],"line":340},"47":{"loc":{"start":{"line":344,"column":18},"end":{"line":344,"column":43}},"type":"binary-expr","locations":[{"start":{"line":344,"column":18},"end":{"line":344,"column":22}},{"start":{"line":344,"column":26},"end":{"line":344,"column":43}}],"line":344},"48":{"loc":{"start":{"line":361,"column":2},"end":{"line":361,"column":35}},"type":"if","locations":[{"start":{"line":361,"column":2},"end":{"line":361,"column":35}},{"start":{},"end":{}}],"line":361},"49":{"loc":{"start":{"line":366,"column":2},"end":{"line":368,"column":3}},"type":"if","locations":[{"start":{"line":366,"column":2},"end":{"line":368,"column":3}},{"start":{},"end":{}}],"line":366},"50":{"loc":{"start":{"line":366,"column":6},"end":{"line":366,"column":71}},"type":"binary-expr","locations":[{"start":{"line":366,"column":6},"end":{"line":366,"column":26}},{"start":{"line":366,"column":30},"end":{"line":366,"column":49}},{"start":{"line":366,"column":53},"end":{"line":366,"column":71}}],"line":366},"51":{"loc":{"start":{"line":371,"column":2},"end":{"line":371,"column":30}},"type":"if","locations":[{"start":{"line":371,"column":2},"end":{"line":371,"column":30}},{"start":{},"end":{}}],"line":371},"52":{"loc":{"start":{"line":385,"column":15},"end":{"line":385,"column":37}},"type":"binary-expr","locations":[{"start":{"line":385,"column":15},"end":{"line":385,"column":31}},{"start":{"line":385,"column":35},"end":{"line":385,"column":37}}],"line":385},"53":{"loc":{"start":{"line":392,"column":19},"end":{"line":392,"column":55}},"type":"cond-expr","locations":[{"start":{"line":392,"column":30},"end":{"line":392,"column":48}},{"start":{"line":392,"column":51},"end":{"line":392,"column":55}}],"line":392},"54":{"loc":{"start":{"line":397,"column":17},"end":{"line":399,"column":17}},"type":"cond-expr","locations":[{"start":{"line":398,"column":6},"end":{"line":398,"column":17}},{"start":{"line":399,"column":6},"end":{"line":399,"column":17}}],"line":397},"55":{"loc":{"start":{"line":397,"column":18},"end":{"line":397,"column":62}},"type":"binary-expr","locations":[{"start":{"line":397,"column":18},"end":{"line":397,"column":22}},{"start":{"line":397,"column":26},"end":{"line":397,"column":62}}],"line":397},"56":{"loc":{"start":{"line":401,"column":2},"end":{"line":403,"column":3}},"type":"if","locations":[{"start":{"line":401,"column":2},"end":{"line":403,"column":3}},{"start":{},"end":{}}],"line":401},"57":{"loc":{"start":{"line":401,"column":6},"end":{"line":401,"column":35}},"type":"binary-expr","locations":[{"start":{"line":401,"column":6},"end":{"line":401,"column":10}},{"start":{"line":401,"column":14},"end":{"line":401,"column":35}}],"line":401},"58":{"loc":{"start":{"line":419,"column":2},"end":{"line":419,"column":35}},"type":"if","locations":[{"start":{"line":419,"column":2},"end":{"line":419,"column":35}},{"start":{},"end":{}}],"line":419},"59":{"loc":{"start":{"line":441,"column":2},"end":{"line":441,"column":25}},"type":"if","locations":[{"start":{"line":441,"column":2},"end":{"line":441,"column":25}},{"start":{},"end":{}}],"line":441},"60":{"loc":{"start":{"line":449,"column":4},"end":{"line":452,"column":5}},"type":"if","locations":[{"start":{"line":449,"column":4},"end":{"line":452,"column":5}},{"start":{},"end":{}}],"line":449}},"s":{"0":1,"1":1,"2":1,"3":1,"4":25,"5":25,"6":25,"7":25,"8":25,"9":25,"10":25,"11":25,"12":25,"13":25,"14":25,"15":16,"16":1,"17":15,"18":15,"19":6,"20":9,"21":9,"22":1,"23":8,"24":8,"25":7,"26":7,"27":7,"28":6,"29":1,"30":1,"31":26,"32":1,"33":25,"34":2,"35":23,"36":23,"37":4,"38":4,"39":4,"40":0,"41":19,"42":25,"43":0,"44":25,"45":25,"46":21,"47":4,"48":1,"49":3,"50":3,"51":3,"52":3,"53":3,"54":3,"55":0,"56":21,"57":1,"58":20,"59":20,"60":19,"61":1,"62":1,"63":1,"64":1,"65":1,"66":0,"67":1,"68":1,"69":1,"70":1,"71":21,"72":21,"73":21,"74":0,"75":0,"76":21,"77":1,"78":20,"79":22,"80":22,"81":22,"82":1,"83":21,"84":21,"85":21,"86":21,"87":21,"88":21,"89":21,"90":21,"91":17,"92":4,"93":4,"94":4,"95":21,"96":21,"97":21,"98":1,"99":21,"100":2,"101":21,"102":21,"103":0,"104":21,"105":0,"106":0,"107":0,"108":0,"109":0,"110":0,"111":0,"112":0,"113":0,"114":0,"115":0,"116":0,"117":0,"118":0,"119":24,"120":1,"121":23,"122":23,"123":23,"124":23,"125":22,"126":22,"127":21,"128":21,"129":23,"130":0,"131":23,"132":1},"f":{"0":25,"1":16,"2":26,"3":25,"4":21,"5":21,"6":21,"7":22,"8":0,"9":24},"b":{"0":[25,24],"1":[25,24,1],"2":[25,24,1],"3":[25,3],"4":[25,3],"5":[25,3],"6":[25,3],"7":[2,23],"8":[25,24],"9":[2,0],"10":[24,1],"11":[24,22],"12":[24,1],"13":[24,24],"14":[1,15],"15":[6,9],"16":[15,6],"17":[1,8],"18":[9,1],"19":[7,1],"20":[8,7],"21":[6,1],"22":[1,25],"23":[2,23],"24":[4,19],"25":[4,0],"26":[0,25],"27":[21,4],"28":[1,3],"29":[3,0],"30":[3,0],"31":[2,1],"32":[2,0],"33":[1,20],"34":[19,1],"35":[0,1],"36":[1,1],"37":[1,0],"38":[1,0],"39":[21,0],"40":[1,20],"41":[20,3],"42":[22,1,1],"43":[1,21],"44":[21,0],"45":[20,1],"46":[17,4],"47":[4,1],"48":[1,20],"49":[2,19],"50":[21,19,19],"51":[0,21],"52":[0,0],"53":[0,0],"54":[0,0],"55":[0,0],"56":[0,0],"57":[0,0],"58":[0,0],"59":[1,23],"60":[21,1]},"_coverageSchema":"1a1c01bbd47fc00a2c39e90264f33305004495a9","hash":"e8d5255b0cda0d161c6ad45aaa197a8ec26a811c"}
,"C:\\Users\\aidin\\OneDrive\\Desktop\\University\\SWE\\pptx-revealjs-converter\\src\\parser\\pptx\\text.js": {"path":"C:\\Users\\aidin\\OneDrive\\Desktop\\University\\SWE\\pptx-revealjs-converter\\src\\parser\\pptx\\text.js","statementMap":{"0":{"start":{"line":1,"column":20},"end":{"line":1,"column":36}},"1":{"start":{"line":2,"column":43},"end":{"line":2,"column":61}},"2":{"start":{"line":6,"column":21},"end":{"line":6,"column":71}},"3":{"start":{"line":14,"column":31},"end":{"line":14,"column":47}},"4":{"start":{"line":22,"column":34},"end":{"line":27,"column":1}},"5":{"start":{"line":35,"column":2},"end":{"line":35,"column":29}},"6":{"start":{"line":35,"column":17},"end":{"line":35,"column":29}},"7":{"start":{"line":38,"column":2},"end":{"line":38,"column":98}},"8":{"start":{"line":38,"column":86},"end":{"line":38,"column":98}},"9":{"start":{"line":39,"column":14},"end":{"line":39,"column":36}},"10":{"start":{"line":41,"column":2},"end":{"line":43,"column":31}},"11":{"start":{"line":41,"column":51},"end":{"line":41,"column":76}},"12":{"start":{"line":42,"column":7},"end":{"line":43,"column":31}},"13":{"start":{"line":42,"column":34},"end":{"line":42,"column":58}},"14":{"start":{"line":43,"column":7},"end":{"line":43,"column":31}},"15":{"start":{"line":44,"column":2},"end":{"line":44,"column":28}},"16":{"start":{"line":44,"column":16},"end":{"line":44,"column":28}},"17":{"start":{"line":45,"column":16},"end":{"line":45,"column":50}},"18":{"start":{"line":46,"column":2},"end":{"line":46,"column":26}},"19":{"start":{"line":46,"column":14},"end":{"line":46,"column":26}},"20":{"start":{"line":48,"column":2},"end":{"line":48,"column":66}},"21":{"start":{"line":59,"column":2},"end":{"line":59,"column":29}},"22":{"start":{"line":59,"column":17},"end":{"line":59,"column":29}},"23":{"start":{"line":60,"column":2},"end":{"line":60,"column":98}},"24":{"start":{"line":60,"column":86},"end":{"line":60,"column":98}},"25":{"start":{"line":61,"column":14},"end":{"line":61,"column":36}},"26":{"start":{"line":63,"column":2},"end":{"line":65,"column":31}},"27":{"start":{"line":63,"column":51},"end":{"line":63,"column":76}},"28":{"start":{"line":64,"column":7},"end":{"line":65,"column":31}},"29":{"start":{"line":64,"column":34},"end":{"line":64,"column":58}},"30":{"start":{"line":65,"column":7},"end":{"line":65,"column":31}},"31":{"start":{"line":66,"column":2},"end":{"line":66,"column":28}},"32":{"start":{"line":66,"column":16},"end":{"line":66,"column":28}},"33":{"start":{"line":67,"column":16},"end":{"line":67,"column":50}},"34":{"start":{"line":68,"column":2},"end":{"line":68,"column":55}},"35":{"start":{"line":68,"column":43},"end":{"line":68,"column":55}},"36":{"start":{"line":69,"column":17},"end":{"line":69,"column":19}},"37":{"start":{"line":70,"column":2},"end":{"line":70,"column":77}},"38":{"start":{"line":70,"column":33},"end":{"line":70,"column":77}},"39":{"start":{"line":71,"column":2},"end":{"line":71,"column":77}},"40":{"start":{"line":71,"column":33},"end":{"line":71,"column":77}},"41":{"start":{"line":72,"column":2},"end":{"line":72,"column":76}},"42":{"start":{"line":72,"column":33},"end":{"line":72,"column":76}},"43":{"start":{"line":73,"column":2},"end":{"line":73,"column":56}},"44":{"start":{"line":81,"column":2},"end":{"line":81,"column":29}},"45":{"start":{"line":81,"column":17},"end":{"line":81,"column":29}},"46":{"start":{"line":82,"column":17},"end":{"line":82,"column":65}},"47":{"start":{"line":83,"column":17},"end":{"line":83,"column":46}},"48":{"start":{"line":84,"column":17},"end":{"line":84,"column":45}},"49":{"start":{"line":85,"column":2},"end":{"line":85,"column":46}},"50":{"start":{"line":85,"column":34},"end":{"line":85,"column":46}},"51":{"start":{"line":86,"column":13},"end":{"line":86,"column":41}},"52":{"start":{"line":87,"column":2},"end":{"line":87,"column":45}},"53":{"start":{"line":96,"column":2},"end":{"line":96,"column":98}},"54":{"start":{"line":96,"column":86},"end":{"line":96,"column":98}},"55":{"start":{"line":97,"column":14},"end":{"line":97,"column":56}},"56":{"start":{"line":98,"column":16},"end":{"line":98,"column":83}},"57":{"start":{"line":99,"column":2},"end":{"line":99,"column":28}},"58":{"start":{"line":111,"column":2},"end":{"line":111,"column":29}},"59":{"start":{"line":111,"column":12},"end":{"line":111,"column":29}},"60":{"start":{"line":112,"column":12},"end":{"line":112,"column":14}},"61":{"start":{"line":114,"column":2},"end":{"line":114,"column":44}},"62":{"start":{"line":114,"column":26},"end":{"line":114,"column":44}},"63":{"start":{"line":115,"column":2},"end":{"line":115,"column":43}},"64":{"start":{"line":115,"column":26},"end":{"line":115,"column":43}},"65":{"start":{"line":116,"column":2},"end":{"line":116,"column":78}},"66":{"start":{"line":116,"column":43},"end":{"line":116,"column":78}},"67":{"start":{"line":117,"column":2},"end":{"line":119,"column":3}},"68":{"start":{"line":118,"column":4},"end":{"line":118,"column":43}},"69":{"start":{"line":121,"column":2},"end":{"line":124,"column":3}},"70":{"start":{"line":122,"column":15},"end":{"line":122,"column":40}},"71":{"start":{"line":123,"column":4},"end":{"line":123,"column":46}},"72":{"start":{"line":123,"column":27},"end":{"line":123,"column":46}},"73":{"start":{"line":126,"column":15},"end":{"line":126,"column":33}},"74":{"start":{"line":127,"column":2},"end":{"line":134,"column":3}},"75":{"start":{"line":128,"column":4},"end":{"line":133,"column":5}},"76":{"start":{"line":129,"column":6},"end":{"line":129,"column":49}},"77":{"start":{"line":130,"column":11},"end":{"line":133,"column":5}},"78":{"start":{"line":131,"column":18},"end":{"line":131,"column":46}},"79":{"start":{"line":132,"column":6},"end":{"line":132,"column":59}},"80":{"start":{"line":136,"column":16},"end":{"line":136,"column":30}},"81":{"start":{"line":137,"column":2},"end":{"line":137,"column":65}},"82":{"start":{"line":137,"column":36},"end":{"line":137,"column":65}},"83":{"start":{"line":139,"column":2},"end":{"line":139,"column":51}},"84":{"start":{"line":147,"column":2},"end":{"line":147,"column":29}},"85":{"start":{"line":147,"column":12},"end":{"line":147,"column":29}},"86":{"start":{"line":148,"column":12},"end":{"line":148,"column":14}},"87":{"start":{"line":150,"column":2},"end":{"line":153,"column":3}},"88":{"start":{"line":151,"column":16},"end":{"line":151,"column":73}},"89":{"start":{"line":152,"column":4},"end":{"line":152,"column":57}},"90":{"start":{"line":152,"column":28},"end":{"line":152,"column":57}},"91":{"start":{"line":154,"column":2},"end":{"line":157,"column":3}},"92":{"start":{"line":155,"column":16},"end":{"line":155,"column":36}},"93":{"start":{"line":156,"column":4},"end":{"line":156,"column":52}},"94":{"start":{"line":156,"column":28},"end":{"line":156,"column":52}},"95":{"start":{"line":160,"column":2},"end":{"line":162,"column":69}},"96":{"start":{"line":160,"column":37},"end":{"line":160,"column":61}},"97":{"start":{"line":161,"column":7},"end":{"line":162,"column":69}},"98":{"start":{"line":161,"column":45},"end":{"line":161,"column":73}},"99":{"start":{"line":162,"column":7},"end":{"line":162,"column":69}},"100":{"start":{"line":162,"column":42},"end":{"line":162,"column":69}},"101":{"start":{"line":167,"column":16},"end":{"line":167,"column":30}},"102":{"start":{"line":168,"column":2},"end":{"line":178,"column":3}},"103":{"start":{"line":169,"column":16},"end":{"line":169,"column":33}},"104":{"start":{"line":170,"column":16},"end":{"line":170,"column":33}},"105":{"start":{"line":171,"column":4},"end":{"line":177,"column":5}},"106":{"start":{"line":172,"column":16},"end":{"line":172,"column":45}},"107":{"start":{"line":173,"column":6},"end":{"line":173,"column":58}},"108":{"start":{"line":173,"column":28},"end":{"line":173,"column":58}},"109":{"start":{"line":174,"column":11},"end":{"line":177,"column":5}},"110":{"start":{"line":175,"column":16},"end":{"line":175,"column":42}},"111":{"start":{"line":176,"column":6},"end":{"line":176,"column":57}},"112":{"start":{"line":176,"column":28},"end":{"line":176,"column":57}},"113":{"start":{"line":181,"column":2},"end":{"line":193,"column":3}},"114":{"start":{"line":182,"column":17},"end":{"line":182,"column":26}},"115":{"start":{"line":183,"column":4},"end":{"line":183,"column":24}},"116":{"start":{"line":183,"column":15},"end":{"line":183,"column":24}},"117":{"start":{"line":184,"column":16},"end":{"line":184,"column":32}},"118":{"start":{"line":185,"column":16},"end":{"line":185,"column":32}},"119":{"start":{"line":186,"column":4},"end":{"line":192,"column":5}},"120":{"start":{"line":187,"column":16},"end":{"line":187,"column":42}},"121":{"start":{"line":188,"column":6},"end":{"line":188,"column":46}},"122":{"start":{"line":188,"column":28},"end":{"line":188,"column":46}},"123":{"start":{"line":189,"column":11},"end":{"line":192,"column":5}},"124":{"start":{"line":190,"column":16},"end":{"line":190,"column":45}},"125":{"start":{"line":191,"column":6},"end":{"line":191,"column":46}},"126":{"start":{"line":191,"column":28},"end":{"line":191,"column":46}},"127":{"start":{"line":195,"column":2},"end":{"line":195,"column":51}},"128":{"start":{"line":203,"column":15},"end":{"line":203,"column":24}},"129":{"start":{"line":204,"column":18},"end":{"line":204,"column":20}},"130":{"start":{"line":205,"column":2},"end":{"line":206,"column":90}},"131":{"start":{"line":205,"column":32},"end":{"line":205,"column":49}},"132":{"start":{"line":206,"column":7},"end":{"line":206,"column":90}},"133":{"start":{"line":206,"column":64},"end":{"line":206,"column":90}},"134":{"start":{"line":208,"column":21},"end":{"line":208,"column":60}},"135":{"start":{"line":211,"column":2},"end":{"line":213,"column":3}},"136":{"start":{"line":212,"column":4},"end":{"line":212,"column":35}},"137":{"start":{"line":215,"column":14},"end":{"line":215,"column":33}},"138":{"start":{"line":216,"column":2},"end":{"line":216,"column":70}},"139":{"start":{"line":216,"column":42},"end":{"line":216,"column":70}},"140":{"start":{"line":217,"column":2},"end":{"line":217,"column":13}},"141":{"start":{"line":227,"column":22},"end":{"line":227,"column":75}},"142":{"start":{"line":234,"column":21},"end":{"line":234,"column":25}},"143":{"start":{"line":235,"column":21},"end":{"line":235,"column":59}},"144":{"start":{"line":236,"column":2},"end":{"line":239,"column":3}},"145":{"start":{"line":237,"column":15},"end":{"line":237,"column":47}},"146":{"start":{"line":238,"column":4},"end":{"line":238,"column":52}},"147":{"start":{"line":238,"column":27},"end":{"line":238,"column":52}},"148":{"start":{"line":240,"column":2},"end":{"line":240,"column":76}},"149":{"start":{"line":240,"column":21},"end":{"line":240,"column":76}},"150":{"start":{"line":241,"column":2},"end":{"line":241,"column":84}},"151":{"start":{"line":241,"column":21},"end":{"line":241,"column":84}},"152":{"start":{"line":242,"column":2},"end":{"line":242,"column":81}},"153":{"start":{"line":242,"column":21},"end":{"line":242,"column":81}},"154":{"start":{"line":248,"column":15},"end":{"line":251,"column":3}},"155":{"start":{"line":249,"column":36},"end":{"line":249,"column":61}},"156":{"start":{"line":250,"column":40},"end":{"line":250,"column":67}},"157":{"start":{"line":253,"column":2},"end":{"line":255,"column":3}},"158":{"start":{"line":254,"column":4},"end":{"line":254,"column":28}},"159":{"start":{"line":258,"column":29},"end":{"line":258,"column":68}},"160":{"start":{"line":264,"column":20},"end":{"line":264,"column":70}},"161":{"start":{"line":266,"column":19},"end":{"line":266,"column":72}},"162":{"start":{"line":267,"column":2},"end":{"line":273,"column":3}},"163":{"start":{"line":268,"column":4},"end":{"line":268,"column":37}},"164":{"start":{"line":268,"column":21},"end":{"line":268,"column":37}},"165":{"start":{"line":269,"column":4},"end":{"line":271,"column":5}},"166":{"start":{"line":270,"column":6},"end":{"line":270,"column":57}},"167":{"start":{"line":270,"column":35},"end":{"line":270,"column":57}},"168":{"start":{"line":272,"column":4},"end":{"line":272,"column":64}},"169":{"start":{"line":272,"column":46},"end":{"line":272,"column":64}},"170":{"start":{"line":275,"column":13},"end":{"line":275,"column":37}},"171":{"start":{"line":276,"column":2},"end":{"line":276,"column":45}},"172":{"start":{"line":276,"column":18},"end":{"line":276,"column":45}},"173":{"start":{"line":277,"column":2},"end":{"line":277,"column":12}},"174":{"start":{"line":285,"column":17},"end":{"line":285,"column":32}},"175":{"start":{"line":286,"column":2},"end":{"line":286,"column":27}},"176":{"start":{"line":286,"column":15},"end":{"line":286,"column":27}},"177":{"start":{"line":288,"column":13},"end":{"line":290,"column":40}},"178":{"start":{"line":291,"column":17},"end":{"line":291,"column":41}},"179":{"start":{"line":294,"column":2},"end":{"line":294,"column":60}},"180":{"start":{"line":294,"column":48},"end":{"line":294,"column":60}},"181":{"start":{"line":297,"column":19},"end":{"line":297,"column":39}},"182":{"start":{"line":299,"column":21},"end":{"line":301,"column":3}},"183":{"start":{"line":300,"column":4},"end":{"line":300,"column":55}},"184":{"start":{"line":302,"column":2},"end":{"line":302,"column":43}},"185":{"start":{"line":302,"column":31},"end":{"line":302,"column":43}},"186":{"start":{"line":304,"column":16},"end":{"line":307,"column":3}},"187":{"start":{"line":310,"column":15},"end":{"line":310,"column":55}},"188":{"start":{"line":311,"column":2},"end":{"line":328,"column":3}},"189":{"start":{"line":312,"column":4},"end":{"line":317,"column":5}},"190":{"start":{"line":313,"column":6},"end":{"line":316,"column":8}},"191":{"start":{"line":318,"column":4},"end":{"line":323,"column":5}},"192":{"start":{"line":319,"column":16},"end":{"line":319,"column":46}},"193":{"start":{"line":320,"column":16},"end":{"line":320,"column":46}},"194":{"start":{"line":321,"column":6},"end":{"line":321,"column":37}},"195":{"start":{"line":321,"column":21},"end":{"line":321,"column":37}},"196":{"start":{"line":322,"column":6},"end":{"line":322,"column":38}},"197":{"start":{"line":322,"column":21},"end":{"line":322,"column":38}},"198":{"start":{"line":324,"column":4},"end":{"line":327,"column":5}},"199":{"start":{"line":325,"column":18},"end":{"line":325,"column":54}},"200":{"start":{"line":326,"column":6},"end":{"line":326,"column":42}},"201":{"start":{"line":326,"column":21},"end":{"line":326,"column":42}},"202":{"start":{"line":332,"column":2},"end":{"line":334,"column":3}},"203":{"start":{"line":333,"column":4},"end":{"line":333,"column":37}},"204":{"start":{"line":338,"column":17},"end":{"line":338,"column":35}},"205":{"start":{"line":339,"column":2},"end":{"line":341,"column":3}},"206":{"start":{"line":340,"column":4},"end":{"line":340,"column":46}},"207":{"start":{"line":346,"column":22},"end":{"line":346,"column":55}},"208":{"start":{"line":347,"column":2},"end":{"line":386,"column":3}},"209":{"start":{"line":348,"column":25},"end":{"line":348,"column":51}},"210":{"start":{"line":349,"column":25},"end":{"line":349,"column":56}},"211":{"start":{"line":351,"column":22},"end":{"line":351,"column":78}},"212":{"start":{"line":352,"column":22},"end":{"line":352,"column":78}},"213":{"start":{"line":354,"column":4},"end":{"line":383,"column":5}},"214":{"start":{"line":356,"column":6},"end":{"line":364,"column":7}},"215":{"start":{"line":357,"column":8},"end":{"line":363,"column":9}},"216":{"start":{"line":358,"column":21},"end":{"line":358,"column":58}},"217":{"start":{"line":359,"column":10},"end":{"line":362,"column":11}},"218":{"start":{"line":360,"column":27},"end":{"line":360,"column":53}},"219":{"start":{"line":361,"column":12},"end":{"line":361,"column":72}},"220":{"start":{"line":368,"column":6},"end":{"line":382,"column":7}},"221":{"start":{"line":369,"column":18},"end":{"line":369,"column":33}},"222":{"start":{"line":370,"column":19},"end":{"line":370,"column":41}},"223":{"start":{"line":371,"column":8},"end":{"line":381,"column":9}},"224":{"start":{"line":372,"column":27},"end":{"line":372,"column":41}},"225":{"start":{"line":373,"column":10},"end":{"line":376,"column":11}},"226":{"start":{"line":374,"column":28},"end":{"line":374,"column":91}},"227":{"start":{"line":375,"column":12},"end":{"line":375,"column":62}},"228":{"start":{"line":379,"column":10},"end":{"line":379,"column":53}},"229":{"start":{"line":379,"column":32},"end":{"line":379,"column":53}},"230":{"start":{"line":380,"column":10},"end":{"line":380,"column":82}},"231":{"start":{"line":385,"column":4},"end":{"line":385,"column":37}},"232":{"start":{"line":388,"column":2},"end":{"line":388,"column":15}},"233":{"start":{"line":391,"column":0},"end":{"line":391,"column":62}}},"fnMap":{"0":{"name":"sizeFromTxStyles","decl":{"start":{"line":34,"column":9},"end":{"line":34,"column":25}},"loc":{"start":{"line":34,"column":57},"end":{"line":49,"column":1}},"line":34},"1":{"name":"spacingFromTxStyles","decl":{"start":{"line":58,"column":9},"end":{"line":58,"column":28}},"loc":{"start":{"line":58,"column":60},"end":{"line":74,"column":1}},"line":58},"2":{"name":"sizeFromLstStyle","decl":{"start":{"line":80,"column":9},"end":{"line":80,"column":25}},"loc":{"start":{"line":80,"column":49},"end":{"line":88,"column":1}},"line":80},"3":{"name":"placeholderFallbackSize","decl":{"start":{"line":95,"column":9},"end":{"line":95,"column":32}},"loc":{"start":{"line":95,"column":54},"end":{"line":100,"column":1}},"line":95},"4":{"name":"extractRunFormatting","decl":{"start":{"line":110,"column":9},"end":{"line":110,"column":29}},"loc":{"start":{"line":110,"column":35},"end":{"line":140,"column":1}},"line":110},"5":{"name":"extractParagraphFormatting","decl":{"start":{"line":146,"column":9},"end":{"line":146,"column":35}},"loc":{"start":{"line":146,"column":41},"end":{"line":196,"column":1}},"line":146},"6":{"name":"runToIr","decl":{"start":{"line":202,"column":9},"end":{"line":202,"column":16}},"loc":{"start":{"line":202,"column":35},"end":{"line":218,"column":1}},"line":202},"7":{"name":"paragraphToIr","decl":{"start":{"line":225,"column":9},"end":{"line":225,"column":22}},"loc":{"start":{"line":225,"column":60},"end":{"line":278,"column":1}},"line":225},"8":{"name":"(anonymous_8)","decl":{"start":{"line":249,"column":30},"end":{"line":249,"column":31}},"loc":{"start":{"line":249,"column":36},"end":{"line":249,"column":61}},"line":249},"9":{"name":"(anonymous_9)","decl":{"start":{"line":250,"column":32},"end":{"line":250,"column":33}},"loc":{"start":{"line":250,"column":40},"end":{"line":250,"column":67}},"line":250},"10":{"name":"shapeToTextBlock","decl":{"start":{"line":284,"column":9},"end":{"line":284,"column":25}},"loc":{"start":{"line":284,"column":46},"end":{"line":389,"column":1}},"line":284},"11":{"name":"(anonymous_11)","decl":{"start":{"line":299,"column":48},"end":{"line":299,"column":49}},"loc":{"start":{"line":300,"column":4},"end":{"line":300,"column":55}},"line":300}},"branchMap":{"0":{"loc":{"start":{"line":35,"column":2},"end":{"line":35,"column":29}},"type":"if","locations":[{"start":{"line":35,"column":2},"end":{"line":35,"column":29}},{"start":{},"end":{}}],"line":35},"1":{"loc":{"start":{"line":38,"column":2},"end":{"line":38,"column":98}},"type":"if","locations":[{"start":{"line":38,"column":2},"end":{"line":38,"column":98}},{"start":{},"end":{}}],"line":38},"2":{"loc":{"start":{"line":38,"column":6},"end":{"line":38,"column":84}},"type":"binary-expr","locations":[{"start":{"line":38,"column":6},"end":{"line":38,"column":22}},{"start":{"line":38,"column":26},"end":{"line":38,"column":45}},{"start":{"line":38,"column":49},"end":{"line":38,"column":64}},{"start":{"line":38,"column":68},"end":{"line":38,"column":84}}],"line":38},"3":{"loc":{"start":{"line":39,"column":15},"end":{"line":39,"column":31}},"type":"binary-expr","locations":[{"start":{"line":39,"column":15},"end":{"line":39,"column":26}},{"start":{"line":39,"column":30},"end":{"line":39,"column":31}}],"line":39},"4":{"loc":{"start":{"line":41,"column":2},"end":{"line":43,"column":31}},"type":"if","locations":[{"start":{"line":41,"column":2},"end":{"line":43,"column":31}},{"start":{"line":42,"column":7},"end":{"line":43,"column":31}}],"line":41},"5":{"loc":{"start":{"line":41,"column":6},"end":{"line":41,"column":49}},"type":"binary-expr","locations":[{"start":{"line":41,"column":6},"end":{"line":41,"column":24}},{"start":{"line":41,"column":28},"end":{"line":41,"column":49}}],"line":41},"6":{"loc":{"start":{"line":42,"column":7},"end":{"line":43,"column":31}},"type":"if","locations":[{"start":{"line":42,"column":7},"end":{"line":43,"column":31}},{"start":{"line":43,"column":7},"end":{"line":43,"column":31}}],"line":42},"7":{"loc":{"start":{"line":44,"column":2},"end":{"line":44,"column":28}},"type":"if","locations":[{"start":{"line":44,"column":2},"end":{"line":44,"column":28}},{"start":{},"end":{}}],"line":44},"8":{"loc":{"start":{"line":45,"column":16},"end":{"line":45,"column":50}},"type":"binary-expr","locations":[{"start":{"line":45,"column":16},"end":{"line":45,"column":28}},{"start":{"line":45,"column":32},"end":{"line":45,"column":42}},{"start":{"line":45,"column":46},"end":{"line":45,"column":50}}],"line":45},"9":{"loc":{"start":{"line":46,"column":2},"end":{"line":46,"column":26}},"type":"if","locations":[{"start":{"line":46,"column":2},"end":{"line":46,"column":26}},{"start":{},"end":{}}],"line":46},"10":{"loc":{"start":{"line":48,"column":9},"end":{"line":48,"column":65}},"type":"cond-expr","locations":[{"start":{"line":48,"column":37},"end":{"line":48,"column":42}},{"start":{"line":48,"column":46},"end":{"line":48,"column":64}}],"line":48},"11":{"loc":{"start":{"line":48,"column":46},"end":{"line":48,"column":64}},"type":"binary-expr","locations":[{"start":{"line":48,"column":46},"end":{"line":48,"column":56}},{"start":{"line":48,"column":60},"end":{"line":48,"column":64}}],"line":48},"12":{"loc":{"start":{"line":59,"column":2},"end":{"line":59,"column":29}},"type":"if","locations":[{"start":{"line":59,"column":2},"end":{"line":59,"column":29}},{"start":{},"end":
[...]
loc":{"start":{"line":312,"column":4},"end":{"line":317,"column":5}},"type":"if","locations":[{"start":{"line":312,"column":4},"end":{"line":317,"column":5}},{"start":{},"end":{}}],"line":312},"111":{"loc":{"start":{"line":314,"column":11},"end":{"line":314,"column":45}},"type":"binary-expr","locations":[{"start":{"line":314,"column":11},"end":{"line":314,"column":40}},{"start":{"line":314,"column":44},"end":{"line":314,"column":45}}],"line":314},"112":{"loc":{"start":{"line":315,"column":11},"end":{"line":315,"column":45}},"type":"binary-expr","locations":[{"start":{"line":315,"column":11},"end":{"line":315,"column":40}},{"start":{"line":315,"column":44},"end":{"line":315,"column":45}}],"line":315},"113":{"loc":{"start":{"line":318,"column":4},"end":{"line":323,"column":5}},"type":"if","locations":[{"start":{"line":318,"column":4},"end":{"line":323,"column":5}},{"start":{},"end":{}}],"line":318},"114":{"loc":{"start":{"line":321,"column":6},"end":{"line":321,"column":37}},"type":"if","locations":[{"start":{"line":321,"column":6},"end":{"line":321,"column":37}},{"start":{},"end":{}}],"line":321},"115":{"loc":{"start":{"line":322,"column":6},"end":{"line":322,"column":38}},"type":"if","locations":[{"start":{"line":322,"column":6},"end":{"line":322,"column":38}},{"start":{},"end":{}}],"line":322},"116":{"loc":{"start":{"line":324,"column":4},"end":{"line":327,"column":5}},"type":"if","locations":[{"start":{"line":324,"column":4},"end":{"line":327,"column":5}},{"start":{},"end":{}}],"line":324},"117":{"loc":{"start":{"line":326,"column":6},"end":{"line":326,"column":42}},"type":"if","locations":[{"start":{"line":326,"column":6},"end":{"line":326,"column":42}},{"start":{},"end":{}}],"line":326},"118":{"loc":{"start":{"line":332,"column":2},"end":{"line":334,"column":3}},"type":"if","locations":[{"start":{"line":332,"column":2},"end":{"line":334,"column":3}},{"start":{},"end":{}}],"line":332},"119":{"loc":{"start":{"line":332,"column":6},"end":{"line":332,"column":41}},"type":"binary-expr","locations":[{"start":{"line":332,"column":6},"end":{"line":332,"column":22}},{"start":{"line":332,"column":26},"end":{"line":332,"column":41}}],"line":332},"120":{"loc":{"start":{"line":339,"column":2},"end":{"line":341,"column":3}},"type":"if","locations":[{"start":{"line":339,"column":2},"end":{"line":341,"column":3}},{"start":{},"end":{}}],"line":339},"121":{"loc":{"start":{"line":339,"column":6},"end":{"line":339,"column":34}},"type":"binary-expr","locations":[{"start":{"line":339,"column":6},"end":{"line":339,"column":12}},{"start":{"line":339,"column":16},"end":{"line":339,"column":34}}],"line":339},"122":{"loc":{"start":{"line":346,"column":22},"end":{"line":346,"column":55}},"type":"binary-expr","locations":[{"start":{"line":346,"column":22},"end":{"line":346,"column":28}},{"start":{"line":346,"column":32},"end":{"line":346,"column":55}}],"line":346},"123":{"loc":{"start":{"line":347,"column":2},"end":{"line":386,"column":3}},"type":"if","locations":[{"start":{"line":347,"column":2},"end":{"line":386,"column":3}},{"start":{},"end":{}}],"line":347},"124":{"loc":{"start":{"line":351,"column":22},"end":{"line":351,"column":78}},"type":"cond-expr","locations":[{"start":{"line":351,"column":45},"end":{"line":351,"column":74}},{"start":{"line":351,"column":77},"end":{"line":351,"column":78}}],"line":351},"125":{"loc":{"start":{"line":352,"column":22},"end":{"line":352,"column":78}},"type":"cond-expr","locations":[{"start":{"line":352,"column":45},"end":{"line":352,"column":74}},{"start":{"line":352,"column":77},"end":{"line":352,"column":78}}],"line":352},"126":{"loc":{"start":{"line":356,"column":6},"end":{"line":364,"column":7}},"type":"if","locations":[{"start":{"line":356,"column":6},"end":{"line":364,"column":7}},{"start":{},"end":{}}],"line":356},"127":{"loc":{"start":{"line":356,"column":10},"end":{"line":356,"column":70}},"type":"binary-expr","locations":[{"start":{"line":356,"column":10},"end":{"line":356,"column":34}},{"start":{"line":356,"column":38},"end":{"line":356,"column":53}},{"start":{"line":356,"column":57},"end":{"line":356,"column":70}}],"line":356},"128":{"loc":{"start":{"line":358,"column":21},"end":{"line":358,"column":58}},"type":"binary-expr","locations":[{"start":{"line":358,"column":21},"end":{"line":358,"column":35}},{"start":{"line":358,"column":39},"end":{"line":358,"column":58}}],"line":358},"129":{"loc":{"start":{"line":359,"column":10},"end":{"line":362,"column":11}},"type":"if","locations":[{"start":{"line":359,"column":10},"end":{"line":362,"column":11}},{"start":{},"end":{}}],"line":359},"130":{"loc":{"start":{"line":359,"column":14},"end":{"line":359,"column":63}},"type":"binary-expr","locations":[{"start":{"line":359,"column":14},"end":{"line":359,"column":16}},{"start":{"line":359,"column":20},"end":{"line":359,"column":42}},{"start":{"line":359,"column":46},"end":{"line":359,"column":63}}],"line":359},"131":{"loc":{"start":{"line":368,"column":6},"end":{"line":382,"column":7}},"type":"if","locations":[{"start":{"line":368,"column":6},"end":{"line":382,"column":7}},{"start":{},"end":{}}],"line":368},"132":{"loc":{"start":{"line":368,"column":10},"end":{"line":368,"column":49}},"type":"binary-expr","locations":[{"start":{"line":368,"column":10},"end":{"line":368,"column":33}},{"start":{"line":368,"column":37},"end":{"line":368,"column":49}}],"line":368},"133":{"loc":{"start":{"line":370,"column":19},"end":{"line":370,"column":41}},"type":"binary-expr","locations":[{"start":{"line":370,"column":19},"end":{"line":370,"column":20}},{"start":{"line":370,"column":24},"end":{"line":370,"column":41}}],"line":370},"134":{"loc":{"start":{"line":371,"column":8},"end":{"line":381,"column":9}},"type":"if","locations":[{"start":{"line":371,"column":8},"end":{"line":381,"column":9}},{"start":{"line":377,"column":15},"end":{"line":381,"column":9}}],"line":371},"135":{"loc":{"start":{"line":371,"column":12},"end":{"line":371,"column":40}},"type":"binary-expr","locations":[{"start":{"line":371,"column":12},"end":{"line":371,"column":14}},{"start":{"line":371,"column":18},"end":{"line":371,"column":40}}],"line":371},"136":{"loc":{"start":{"line":373,"column":10},"end":{"line":376,"column":11}},"type":"if","locations":[{"start":{"line":373,"column":10},"end":{"line":376,"column":11}},{"start":{},"end":{}}],"line":373},"137":{"loc":{"start":{"line":373,"column":14},"end":{"line":373,"column":59}},"type":"binary-expr","locations":[{"start":{"line":373,"column":14},"end":{"line":373,"column":37}},{"start":{"line":373,"column":41},"end":{"line":373,"column":59}}],"line":373},"138":{"loc":{"start":{"line":379,"column":10},"end":{"line":379,"column":53}},"type":"if","locations":[{"start":{"line":379,"column":10},"end":{"line":379,"column":53}},{"start":{},"end":{}}],"line":379}},"s":{"0":1,"1":1,"2":1,"3":1,"4":1,"5":0,"6":0,"7":0,"8":0,"9":0,"10":0,"11":0,"12":0,"13":0,"14":0,"15":0,"16":0,"17":0,"18":0,"19":0,"20":0,"21":0,"22":0,"23":0,"24":0,"25":0,"26":0,"27":0,"28":0,"29":0,"30":0,"31":0,"32":0,"33":0,"34":0,"35":0,"36":0,"37":0,"38":0,"39":0,"40":0,"41":0,"42":0,"43":0,"44":0,"45":0,"46":0,"47":0,"48":0,"49":0,"50":0,"51":0,"52":0,"53":0,"54":0,"55":0,"56":0,"57":0,"58":0,"59":0,"60":0,"61":0,"62":0,"63":0,"64":0,"65":0,"66":0,"67":0,"68":0,"69":0,"70":0,"71":0,"72":0,"73":0,"74":0,"75":0,"76":0,"77":0,"78":0,"79":0,"80":0,"81":0,"82":0,"83":0,"84":0,"85":0,"86":0,"87":0,"88":0,"89":0,"90":0,"91":0,"92":0,"93":0,"94":0,"95":0,"96":0,"97":0,"98":0,"99":0,"100":0,"101":0,"102":0,"103":0,"104":0,"105":0,"106":0,"107":0,"108":0,"109":0,"110":0,"111":0,"112":0,"113":0,"114":0,"115":0,"116":0,"117":0,"118":0,"119":0,"120":0,"121":0,"122":0,"123":0,"124":0,"125":0,"126":0,"127":0,"128":0,"129":0,"130":0,"131":0,"132":0,"133":0,"134":0,"135":0,"136":0,"137":0,"138":0,"139":0,"140":0,"141":0,"142":0,"143":0,"144":0,"145":0,"146":0,"147":0,"148":0,"149":0,"150":0,"151":0,"152":0,"153":0,"154":0,"155":0,"156":0,"157":0,"158":0,"159":0,"160":0,"161":0,"162":0,"163":0,"164":0,"165":0,"166":0,"167":0,"168":0,"169":0,"170":0,"171":0,"172":0,"173":0,"174":21,"175":21,"176":21,"177":0,"178":0,"179":0,"180":0,"181":0,"182":0,"183":0,"184":0,"185":0,"186":0,"187":0,"188":0,"189":0,"190":0,"191":0,"192":0,"193":0,"194":0,"195":0,"196":0,"197":0,"198":0,"199":0,"200":0,"201":0,"202":0,"203":0,"204":0,"205":0,"206":0,"207":0,"208":0,"209":0,"210":0,"211":0,"212":0,"213":0,"214":0,"215":0,"216":0,"217":0,"218":0,"219":0,"220":0,"221":0,"222":0,"223":0,"224":0,"225":0,"226":0,"227":0,"228":0,"229":0,"230":0,"231":0,"232":0,"233":1},"f":{"0":0,"1":0,"2":0,"3":0,"4":0,"5":0,"6":0,"7":0,"8":0,"9":0,"10":21,"11":0},"b":{"0":[0,0],"1":[0,0],"2":[0,0,0,0],"3":[0,0],"4":[0,0],"5":[0,0],"6":[0,0],"7":[0,0],"8":[0,0,0],"9":[0,0],"10":[0,0],"11":[0,0],"12":[0,0],"13":[0,0],"14":[0,0,0,0],"15":[0,0],"16":[0,0],"17":[0,0],"18":[0,0],"19":[0,0],"20":[0,0,0],"21":[0,0],"22":[0,0],"23":[0,0],"24":[0,0],"25":[0,0],"26":[0,0],"27":[0,0],"28":[0,0],"29":[0,0],"30":[0,0],"31":[0,0],"32":[0,0],"33":[0,0],"34":[0,0,0,0],"35":[0,0],"36":[0,0],"37":[0,0],"38":[0,0],"39":[0,0],"40":[0,0],"41":[0,0],"42":[0,0],"43":[0,0],"44":[0,0],"45":[0,0],"46":[0,0],"47":[0,0],"48":[0,0],"49":[0,0],"50":[0,0],"51":[0,0],"52":[0,0],"53":[0,0],"54":[0,0],"55":[0,0],"56":[0,0],"57":[0,0],"58":[0,0],"59":[0,0],"60":[0,0],"61":[0,0],"62":[0,0],"63":[0,0],"64":[0,0],"65":[0,0],"66":[0,0],"67":[0,0],"68":[0,0],"69":[0,0],"70":[0,0],"71":[0,0],"72":[0,0],"73":[0,0],"74":[0,0],"75":[0,0],"76":[0,0],"77":[0,0],"78":[0,0],"79":[0,0],"80":[0,0],"81":[0,0,0],"82":[0,0],"83":[0,0],"84":[0,0],"85":[0,0],"86":[0,0],"87":[0,0],"88":[0,0],"89":[0,0],"90":[0,0],"91":[0,0],"92":[0,0],"93":[0,0],"94":[0,0],"95":[0,0],"96":[0,0],"97":[0,0],"98":[0,0],"99":[0,0],"100":[0,0],"101":[0,0],"102":[21,0],"103":[0,0,0],"104":[0,0],"105":[0,0],"106":[0,0],"107":[0,0],"108":[0,0],"109":[0,0],"110":[0,0],"111":[0,0],"112":[0,0],"113":[0,0],"114":[0,0],"115":[0,0],"116":[0,0],"117":[0,0],"118":[0,0],"119":[0,0],"120":[0,0],"121":[0,0],"122":[0,0],"123":[0,0],"124":[0,0],"125":[0,0],"126":[0,0],"127":[0,0,0],"128":[0,0],"129":[0,0],"130":[0,0,0],"131":[0,0],"132":[0,0],"133":[0,0],"134":[0,0],"135":[0,0],"136":[0,0],"137":[0,0],"138":[0,0]},"_coverageSchema":"1a1c01bbd47fc00a2c39e90264f33305004495a9","hash":"4d69d8d0cfe3641c5d6e86bb75d2affa9d6a2d61"}
,"C:\\Users\\aidin\\OneDrive\\Desktop\\University\\SWE\\pptx-revealjs-converter\\src\\parser\\pptx\\units.js": {"path":"C:\\Users\\aidin\\OneDrive\\Desktop\\University\\SWE\\pptx-revealjs-converter\\src\\parser\\pptx\\units.js","statementMap":{"0":{"start":{"line":5,"column":19},"end":{"line":5,"column":23}},"1":{"start":{"line":8,"column":2},"end":{"line":8,"column":31}},"2":{"start":{"line":8,"column":19},"end":{"line":8,"column":31}},"3":{"start":{"line":9,"column":12},"end":{"line":9,"column":23}},"4":{"start":{"line":10,"column":2},"end":{"line":10,"column":35}},"5":{"start":{"line":10,"column":23},"end":{"line":10,"column":35}},"6":{"start":{"line":11,"column":2},"end":{"line":11,"column":36}},"7":{"start":{"line":18,"column":2},"end":{"line":18,"column":32}},"8":{"start":{"line":18,"column":23},"end":{"line":18,"column":32}},"9":{"start":{"line":19,"column":12},"end":{"line":19,"column":27}},"10":{"start":{"line":20,"column":2},"end":{"line":20,"column":32}},"11":{"start":{"line":20,"column":23},"end":{"line":20,"column":32}},"12":{"start":{"line":21,"column":2},"end":{"line":21,"column":19}},"13":{"start":{"line":24,"column":0},"end":{"line":24,"column":64}}},"fnMap":{"0":{"name":"emuToPx","decl":{"start":{"line":7,"column":9},"end":{"line":7,"column":16}},"loc":{"start":{"line":7,"column":22},"end":{"line":12,"column":1}},"line":7},"1":{"name":"pptxRotationToDegrees","decl":{"start":{"line":17,"column":9},"end":{"line":17,"column":30}},"loc":{"start":{"line":17,"column":40},"end":{"line":22,"column":1}},"line":17}},"branchMap":{"0":{"loc":{"start":{"line":8,"column":2},"end":{"line":8,"column":31}},"type":"if","locations":[{"start":{"line":8,"column":2},"end":{"line":8,"column":31}},{"start":{},"end":{}}],"line":8},"1":{"loc":{"start":{"line":10,"column":2},"end":{"line":10,"column":35}},"type":"if","locations":[{"start":{"line":10,"column":2},"end":{"line":10,"column":35}},{"start":{},"end":{}}],"line":10},"2":{"loc":{"start":{"line":18,"column":2},"end":{"line":18,"column":32}},"type":"if","locations":[{"start":{"line":18,"column":2},"end":{"line":18,"column":32}},{"start":{},"end":{}}],"line":18},"3":{"loc":{"start":{"line":20,"column":2},"end":{"line":20,"column":32}},"type":"if","locations":[{"start":{"line":20,"column":2},"end":{"line":20,"column":32}},{"start":{},"end":{}}],"line":20}},"s":{"0":1,"1":0,"2":0,"3":0,"4":0,"5":0,"6":0,"7":0,"8":0,"9":0,"10":0,"11":0,"12":0,"13":1},"f":{"0":0,"1":0},"b":{"0":[0,0],"1":[0,0],"2":[0,0],"3":[0,0]},"_coverageSchema":"1a1c01bbd47fc00a2c39e90264f33305004495a9","hash":"92f29ecc5acc60f8a7002452f167c9a2a25f98e2"}
,"C:\\Users\\aidin\\OneDrive\\Desktop\\University\\SWE\\pptx-revealjs-converter\\src\\parser\\pptx\\xml.js": {"path":"C:\\Users\\aidin\\OneDrive\\Desktop\\University\\SWE\\pptx-revealjs-converter\\src\\parser\\pptx\\xml.js","statementMap":{"0":{"start":{"line":1,"column":22},"end":{"line":1,"column":48}},"1":{"start":{"line":3,"column":23},"end":{"line":10,"column":1}},"2":{"start":{"line":23,"column":15},"end":{"line":23,"column":44}},"3":{"start":{"line":30,"column":22},"end":{"line":30,"column":79}},"4":{"start":{"line":33,"column":2},"end":{"line":33,"column":30}},"5":{"start":{"line":33,"column":18},"end":{"line":33,"column":30}},"6":{"start":{"line":34,"column":2},"end":{"line":34,"column":33}},"7":{"start":{"line":42,"column":2},"end":{"line":42,"column":31}},"8":{"start":{"line":42,"column":21},"end":{"line":42,"column":31}},"9":{"start":{"line":43,"column":2},"end":{"line":43,"column":48}},"10":{"start":{"line":51,"column":2},"end":{"line":51,"column":41}},"11":{"start":{"line":51,"column":29},"end":{"line":51,"column":41}},"12":{"start":{"line":52,"column":2},"end":{"line":54,"column":3}},"13":{"start":{"line":53,"column":4},"end":{"line":53,"column":36}},"14":{"start":{"line":53,"column":19},"end":{"line":53,"column":36}},"15":{"start":{"line":55,"column":2},"end":{"line":55,"column":14}},"16":{"start":{"line":71,"column":2},"end":{"line":71,"column":27}},"17":{"start":{"line":71,"column":17},"end":{"line":71,"column":27}},"18":{"start":{"line":73,"column":14},"end":{"line":73,"column":43}},"19":{"start":{"line":75,"column":16},"end":{"line":75,"column":46}},"20":{"start":{"line":76,"column":2},"end":{"line":76,"column":22}},"21":{"start":{"line":76,"column":12},"end":{"line":76,"column":22}},"22":{"start":{"line":77,"column":16},"end":{"line":77,"column":47}},"23":{"start":{"line":78,"column":2},"end":{"line":78,"column":23}},"24":{"start":{"line":78,"column":13},"end":{"line":78,"column":23}},"25":{"start":{"line":79,"column":17},"end":{"line":79,"column":51}},"26":{"start":{"line":80,"column":2},"end":{"line":80,"column":25}},"27":{"start":{"line":80,"column":15},"end":{"line":80,"column":25}},"28":{"start":{"line":82,"column":18},"end":{"line":82,"column":55}},"29":{"start":{"line":83,"column":19},"end":{"line":83,"column":21}},"30":{"start":{"line":84,"column":16},"end":{"line":84,"column":18}},"31":{"start":{"line":86,"column":2},"end":{"line":92,"column":3}},"32":{"start":{"line":87,"column":16},"end":{"line":87,"column":56}},"33":{"start":{"line":87,"column":45},"end":{"line":87,"column":55}},"34":{"start":{"line":88,"column":4},"end":{"line":88,"column":44}},"35":{"start":{"line":88,"column":35},"end":{"line":88,"column":44}},"36":{"start":{"line":89,"column":16},"end":{"line":89,"column":34}},"37":{"start":{"line":90,"column":4},"end":{"line":90,"column":29}},"38":{"start":{"line":91,"column":4},"end":{"line":91,"column":28}},"39":{"start":{"line":94,"column":2},"end":{"line":94,"column":15}},"40":{"start":{"line":97,"column":0},"end":{"line":97,"column":60}}},"fnMap":{"0":{"name":"parseXml","decl":{"start":{"line":32,"column":9},"end":{"line":32,"column":17}},"loc":{"start":{"line":32,"column":29},"end":{"line":35,"column":1}},"line":32},"1":{"name":"asArray","decl":{"start":{"line":41,"column":9},"end":{"line":41,"column":16}},"loc":{"start":{"line":41,"column":24},"end":{"line":44,"column":1}},"line":41},"2":{"name":"findOrderedChild","decl":{"start":{"line":50,"column":9},"end":{"line":50,"column":25}},"loc":{"start":{"line":50,"column":38},"end":{"line":56,"column":1}},"line":50},"3":{"name":"getSpTreeChildOrder","decl":{"start":{"line":70,"column":9},"end":{"line":70,"column":28}},"loc":{"start":{"line":70,"column":39},"end":{"line":95,"column":1}},"line":70},"4":{"name":"(anonymous_4)","decl":{"start":{"line":87,"column":40},"end":{"line":87,"column":41}},"loc":{"start":{"line":87,"column":45},"end":{"line":87,"column":55}},"line":87}},"branchMap":{"0":{"loc":{"start":{"line":33,"column":2},"end":{"line":33,"column":30}},"type":"if","locations":[{"start":{"line":33,"column":2},"end":{"line":33,"column":30}},{"start":{},"end":{}}],"line":33},"1":{"loc":{"start":{"line":42,"column":2},"end":{"line":42,"column":31}},"type":"if","locations":[{"start":{"line":42,"column":2},"end":{"line":42,"column":31}},{"start":{},"end":{}}],"line":42},"2":{"loc":{"start":{"line":43,"column":9},"end":{"line":43,"column":47}},"type":"cond-expr","locations":[{"start":{"line":43,"column":32},"end":{"line":43,"column":37}},{"start":{"line":43,"column":40},"end":{"line":43,"column":47}}],"line":43},"3":{"loc":{"start":{"line":51,"column":2},"end":{"line":51,"column":41}},"type":"if","locations":[{"start":{"line":51,"column":2},"end":{"line":51,"column":41}},{"start":{},"end":{}}],"line":51},"4":{"loc":{"start":{"line":53,"column":4},"end":{"line":53,"column":36}},"type":"if","locations":[{"start":{"line":53,"column":4},"end":{"line":53,"column":36}},{"start":{},"end":{}}],"line":53},"5":{"loc":{"start":{"line":71,"column":2},"end":{"line":71,"column":27}},"type":"if","locations":[{"start":{"line":71,"column":2},"end":{"line":71,"column":27}},{"start":{},"end":{}}],"line":71},"6":{"loc":{"start":{"line":76,"column":2},"end":{"line":76,"column":22}},"type":"if","locations":[{"start":{"line":76,"column":2},"end":{"line":76,"column":22}},{"start":{},"end":{}}],"line":76},"7":{"loc":{"start":{"line":78,"column":2},"end":{"line":78,"column":23}},"type":"if","locations":[{"start":{"line":78,"column":2},"end":{"line":78,"column":23}},{"start":{},"end":{}}],"line":78},"8":{"loc":{"start":{"line":80,"column":2},"end":{"line":80,"column":25}},"type":"if","locations":[{"start":{"line":80,"column":2},"end":{"line":80,"column":25}},{"start":{},"end":{}}],"line":80},"9":{"loc":{"start":{"line":88,"column":4},"end":{"line":88,"column":44}},"type":"if","locations":[{"start":{"line":88,"column":4},"end":{"line":88,"column":44}},{"start":{},"end":{}}],"line":88},"10":{"loc":{"start":{"line":88,"column":8},"end":{"line":88,"column":33}},"type":"binary-expr","locations":[{"start":{"line":88,"column":8},"end":{"line":88,"column":12}},{"start":{"line":88,"column":16},"end":{"line":88,"column":33}}],"line":88},"11":{"loc":{"start":{"line":89,"column":16},"end":{"line":89,"column":34}},"type":"binary-expr","locations":[{"start":{"line":89,"column":16},"end":{"line":89,"column":29}},{"start":{"line":89,"column":33},"end":{"line":89,"column":34}}],"line":89}},"s":{"0":1,"1":1,"2":1,"3":1,"4":0,"5":0,"6":0,"7":128,"8":45,"9":83,"10":0,"11":0,"12":0,"13":0,"14":0,"15":0,"16":0,"17":0,"18":0,"19":0,"20":0,"21":0,"22":0,"23":0,"24":0,"25":0,"26":0,"27":0,"28":0,"29":0,"30":0,"31":0,"32":0,"33":0,"34":0,"35":0,"36":0,"37":0,"38":0,"39":0,"40":1},"f":{"0":0,"1":128,"2":0,"3":0,"4":0},"b":{"0":[0,0],"1":[45,83],"2":[22,61],"3":[0,0],"4":[0,0],"5":[0,0],"6":[0,0],"7":[0,0],"8":[0,0],"9":[0,0],"10":[0,0],"11":[0,0]},"_coverageSchema":"1a1c01bbd47fc00a2c39e90264f33305004495a9","hash":"07365ea35d111fff84cc7054f643a438b6adb8aa"}
}
