TN:
SF:src\ir\schema.js
FNF:0
FNH:0
DA:43,1
DA:98,1
DA:752,1
LF:3
LH:3
BRF:0
BRH:0
end_of_record
TN:
SF:src\ir\validator.js
FN:34,collectSlideIds
FN:59,validateTargetIds
FN:96,validate
FNF:3
FNH:3
FNDA:9,collectSlideIds
FNDA:9,validateTargetIds
FNDA:21,validate
DA:13,1
DA:14,1
DA:16,1
DA:17,1
DA:35,9
DA:36,9
DA:38,9
DA:39,0
DA:41,9
DA:42,27
DA:44,9
DA:45,0
DA:48,9
DA:60,9
DA:61,9
DA:63,9
DA:64,9
DA:65,9
DA:66,9
DA:67,9
DA:69,9
DA:71,9
DA:72,18
DA:73,18
DA:74,18
DA:75,2
DA:83,9
DA:97,21
DA:98,21
DA:99,14
DA:102,7
DA:103,7
DA:104,1
DA:107,6
DA:110,1
LF:35
LH:33
BRDA:36,0,0,0
BRDA:36,0,1,9
BRDA:38,1,0,9
BRDA:38,1,1,0
BRDA:39,2,0,0
BRDA:39,2,1,0
BRDA:39,3,0,0
BRDA:39,3,1,0
BRDA:41,4,0,9
BRDA:41,4,1,0
BRDA:42,5,0,27
BRDA:42,5,1,0
BRDA:42,6,0,27
BRDA:42,6,1,27
BRDA:44,7,0,9
BRDA:44,7,1,0
BRDA:45,8,0,0
BRDA:45,8,1,0
BRDA:45,9,0,0
BRDA:45,9,1,0
BRDA:61,10,0,9
BRDA:61,10,1,9
BRDA:61,10,2,9
BRDA:61,10,3,0
BRDA:65,11,0,9
BRDA:65,11,1,9
BRDA:66,12,0,9
BRDA:66,12,1,9
BRDA:66,12,2,0
BRDA:67,13,0,0
BRDA:67,13,1,9
BRDA:73,14,0,0
BRDA:73,14,1,18
BRDA:73,15,0,18
BRDA:73,15,1,18
BRDA:74,16,0,2
BRDA:74,16,1,16
BRDA:76,17,0,2
BRDA:76,17,1,0
BRDA:98,18,0,14
BRDA:98,18,1,7
BRDA:103,19,0,1
BRDA:103,19,1,6
BRF:43
BRH:25
end_of_record
TN:
SF:src\parser\pptx\anim.js
FN:93,extractDelay
FN:110,extractDuration
FN:128,findTargetSpid
FN:178,parseEffectCTn
FN:231,walkClickGroup
FN:267,parseAnimations
FNF:6
FNH:6
FNDA:12,extractDelay
FNDA:12,extractDuration
FNDA:12,findTargetSpid
FNDA:12,parseEffectCTn
FNDA:12,walkClickGroup
FNDA:15,parseAnimations
DA:35,1
DA:42,1
DA:56,1
DA:77,1
DA:94,12
DA:95,12
DA:96,12
DA:97,12
DA:98,12
DA:99,12
DA:100,12
DA:103,0
DA:111,12
DA:112,12
DA:113,12
DA:114,12
DA:130,12
DA:131,12
DA:134,12
DA:139,12
DA:140,32
DA:141,12
DA:144,12
DA:145,12
DA:146,12
DA:147,11
DA:153,1
DA:154,0
DA:155,0
DA:156,0
DA:157,0
DA:160,1
DA:179,12
DA:180,12
DA:182,12
DA:183,12
DA:185,12
DA:186,12
DA:188,12
DA:189,12
DA:191,12
DA:193,12
DA:194,4
DA:199,4
DA:202,12
DA:232,12
DA:233,12
DA:234,12
DA:236,12
DA:237,12
DA:238,12
DA:240,12
DA:241,12
DA:243,12
DA:244,12
DA:245,12
DA:246,12
DA:249,12
DA:268,15
DA:270,15
DA:271,15
DA:275,13
DA:276,13
DA:278,12
DA:279,12
DA:280,12
DA:282,12
DA:283,12
DA:286,12
DA:287,12
DA:288,12
DA:289,12
DA:290,12
DA:291,12
DA:292,12
DA:296,12
DA:297,0
DA:299,12
DA:301,12
DA:302,12
DA:304,12
DA:305,12
DA:306,12
DA:308,12
DA:309,12
DA:310,12
DA:312,12
DA:313,12
DA:316,12
DA:319,1
LF:90
LH:84
BRDA:95,0,0,0
BRDA:95,0,1,12
BRDA:98,1,0,12
BRDA:98,1,1,0
BRDA:98,2,0,12
BRDA:98,2,1,12
BRDA:100,3,0,12
BRDA:100,3,1,0
BRDA:112,4,0,0
BRDA:112,4,1,12
BRDA:112,5,0,12
BRDA:112,5,1,12
BRDA:114,6,0,0
BRDA:114,6,1,12
BRDA:131,7,0,0
BRDA:131,7,1,12
BRDA:141,8,0,12
BRDA:141,8,1,0
BRDA:143,9,0,0
BRDA:143,9,1,0
BRDA:144,10,0,0
BRDA:144,10,1,12
BRDA:146,11,0,11
BRDA:146,11,1,1
BRDA:146,12,0,12
BRDA:146,12,1,11
BRDA:155,13,0,0
BRDA:155,13,1,0
BRDA:157,14,0,0
BRDA:157,14,1,0
BRDA:182,15,0,12
BRDA:182,15,1,0
BRDA:182,16,0,12
BRDA:182,16,1,2
BRDA:183,17,0,12
BRDA:183,17,1,0
BRDA:183,18,0,12
BRDA:183,18,1,2
BRDA:186,19,0,11
BRDA:186,19,1,1
BRDA:191,20,0,12
BRDA:191,20,1,10
BRDA:191,20,2,9
BRDA:193,21,0,4
BRDA:193,21,1,8
BRDA:194,22,0,1
BRDA:194,22,1,3
BRDA:196,23,0,2
BRDA:196,23,1,1
BRDA:208,24,0,12
BRDA:208,24,1,2
BRDA:209,25,0,12
BRDA:209,25,1,2
BRDA:209,26,0,2
BRDA:209,26,1,0
BRDA:234,27,0,0
BRDA:234,27,1,12
BRDA:238,28,0,0
BRDA:238,28,1,12
BRDA:241,29,0,12
BRDA:241,29,1,0
BRDA:268,30,0,15
BRDA:268,30,1,14
BRDA:270,31,0,15
BRDA:270,31,1,14
BRDA:271,32,0,2
BRDA:271,32,1,13
BRDA:276,33,0,1
BRDA:276,33,1,12
BRDA:279,34,0,12
BRDA:279,34,1,12
BRDA:280,35,0,0
BRDA:280,35,1,12
BRDA:283,36,0,0
BRDA:283,36,1,12
BRDA:290,37,0,12
BRDA:290,37,1,0
BRDA:290,38,0,12
BRDA:290,38,1,12
BRDA:296,39,0,0
BRDA:296,39,1,12
BRDA:296,40,0,12
BRDA:296,40,1,0
BRDA:299,41,0,0
BRDA:299,41,1,12
BRDA:302,42,0,0
BRDA:302,42,1,12
BRDA:310,43,0,0
BRDA:310,43,1,12
BRF:89
BRH:61
end_of_record
TN:
SF:src\parser\pptx\shapes.js
FN:136,extractXfrm
FN:172,resolveColorNode
FN:209,resolveFill
FN:234,resolveStroke
FN:261,extractAdjustments
FN:288,extractEmbeddedText
FN:305,mapPreset
FN:325,parseSp
FN:384,parseCxnSp
FN:440,parseShapes
FNF:10
FNH:9
FNDA:25,extractXfrm
FNDA:16,resolveColorNode
FNDA:26,resolveFill
FNDA:25,resolveStroke
FNDA:21,extractAdjustments
FNDA:21,extractEmbeddedText
FNDA:21,mapPreset
FNDA:22,parseSp
FNDA:0,parseCxnSp
FNDA:24,parseShapes
DA:23,1
DA:24,1
DA:32,1
DA:106,1
DA:137,25
DA:138,25
DA:139,25
DA:141,25
DA:142,25
DA:143,25
DA:144,25
DA:148,25
DA:152,25
DA:153,25
DA:155,25
DA:173,16
DA:175,15
DA:176,15
DA:177,6
DA:180,9
DA:181,9
DA:182,1
DA:185,8
DA:186,8
DA:187,7
DA:188,7
DA:189,7
DA:191,1
DA:194,1
DA:210,26
DA:212,25
DA:214,23
DA:215,23
DA:216,4
DA:217,4
DA:218,0
DA:222,19
DA:235,25
DA:237,25
DA:238,25
DA:239,4
DA:241,3
DA:242,3
DA:243,3
DA:244,3
DA:245,3
DA:246,3
DA:250,0
DA:262,21
DA:263,20
DA:264,20
DA:266,1
DA:267,1
DA:268,1
DA:269,1
DA:270,1
DA:272,1
DA:273,1
DA:276,1
DA:289,21
DA:290,21
DA:292,0
DA:293,0
DA:306,21
DA:307,20
DA:326,22
DA:327,22
DA:328,22
DA:330,21
DA:331,21
DA:332,21
DA:334,21
DA:335,21
DA:336,21
DA:338,21
DA:340,21
DA:341,17
DA:343,4
DA:344,4
DA:345,4
DA:348,21
DA:360,21
DA:361,21
DA:366,21
DA:367,2
DA:370,21
DA:371,21
DA:373,21
DA:385,0
DA:387,0
DA:388,0
DA:389,0
DA:391,0
DA:392,0
DA:397,0
DA:401,0
DA:402,0
DA:405,0
DA:418,0
DA:419,0
DA:421,0
DA:441,24
DA:443,23
DA:444,23
DA:445,23
DA:447,23
DA:448,22
DA:449,22
DA:450,21
DA:451,21
DA:455,23
DA:456,0
DA:459,23
DA:462,1
LF:114
LH:96
BRDA:137,0,0,25
BRDA:137,0,1,24
BRDA:138,1,0,25
BRDA:138,1,1,24
BRDA:138,1,2,1
BRDA:139,2,0,25
BRDA:139,2,1,24
BRDA:139,2,2,1
BRDA:141,3,0,25
BRDA:141,3,1,3
BRDA:142,4,0,25
BRDA:142,4,1,3
BRDA:143,5,0,25
BRDA:143,5,1,3
BRDA:144,6,0,25
BRDA:144,6,1,3
BRDA:148,7,0,2
BRDA:148,7,1,23
BRDA:148,8,0,25
BRDA:148,8,1,24
BRDA:149,9,0,2
BRDA:149,9,1,0
BRDA:152,10,0,24
BRDA:152,10,1,1
BRDA:152,11,0,24
BRDA:152,11,1,22
BRDA:153,12,0,24
BRDA:153,12,1,1
BRDA:153,13,0,24
BRDA:153,13,1,24
BRDA:173,14,0,1
BRDA:173,14,1,15
BRDA:176,15,0,6
BRDA:176,15,1,9
BRDA:176,16,0,15
BRDA:176,16,1,6
BRDA:181,17,0,1
BRDA:181,17,1,8
BRDA:181,18,0,9
BRDA:181,18,1,1
BRDA:186,19,0,7
BRDA:186,19,1,1
BRDA:186,20,0,8
BRDA:186,20,1,7
BRDA:189,21,0,6
BRDA:189,21,1,1
BRDA:210,22,0,1
BRDA:210,22,1,25
BRDA:212,23,0,2
BRDA:212,23,1,23
BRDA:215,24,0,4
BRDA:215,24,1,19
BRDA:217,25,0,4
BRDA:217,25,1,0
BRDA:235,26,0,0
BRDA:235,26,1,25
BRDA:238,27,0,21
BRDA:238,27,1,4
BRDA:239,28,0,1
BRDA:239,28,1,3
BRDA:242,29,0,3
BRDA:242,29,1,0
BRDA:244,30,0,3
BRDA:244,30,1,0
BRDA:245,31,0,2
BRDA:245,31,1,1
BRDA:245,32,0,2
BRDA:245,32,1,0
BRDA:262,33,0,1
BRDA:262,33,1,20
BRDA:264,34,0,19
BRDA:264,34,1,1
BRDA:270,35,0,0
BRDA:270,35,1,1
BRDA:270,36,0,1
BRDA:270,36,1,1
BRDA:273,37,0,1
BRDA:273,37,1,0
BRDA:276,38,0,1
BRDA:276,38,1,0
BRDA:290,39,0,21
BRDA:290,39,1,0
BRDA:306,40,0,1
BRDA:306,40,1,20
BRDA:307,41,0,20
BRDA:307,41,1,3
BRDA:327,42,0,22
BRDA:327,42,1,1
BRDA:327,42,2,1
BRDA:328,43,0,1
BRDA:328,43,1,21
BRDA:330,44,0,21
BRDA:330,44,1,0
BRDA:332,45,0,20
BRDA:332,45,1,1
BRDA:340,46,0,17
BRDA:340,46,1,4
BRDA:344,47,0,4
BRDA:344,47,1,1
BRDA:361,48,0,1
BRDA:361,48,1,20
BRDA:366,49,0,2
BRDA:366,49,1,19
BRDA:366,50,0,21
BRDA:366,50,1,19
BRDA:366,50,2,19
BRDA:371,51,0,0
BRDA:371,51,1,21
BRDA:385,52,0,0
BRDA:385,52,1,0
BRDA:392,53,0,0
BRDA:392,53,1,0
BRDA:397,54,0,0
BRDA:397,54,1,0
BRDA:397,55,0,0
BRDA:397,55,1,0
BRDA:401,56,0,0
BRDA:401,56,1,0
BRDA:401,57,0,0
BRDA:401,57,1,0
BRDA:419,58,0,0
BRDA:419,58,1,0
BRDA:441,59,0,1
BRDA:441,59,1,23
BRDA:449,60,0,21
BRDA:449,60,1,1
BRF:126
BRH:100
end_of_record
TN:
SF:src\parser\pptx\text.js
FN:34,sizeFromTxStyles
FN:58,spacingFromTxStyles
FN:80,sizeFromLstStyle
FN:95,placeholderFallbackSize
FN:110,extractRunFormatting
FN:146,extractParagraphFormatting
FN:202,runToIr
FN:225,paragraphToIr
FN:249,(anonymous_8)
FN:250,(anonymous_9)
FN:284,shapeToTextBlock
FN:299,(anonymous_11)
FNF:12
FNH:1
FNDA:0,sizeFromTxStyles
FNDA:0,spacingFromTxStyles
FNDA:0,sizeFromLstStyle
FNDA:0,placeholderFallbackSize
FNDA:0,extractRunFormatting
FNDA:0,extractParagraphFormatting
FNDA:0,runToIr
FNDA:0,paragraphToIr
FNDA:0,(anonymous_8)
FNDA:0,(anonymous_9)
FNDA:21,shapeToTextBlock
FNDA:0,(anonymous_11)
DA:1,1
DA:2,1
DA:6,1
DA:14,1
DA:22,1
DA:35,0
DA:38,0
DA:39,0
DA:41,0
DA:42,0
DA:43,0
DA:44,0
DA:45,0
DA:46,0
DA:48,0
DA:59,0
DA:60,0
DA:61,0
DA:63,0
DA:64,0
DA:65,0
DA:66,0
DA:67,0
DA:68,0
DA:69,0
DA:70,0
DA:71,0
DA:72,0
DA:73,0
DA:81,0
DA:82,0
DA:83,0
DA:84,0
DA:85,0
DA:86,0
DA:87,0
DA:96,0
DA:97,0
DA:98,0
DA:99,0
DA:111,0
DA:112,0
DA:114,0
DA:115,0
DA:116,0
DA:117,0
DA:118,0
DA:121,0
DA:122,0
DA:123,0
DA:126,0
DA:127,0
DA:128,0
DA:129,0
DA:130,0
DA:131,0
DA:132,0
DA:136,0
DA:137,0
DA:139,0
DA:147,0
DA:148,0
DA:150,0
DA:151,0
DA:152,0
DA:154,0
DA:155,0
DA:156,0
DA:160,0
DA:161,0
DA:162,0
DA:167,0
DA:168,0
DA:169,0
DA:170,0
DA:171,0
DA:172,0
DA:173,0
DA:174,0
DA:175,0
DA:176,0
DA:181,0
DA:182,0
DA:183,0
DA:184,0
DA:185,0
DA:186,0
DA:187,0
DA:188,0
DA:189,0
DA:190,0
DA:191,0
DA:195,0
DA:203,0
DA:204,0
DA:205,0
DA:206,0
DA:208,0
DA:211,0
DA:212,0
DA:215,0
DA:216,0
DA:217,0
DA:227,0
DA:234,0
DA:235,0
DA:236,0
DA:237,0
DA:238,0
DA:240,0
DA:241,0
DA:242,0
DA:248,0
DA:249,0
DA:250,0
DA:253,0
DA:254,0
DA:258,0
DA:264,0
DA:266,0
DA:267,0
DA:268,0
DA:269,0
DA:270,0
DA:272,0
DA:275,0
DA:276,0
DA:277,0
DA:285,21
DA:286,21
DA:288,0
DA:291,0
DA:294,0
DA:297,0
DA:299,0
DA:300,0
DA:302,0
DA:304,0
DA:310,0
DA:311,0
DA:312,0
DA:313,0
DA:318,0
DA:319,0
DA:320,0
DA:321,0
DA:322,0
DA:324,0
DA:325,0
DA:326,0
DA:332,0
DA:333,0
DA:338,0
DA:339,0
DA:340,0
DA:346,0
DA:347,0
DA:348,0
DA:349,0
DA:351,0
DA:352,0
DA:354,0
DA:356,0
DA:357,0
DA:358,0
DA:359,0
DA:360,0
DA:361,0
DA:368,0
DA:369,0
DA:370,0
DA:371,0
DA:372,0
DA:373,0
DA:374,0
DA:375,0
DA:379,0
DA:380,0
DA:385,0
DA:388,0
DA:391,1
LF:181
LH:8
BRDA:35,0,0,0
BRDA:35,0,1,0
BRDA:38,1,0,0
BRDA:38,1,1,0
BRDA:38,2,0,0
BRDA:38,2,1,0
BRDA:38,2,2,0
BRDA:38,2,3,0
BRDA:39,3,0,0
BRDA:39,3,1,0
BRDA:41,4,0,0
BRDA:41,4,1,0
BRDA:41,5,0,0
BRDA:41,5,1,0
BRDA:42,6,0,0
BRDA:42,6,1,0
BRDA:44,7,0,0
BRDA:44,7,1,0
BRDA:45,8,0,0
BRDA:45,8,1,0
BRDA:45,8,2,0
BRDA:46,9,0,0
BRDA:46,9,1,0
BRDA:48,10,0,0
BRDA:48,10,1,0
BRDA:48,11,0,0
BRDA:48,11,1,0
BRDA:59,12,0,0
BRDA:59,12,1,0
BRDA:60,13,0,0
BRDA:60,13,1,0
BRDA:60,14,0,0
BRDA:60,14,1,0
BRDA:60,14,2,0
BRDA:60,14,3,0
BRDA:61,15,0,0
BRDA:61,15,1,0
BRDA:63,16,0,0
BRDA:63,16,1,0
BRDA:63,17,0,0
BRDA:63,17,1,0
BRDA:64,18,0,0
BRDA:64,18,1,0
BRDA:66,19,0,0
BRDA:66,19,1,0
BRDA:67,20,0,0
BRDA:67,20,1,0
BRDA:67,20,2,0
BRDA:68,21,0,0
BRDA:68,21,1,0
BRDA:68,22,0,0
BRDA:68,22,1,0
BRDA:70,23,0,0
BRDA:70,23,1,0
BRDA:71,24,0,0
BRDA:71,24,1,0
BRDA:72,25,0,0
BRDA:72,25,1,0
BRDA:73,26,0,0
BRDA:73,26,1,0
BRDA:81,27,0,0
BRDA:81,27,1,0
BRDA:82,28,0,0
BRDA:82,28,1,0
BRDA:84,29,0,0
BRDA:84,29,1,0
BRDA:85,30,0,0
BRDA:85,30,1,0
BRDA:85,31,0,0
BRDA:85,31,1,0
BRDA:87,32,0,0
BRDA:87,32,1,0
BRDA:96,33,0,0
BRDA:96,33,1,0
BRDA:96,34,0,0
BRDA:96,34,1,0
BRDA:96,34,2,0
BRDA:96,34,3,0
BRDA:97,35,0,0
BRDA:97,35,1,0
BRDA:98,36,0,0
BRDA:98,36,1,0
BRDA:99,37,0,0
BRDA:99,37,1,0
BRDA:111,38,0,0
BRDA:111,38,1,0
BRDA:114,39,0,0
BRDA:114,39,1,0
BRDA:115,40,0,0
BRDA:115,40,1,0
BRDA:116,41,0,0
BRDA:116,41,1,0
BRDA:116,42,0,0
BRDA:116,42,1,0
BRDA:117,43,0,0
BRDA:117,43,1,0
BRDA:117,44,0,0
BRDA:117,44,1,0
BRDA:121,45,0,0
BRDA:121,45,1,0
BRDA:123,46,0,0
BRDA:123,46,1,0
BRDA:127,47,0,0
BRDA:127,47,1,0
BRDA:128,48,0,0
BRDA:128,48,1,0
BRDA:128,49,0,0
BRDA:128,49,1,0
BRDA:130,50,0,0
BRDA:130,50,1,0
BRDA:130,51,0,0
BRDA:130,51,1,0
BRDA:132,52,0,0
BRDA:132,52,1,0
BRDA:137,53,0,0
BRDA:137,53,1,0
BRDA:137,54,0,0
BRDA:137,54,1,0
BRDA:139,55,0,0
BRDA:139,55,1,0
BRDA:147,56,0,0
BRDA:147,56,1,0
BRDA:150,57,0,0
BRDA:150,57,1,0
BRDA:152,58,0,0
BRDA:152,58,1,0
BRDA:154,59,0,0
BRDA:154,59,1,0
BRDA:156,60,0,0
BRDA:156,60,1,0
BRDA:160,61,0,0
BRDA:160,61,1,0
BRDA:161,62,0,0
BRDA:161,62,1,0
BRDA:162,63,0,0
BRDA:162,63,1,0
BRDA:168,64,0,0
BRDA:168,64,1,0
BRDA:171,65,0,0
BRDA:171,65,1,0
BRDA:171,66,0,0
BRDA:171,66,1,0
BRDA:173,67,0,0
BRDA:173,67,1,0
BRDA:174,68,0,0
BRDA:174,68,1,0
BRDA:174,69,0,0
BRDA:174,69,1,0
BRDA:176,70,0,0
BRDA:176,70,1,0
BRDA:183,71,0,0
BRDA:183,71,1,0
BRDA:186,72,0,0
BRDA:186,72,1,0
BRDA:186,73,0,0
BRDA:186,73,1,0
BRDA:188,74,0,0
BRDA:188,74,1,0
BRDA:189,75,0,0
BRDA:189,75,1,0
BRDA:189,76,0,0
BRDA:189,76,1,0
BRDA:191,77,0,0
BRDA:191,77,1,0
BRDA:195,78,0,0
BRDA:195,78,1,0
BRDA:205,79,0,0
BRDA:205,79,1,0
BRDA:206,80,0,0
BRDA:206,80,1,0
BRDA:206,81,0,0
BRDA:206,81,1,0
BRDA:206,81,2,0
BRDA:208,82,0,0
BRDA:208,82,1,0
BRDA:211,83,0,0
BRDA:211,83,1,0
BRDA:211,84,0,0
BRDA:211,84,1,0
BRDA:216,85,0,0
BRDA:216,85,1,0
BRDA:227,86,0,0
BRDA:227,86,1,0
BRDA:227,87,0,0
BRDA:227,87,1,0
BRDA:235,88,0,0
BRDA:235,88,1,0
BRDA:236,89,0,0
BRDA:236,89,1,0
BRDA:236,90,0,0
BRDA:236,90,1,0
BRDA:238,91,0,0
BRDA:238,91,1,0
BRDA:240,92,0,0
BRDA:240,92,1,0
BRDA:241,93,0,0
BRDA:241,93,1,0
BRDA:242,94,0,0
BRDA:242,94,1,0
BRDA:253,95,0,0
BRDA:253,95,1,0
BRDA:266,96,0,0
BRDA:266,96,1,0
BRDA:267,97,0,0
BRDA:267,97,1,0
BRDA:268,98,0,0
BRDA:268,98,1,0
BRDA:270,99,0,0
BRDA:270,99,1,0
BRDA:272,100,0,0
BRDA:272,100,1,0
BRDA:276,101,0,0
BRDA:276,101,1,0
BRDA:286,102,0,21
BRDA:286,102,1,0
BRDA:288,103,0,0
BRDA:288,103,1,0
BRDA:288,103,2,0
BRDA:291,104,0,0
BRDA:291,104,1,0
BRDA:294,105,0,0
BRDA:294,105,1,0
BRDA:294,106,0,0
BRDA:294,106,1,0
BRDA:302,107,0,0
BRDA:302,107,1,0
BRDA:310,108,0,0
BRDA:310,108,1,0
BRDA:311,109,0,0
BRDA:311,109,1,0
BRDA:312,110,0,0
BRDA:312,110,1,0
BRDA:314,111,0,0
BRDA:314,111,1,0
BRDA:315,112,0,0
BRDA:315,112,1,0
BRDA:318,113,0,0
BRDA:318,113,1,0
BRDA:321,114,0,0
BRDA:321,114,1,0
BRDA:322,115,0,0
BRDA:322,115,1,0
BRDA:324,116,0,0
BRDA:324,116,1,0
BRDA:326,117,0,0
BRDA:326,117,1,0
BRDA:332,118,0,0
BRDA:332,118,1,0
BRDA:332,119,0,0
BRDA:332,119,1,0
BRDA:339,120,0,0
BRDA:339,120,1,0
BRDA:339,121,0,0
BRDA:339,121,1,0
BRDA:346,122,0,0
BRDA:346,122,1,0
BRDA:347,123,0,0
BRDA:347,123,1,0
BRDA:351,124,0,0
BRDA:351,124,1,0
BRDA:352,125,0,0
BRDA:352,125,1,0
BRDA:356,126,0,0
BRDA:356,126,1,0
BRDA:356,127,0,0
BRDA:356,127,1,0
BRDA:356,127,2,0
BRDA:358,128,0,0
BRDA:358,128,1,0
BRDA:359,129,0,0
BRDA:359,129,1,0
BRDA:359,130,0,0
BRDA:359,130,1,0
BRDA:359,130,2,0
BRDA:368,131,0,0
BRDA:368,131,1,0
BRDA:368,132,0,0
BRDA:368,132,1,0
BRDA:370,133,0,0
BRDA:370,133,1,0
BRDA:371,134,0,0
BRDA:371,134,1,0
BRDA:371,135,0,0
BRDA:371,135,1,0
BRDA:373,136,0,0
BRDA:373,136,1,0
BRDA:373,137,0,0
BRDA:373,137,1,0
BRDA:379,138,0,0
BRDA:379,138,1,0
BRF:290
BRH:1
end_of_record
TN:
SF:src\parser\pptx\units.js
FN:7,emuToPx
FN:17,pptxRotationToDegrees
FNF:2
FNH:0
FNDA:0,emuToPx
FNDA:0,pptxRotationToDegrees
DA:5,1
DA:8,0
DA:9,0
DA:10,0
DA:11,0
DA:18,0
DA:19,0
DA:20,0
DA:21,0
DA:24,1
LF:10
LH:2
BRDA:8,0,0,0
BRDA:8,0,1,0
BRDA:10,1,0,0
BRDA:10,1,1,0
BRDA:18,2,0,0
BRDA:18,2,1,0
BRDA:20,3,0,0
BRDA:20,3,1,0
BRF:8
BRH:0
end_of_record
TN:
SF:src\parser\pptx\xml.js
FN:32,parseXml
FN:41,asArray
FN:50,findOrderedChild
FN:70,getSpTreeChildOrder
FN:87,(anonymous_4)
FNF:5
FNH:1
FNDA:0,parseXml
FNDA:128,asArray
FNDA:0,findOrderedChild
FNDA:0,getSpTreeChildOrder
FNDA:0,(anonymous_4)
DA:1,1
DA:3,1
DA:23,1
DA:30,1
DA:33,0
DA:34,0
DA:42,128
DA:43,83
DA:51,0
DA:52,0
DA:53,0
DA:55,0
DA:71,0
DA:73,0
DA:75,0
DA:76,0
DA:77,0
DA:78,0
DA:79,0
DA:80,0
DA:82,0
DA:83,0
DA:84,0
DA:86,0
DA:87,0
DA:88,0
DA:89,0
DA:90,0
DA:91,0
DA:94,0
DA:97,1
LF:31
LH:7
BRDA:33,0,0,0
BRDA:33,0,1,0
BRDA:42,1,0,45
BRDA:42,1,1,83
BRDA:43,2,0,22
BRDA:43,2,1,61
BRDA:51,3,0,0
BRDA:51,3,1,0
BRDA:53,4,0,0
BRDA:53,4,1,0
BRDA:71,5,0,0
BRDA:71,5,1,0
BRDA:76,6,0,0
BRDA:76,6,1,0
BRDA:78,7,0,0
BRDA:78,7,1,0
BRDA:80,8,0,0
BRDA:80,8,1,0
BRDA:88,9,0,0
BRDA:88,9,1,0
BRDA:88,10,0,0
BRDA:88,10,1,0
BRDA:89,11,0,0
BRDA:89,11,1,0
BRF:24
BRH:4
end_of_record
