<?xml version="1.0" encoding="UTF-8"?>
<coverage generated="1780883836169" clover="3.2.0">
  <project timestamp="1780883836169" name="All files">
    <metrics statements="71" coveredstatements="69" conditionals="73" coveredconditionals="59" methods="5" coveredmethods="5" elements="149" coveredelements="133" complexity="0" loc="71" ncloc="71" packages="1" files="1" classes="1"/>
    <file name="layouts.js" path="C:\Users\aidin\OneDrive\Desktop\University\SWE\pptx-revealjs-converter\src\parser\pptx\layouts.js">
      <metrics statements="71" coveredstatements="69" conditionals="73" coveredconditionals="59" methods="5" coveredmethods="5"/>
      <line num="3" count="1" type="stmt"/>
      <line num="4" count="1" type="stmt"/>
      <line num="5" count="1" type="stmt"/>
      <line num="6" count="1" type="stmt"/>
      <line num="9" count="1" type="stmt"/>
      <line num="27" count="15" type="cond" truecount="2" falsecount="0"/>
      <line num="28" count="15" type="cond" truecount="2" falsecount="0"/>
      <line num="30" count="13" type="stmt"/>
      <line num="31" count="13" type="stmt"/>
      <line num="32" count="13" type="cond" truecount="3" falsecount="1"/>
      <line num="34" count="13" type="stmt"/>
      <line num="35" count="13" type="stmt"/>
      <line num="36" count="13" type="cond" truecount="3" falsecount="1"/>
      <line num="38" count="13" type="cond" truecount="4" falsecount="0"/>
      <line num="40" count="13" type="stmt"/>
      <line num="41" count="13" type="stmt"/>
      <line num="42" count="13" type="cond" truecount="1" falsecount="1"/>
      <line num="43" count="13" type="cond" truecount="1" falsecount="1"/>
      <line num="45" count="13" type="cond" truecount="1" falsecount="1"/>
      <line num="46" count="0" type="stmt"/>
      <line num="47" count="0" type="cond" truecount="0" falsecount="2"/>
      <line num="50" count="13" type="stmt"/>
      <line num="63" count="13" type="stmt"/>
      <line num="64" count="13" type="stmt"/>
      <line num="66" count="13" type="stmt"/>
      <line num="67" count="12" type="cond" truecount="3" falsecount="0"/>
      <line num="70" count="12" type="cond" truecount="1" falsecount="1"/>
      <line num="72" count="12" type="stmt"/>
      <line num="73" count="12" type="cond" truecount="2" falsecount="0"/>
      <line num="75" count="11" type="cond" truecount="2" falsecount="0"/>
      <line num="76" count="11" type="cond" truecount="1" falsecount="1"/>
      <line num="80" count="11" type="cond" truecount="1" falsecount="1"/>
      <line num="81" count="11" type="cond" truecount="3" falsecount="1"/>
      <line num="84" count="13" type="stmt"/>
      <line num="107" count="7" type="stmt"/>
      <line num="108" count="7" type="stmt"/>
      <line num="110" count="7" type="cond" truecount="2" falsecount="0"/>
      <line num="114" count="6" type="stmt"/>
      <line num="115" count="6" type="cond" truecount="2" falsecount="0"/>
      <line num="117" count="5" type="stmt"/>
      <line num="118" count="5" type="cond" truecount="4" falsecount="0"/>
      <line num="123" count="5" type="cond" truecount="1" falsecount="1"/>
      <line num="124" count="5" type="stmt"/>
      <line num="125" count="5" type="stmt"/>
      <line num="126" count="5" type="stmt"/>
      <line num="131" count="5" type="stmt"/>
      <line num="132" count="5" type="stmt"/>
      <line num="133" count="5" type="stmt"/>
      <line num="135" count="5" type="stmt"/>
      <line num="136" count="5" type="cond" truecount="2" falsecount="0"/>
      <line num="138" count="4" type="stmt"/>
      <line num="139" count="4" type="stmt"/>
      <line num="140" count="4" type="stmt"/>
      <line num="142" count="4" type="cond" truecount="1" falsecount="1"/>
      <line num="144" count="4" type="stmt"/>
      <line num="145" count="4" type="stmt"/>
      <line num="146" count="4" type="cond" truecount="1" falsecount="1"/>
      <line num="148" count="4" type="stmt"/>
      <line num="149" count="4" type="cond" truecount="4" falsecount="0"/>
      <line num="154" count="4" type="cond" truecount="2" falsecount="0"/>
      <line num="155" count="3" type="stmt"/>
      <line num="157" count="3" type="cond" truecount="2" falsecount="0"/>
      <line num="158" count="3" type="cond" truecount="2" falsecount="0"/>
      <line num="161" count="4" type="stmt"/>
      <line num="173" count="5" type="stmt"/>
      <line num="174" count="5" type="cond" truecount="2" falsecount="0"/>
      <line num="175" count="3" type="cond" truecount="2" falsecount="0"/>
      <line num="176" count="2" type="stmt"/>
      <line num="177" count="2" type="cond" truecount="2" falsecount="0"/>
      <line num="179" count="2" type="stmt"/>
      <line num="182" count="1" type="stmt"/>
    </file>
  </project>
</coverage>
