{"C:\\Users\\aidin\\OneDrive\\Desktop\\University\\SWE\\pptx-revealjs-converter\\src\\parser\\pptx\\layouts.js": {"path":"C:\\Users\\aidin\\OneDrive\\Desktop\\University\\SWE\\pptx-revealjs-converter\\src\\parser\\pptx\\layouts.js","statementMap":{"0":{"start":{"line":3,"column":21},"end":{"line":3,"column":37}},"1":{"start":{"line":4,"column":30},"end":{"line":4,"column":46}},"2":{"start":{"line":5,"column":46},"end":{"line":5,"column":72}},"3":{"start":{"line":6,"column":43},"end":{"line":6,"column":61}},"4":{"start":{"line":9,"column":26},"end":{"line":9,"column":40}},"5":{"start":{"line":27,"column":15},"end":{"line":27,"column":53}},"6":{"start":{"line":28,"column":2},"end":{"line":28,"column":25}},"7":{"start":{"line":28,"column":13},"end":{"line":28,"column":25}},"8":{"start":{"line":30,"column":14},"end":{"line":30,"column":27}},"9":{"start":{"line":31,"column":14},"end":{"line":31,"column":27}},"10":{"start":{"line":32,"column":2},"end":{"line":32,"column":32}},"11":{"start":{"line":32,"column":20},"end":{"line":32,"column":32}},"12":{"start":{"line":34,"column":12},"end":{"line":34,"column":31}},"13":{"start":{"line":35,"column":12},"end":{"line":35,"column":31}},"14":{"start":{"line":36,"column":2},"end":{"line":36,"column":42}},"15":{"start":{"line":36,"column":30},"end":{"line":36,"column":42}},"16":{"start":{"line":38,"column":14},"end":{"line":38,"column":52}},"17":{"start":{"line":40,"column":12},"end":{"line":40,"column":32}},"18":{"start":{"line":41,"column":12},"end":{"line":41,"column":32}},"19":{"start":{"line":42,"column":2},"end":{"line":42,"column":32}},"20":{"start":{"line":42,"column":17},"end":{"line":42,"column":32}},"21":{"start":{"line":43,"column":2},"end":{"line":43,"column":32}},"22":{"start":{"line":43,"column":17},"end":{"line":43,"column":32}},"23":{"start":{"line":45,"column":2},"end":{"line":48,"column":3}},"24":{"start":{"line":46,"column":16},"end":{"line":46,"column":52}},"25":{"start":{"line":47,"column":4},"end":{"line":47,"column":38}},"26":{"start":{"line":47,"column":19},"end":{"line":47,"column":38}},"27":{"start":{"line":50,"column":2},"end":{"line":50,"column":13}},"28":{"start":{"line":63,"column":17},"end":{"line":63,"column":26}},"29":{"start":{"line":64,"column":17},"end":{"line":64,"column":26}},"30":{"start":{"line":66,"column":2},"end":{"line":82,"column":3}},"31":{"start":{"line":67,"column":15},"end":{"line":69,"column":41}},"32":{"start":{"line":70,"column":4},"end":{"line":70,"column":22}},"33":{"start":{"line":70,"column":13},"end":{"line":70,"column":22}},"34":{"start":{"line":72,"column":16},"end":{"line":72,"column":31}},"35":{"start":{"line":73,"column":4},"end":{"line":73,"column":23}},"36":{"start":{"line":73,"column":14},"end":{"line":73,"column":23}},"37":{"start":{"line":75,"column":17},"end":{"line":75,"column":68}},"38":{"start":{"line":76,"column":17},"end":{"line":76,"column":37}},"39":{"start":{"line":80,"column":4},"end":{"line":80,"column":54}},"40":{"start":{"line":80,"column":34},"end":{"line":80,"column":54}},"41":{"start":{"line":81,"column":4},"end":{"line":81,"column":57}},"42":{"start":{"line":81,"column":35},"end":{"line":81,"column":57}},"43":{"start":{"line":84,"column":2},"end":{"line":84,"column":27}},"44":{"start":{"line":107,"column":17},"end":{"line":107,"column":26}},"45":{"start":{"line":108,"column":17},"end":{"line":108,"column":26}},"46":{"start":{"line":110,"column":2},"end":{"line":110,"column":44}},"47":{"start":{"line":110,"column":19},"end":{"line":110,"column":44}},"48":{"start":{"line":114,"column":20},"end":{"line":114,"column":51}},"49":{"start":{"line":115,"column":2},"end":{"line":115,"column":43}},"50":{"start":{"line":115,"column":18},"end":{"line":115,"column":43}},"51":{"start":{"line":117,"column":24},"end":{"line":117,"column":43}},"52":{"start":{"line":118,"column":24},"end":{"line":121,"column":56}},"53":{"start":{"line":123,"column":2},"end":{"line":127,"column":3}},"54":{"start":{"line":124,"column":43},"end":{"line":124,"column":76}},"55":{"start":{"line":125,"column":4},"end":{"line":125,"column":48}},"56":{"start":{"line":125,"column":32},"end":{"line":125,"column":48}},"57":{"start":{"line":126,"column":4},"end":{"line":126,"column":49}},"58":{"start":{"line":126,"column":32},"end":{"line":126,"column":49}},"59":{"start":{"line":131,"column":21},"end":{"line":131,"column":73}},"60":{"start":{"line":132,"column":21},"end":{"line":132,"column":74}},"61":{"start":{"line":133,"column":25},"end":{"line":133,"column":64}},"62":{"start":{"line":135,"column":24},"end":{"line":135,"column":59}},"63":{"start":{"line":136,"column":2},"end":{"line":136,"column":47}},"64":{"start":{"line":136,"column":22},"end":{"line":136,"column":47}},"65":{"start":{"line":138,"column":21},"end":{"line":138,"column":54}},"66":{"start":{"line":139,"column":21},"end":{"line":141,"column":3}},"67":{"start":{"line":140,"column":4},"end":{"line":140,"column":52}},"68":{"start":{"line":142,"column":2},"end":{"line":142,"column":43}},"69":{"start":{"line":142,"column":18},"end":{"line":142,"column":43}},"70":{"start":{"line":144,"column":21},"end":{"line":144,"column":63}},"71":{"start":{"line":145,"column":21},"end":{"line":145,"column":52}},"72":{"start":{"line":146,"column":2},"end":{"line":146,"column":43}},"73":{"start":{"line":146,"column":18},"end":{"line":146,"column":43}},"74":{"start":{"line":148,"column":23},"end":{"line":148,"column":42}},"75":{"start":{"line":149,"column":23},"end":{"line":152,"column":56}},"76":{"start":{"line":154,"column":2},"end":{"line":159,"column":3}},"77":{"start":{"line":155,"column":43},"end":{"line":155,"column":76}},"78":{"start":{"line":157,"column":4},"end":{"line":157,"column":68}},"79":{"start":{"line":157,"column":32},"end":{"line":157,"column":68}},"80":{"start":{"line":157,"column":52},"end":{"line":157,"column":68}},"81":{"start":{"line":158,"column":4},"end":{"line":158,"column":69}},"82":{"start":{"line":158,"column":32},"end":{"line":158,"column":69}},"83":{"start":{"line":158,"column":52},"end":{"line":158,"column":69}},"84":{"start":{"line":161,"column":2},"end":{"line":161,"column":27}},"85":{"start":{"line":173,"column":22},"end":{"line":173,"column":45}},"86":{"start":{"line":174,"column":2},"end":{"line":174,"column":52}},"87":{"start":{"line":174,"column":33},"end":{"line":174,"column":52}},"88":{"start":{"line":175,"column":2},"end":{"line":178,"column":3}},"89":{"start":{"line":176,"column":25},"end":{"line":176,"column":50}},"90":{"start":{"line":177,"column":4},"end":{"line":177,"column":56}},"91":{"start":{"line":177,"column":36},"end":{"line":177,"column":56}},"92":{"start":{"line":179,"column":2},"end":{"line":179,"column":14}},"93":{"start":{"line":182,"column":0},"end":{"line":182,"column":85}}},"fnMap":{"0":{"name":"extractXfrm","decl":{"start":{"line":26,"column":9},"end":{"line":26,"column":20}},"loc":{"start":{"line":26,"column":25},"end":{"line":51,"column":1}},"line":26},"1":{"name":"collectPlaceholders","decl":{"start":{"line":62,"column":9},"end":{"line":62,"column":28}},"loc":{"start":{"line":62,"column":37},"end":{"line":85,"column":1}},"line":62},"2":{"name":"loadLayoutGeometry","decl":{"start":{"line":106,"column":15},"end":{"line":106,"column":33}},"loc":{"start":{"line":106,"column":51},"end":{"line":162,"column":1}},"line":106},"3":{"name":"(anonymous_3)","decl":{"start":{"line":139,"column":52},"end":{"line":139,"column":53}},"loc":{"start":{"line":140,"column":4},"end":{"line":140,"column":52}},"line":140},"4":{"name":"lookupGeo","decl":{"start":{"line":172,"column":9},"end":{"line":172,"column":18}},"loc":{"start":{"line":172,"column":42},"end":{"line":180,"column":1}},"line":172}},"branchMap":{"0":{"loc":{"start":{"line":27,"column":15},"end":{"line":27,"column":53}},"type":"binary-expr","locations":[{"start":{"line":27,"column":15},"end":{"line":27,"column":27}},{"start":{"line":27,"column":31},"end":{"line":27,"column":53}}],"line":27},"1":{"loc":{"start":{"line":28,"column":2},"end":{"line":28,"column":25}},"type":"if","locations":[{"start":{"line":28,"column":2},"end":{"line":28,"column":25}},{"start":{},"end":{}}],"line":28},"2":{"loc":{"start":{"line":32,"column":2},"end":{"line":32,"column":32}},"type":"if","locations":[{"start":{"line":32,"column":2},"end":{"line":32,"column":32}},{"start":{},"end":{}}],"line":32},"3":{"loc":{"start":{"line":32,"column":6},"end":{"line":32,"column":18}},"type":"binary-expr","locations":[{"start":{"line":32,"column":6},"end":{"line":32,"column":10}},{"start":{"line":32,"column":14},"end":{"line":32,"column":18}}],"line":32},"4":{"loc":{"start":{"line":36,"column":2},"end":{"line":36,"column":42}},"type":"if","locations":[{"start":{"line":36,"column":2},"end":{"line":36,"column":42}},{"start":{},"end":{}}],"line":36},"5":{"loc":{"start":{"line":36,"column":6},"end":{"line":36,"column":28}},"type":"binary-expr","locations":[{"start":{"line":36,"column":6},"end":{"line":36,"column":15}},{"start":{"line":36,"column":19},"end":{"line":36,"column":28}}],"line":36},"6":{"loc":{"start":{"line":38,"column":31},"end":{"line":38,"column":37}},"type":"binary-expr","locations":[{"start":{"line":38,"column":31},"end":{"line":38,"column":32}},{"start":{"line":38,"column":36},"end":{"line":38,"column":37}}],"line":38},"7":{"loc":{"start":{"line":38,"column":42},"end":{"line":38,"column":48}},"type":"binary-expr","locations":[{"start":{"line":38,"column":42},"end":{"line":38,"column":43}},{"start":{"line":38,"column":47},"end":{"line":38,"column":48}}],"line":38},"8":{"loc":{"start":{"line":42,"column":2},"end":{"line":42,"column":32}},"type":"if","locations":[{"start":{"line":42,"column":2},"end":{"line":42,"column":32}},{"start":{},"end":{}}],"line":42},"9":{"loc":{"start":{"line":43,"column":2},"end":{"line":43,"column":32}},"type":"if","locations":[{"start":{"line":43,"column":2},"end":{"line":43,"column":32}},{"start":{},"end":{}}],"line":43},"10":{"loc":{"start":{"line":45,"column":2},"end":{"line":48,"column":3}},"type":"if","locations":[{"start":{"line":45,"column":2},"end":{"line":48,"column":3}},{"start":{},"end":{}}],"line":45},"11":{"loc":{"start":{"line":47,"column":4},"end":{"line":47,"column":38}},"type":"if","locations":[{"start":{"line":47,"column":4},"end":{"line":47,"column":38}},{"start":{},"end":{}}],"line":47},"12":{"loc":{"start":{"line":67,"column":15},"end":{"line":69,"column":41}},"type":"binary-expr","locations":[{"start":{"line":67,"column":15},"end":{"line":67,"column":29}},{"start":{"line":68,"column":9},"end":{"line":68,"column":33}},{"start":{"line":69,"column":9},"end":{"line":69,"column":41}}],"line":67},"13":{"loc":{"start":{"line":70,"column":4},"end":{"line":70,"column":22}},"type":"if","locations":[{"start":{"line":70,"column":4},"end":{"line":70,"column":22}},{"start":{},"end":{}}],"line":70},"14":{"loc":{"start":{"line":73,"column":4},"end":{"line":73,"column":23}},"type":"if","locations":[{"start":{"line":73,"column":4},"end":{"line":73,"column":23}},{"start":{},"end":{}}],"line":73},"15":{"loc":{"start":{"line":75,"column":17},"end":{"line":75,"column":68}},"type":"cond-expr","locations":[{"start":{"line":75,"column":45},"end":{"line":75,"column":64}},{"start":{"line":75,"column":67},"end":{"line":75,"column":68}}],"line":75},"16":{"loc":{"start":{"line":76,"column":17},"end":{"line":76,"column":37}},"type":"binary-expr","locations":[{"start":{"line":76,"column":17},"end":{"line":76,"column":29}},{"start":{"line":76,"column":33},"end":{"line":76,"column":37}}],"line":76},"17":{"loc":{"start":{"line":80,"column":4},"end":{"line":80,"column":54}},"type":"if","locations":[{"start":{"line":80,"column":4},"end":{"line":80,"column":54}},{"start":{},"end":{}}],"line":80},"18":{"loc":{"start":{"line":81,"column":4},"end":{"line":81,"column":57}},"type":"if","locations":[{"start":{"line":81,"column":4},"end":{"line":81,"column":57}},{"start":{},"end":{}}],"line":81},"19":{"loc":{"start":{"line":81,"column":8},"end":{"line":81,"column":33}},"type":"binary-expr","locations":[{"start":{"line":81,"column":8},"end":{"line":81,"column":12}},{"start":{"line":81,"column":16},"end":{"line":81,"column":33}}],"line":81},"20":{"loc":{"start":{"line":110,"column":2},"end":{"line":110,"column":44}},"type":"if","locations":[{"start":{"line":110,"column":2},"end":{"line":110,"column":44}},{"start":{},"end":{}}],"line":110},"21":{"loc":{"start":{"line":115,"column":2},"end":{"line":115,"column":43}},"type":"if","locations":[{"start":{"line":115,"column":2},"end":{"line":115,"column":43}},{"start":{},"end":{}}],"line":115},"22":{"loc":{"start":{"line":118,"column":24},"end":{"line":121,"column":56}},"type":"binary-expr","locations":[{"start":{"line":118,"column":24},"end":{"line":118,"column":36}},{"start":{"line":119,"column":7},"end":{"line":119,"column":34}},{"start":{"line":120,"column":7},"end":{"line":120,"column":44}},{"start":{"line":121,"column":7},"end":{"line":121,"column":56}}],"line":118},"23":{"loc":{"start":{"line":123,"column":2},"end":{"line":127,"column":3}},"type":"if","locations":[{"start":{"line":123,"column":2},"end":{"line":127,"column":3}},{"start":{},"end":{}}],"line":123},"24":{"loc":{"start":{"line":136,"column":2},"end":{"line":136,"column":47}},"type":"if","locations":[{"start":{"line":136,"column":2},"end":{"line":136,"column":47}},{"start":{},"end":{}}],"line":136},"25":{"loc":{"start":{"line":142,"column":2},"end":{"line":142,"column":43}},"type":"if","locations":[{"start":{"line":142,"column":2},"end":{"line":142,"column":43}},{"start":{},"end":{}}],"line":142},"26":{"loc":{"start":{"line":146,"column":2},"end":{"line":146,"column":43}},"type":"if","locations":[{"start":{"line":146,"column":2},"end":{"line":146,"column":43}},{"start":{},"end":{}}],"line":146},"27":{"loc":{"start":{"line":149,"column":23},"end":{"line":152,"column":56}},"type":"binary-expr","locations":[{"start":{"line":149,"column":23},"end":{"line":149,"column":35}},{"start":{"line":150,"column":7},"end":{"line":150,"column":34}},{"start":{"line":151,"column":7},"end":{"line":151,"column":44}},{"start":{"line":152,"column":7},"end":{"line":152,"column":56}}],"line":149},"28":{"loc":{"start":{"line":154,"column":2},"end":{"line":159,"column":3}},"type":"if","locations":[{"start":{"line":154,"column":2},"end":{"line":159,"column":3}},{"start":{},"end":{}}],"line":154},"29":{"loc":{"start":{"line":157,"column":32},"end":{"line":157,"column":68}},"type":"if","locations":[{"start":{"line":157,"column":32},"end":{"line":157,"column":68}},{"start":{},"end":{}}],"line":157},"30":{"loc":{"start":{"line":158,"column":32},"end":{"line":158,"column":69}},"type":"if","locations":[{"start":{"line":158,"column":32},"end":{"line":158,"column":69}},{"start":{},"end":{}}],"line":158},"31":{"loc":{"start":{"line":174,"column":2},"end":{"line":174,"column":52}},"type":"if","locations":[{"start":{"line":174,"column":2},"end":{"line":174,"column":52}},{"start":{},"end":{}}],"line":174},"32":{"loc":{"start":{"line":175,"column":2},"end":{"line":178,"column":3}},"type":"if","locations":[{"start":{"line":175,"column":2},"end":{"line":178,"column":3}},{"start":{},"end":{}}],"line":175},"33":{"loc":{"start":{"line":177,"column":4},"end":{"line":177,"column":56}},"type":"if","locations":[{"start":{"line":177,"column":4},"end":{"line":177,"column":56}},{"start":{},"end":{}}],"line":177}},"s":{"0":1,"1":1,"2":1,"3":1,"4":1,"5":15,"6":15,"7":2,"8":13,"9":13,"10":13,"11":0,"12":13,"13":13,"14":13,"15":0,"16":13,"17":13,"18":13,"19":13,"20":13,"21":13,"22":13,"23":13,"24":0,"25":0,"26":0,"27":13,"28":13,"29":13,"30":13,"31":12,"32":12,"33":0,"34":12,"35":12,"36":1,"37":11,"38":11,"39":11,"40":11,"41":11,"42":11,"43":13,"44":7,"45":7,"46":7,"47":1,"48":6,"49":6,"50":1,"51":5,"52":5,"53":5,"54":5,"55":5,"56":4,"57":5,"58":4,"59":5,"60":5,"61":5,"62":5,"63":5,"64":1,"65":4,"66":4,"67":4,"68":4,"69":0,"70":4,"71":4,"72":4,"73":0,"74":4,"75":4,"76":4,"77":3,"78":3,"79":3,"80":2,"81":3,"82":3,"83":2,"84":4,"85":5,"86":5,"87":2,"88":3,"89":2,"90":2,"91":1,"92":2,"93":1},"f":{"0":15,"1":13,"2":7,"3":4,"4":5},"b":{"0":[15,13],"1":[2,13],"2":[0,13],"3":[13,13],"4":[0,13],"5":[13,13],"6":[13,2],"7":[13,2],"8":[13,0],"9":[13,0],"10":[0,13],"11":[0,0],"12":[12,12,12],"13":[0,12],"14":[1,11],"15":[6,5],"16":[11,0],"17":[11,0],"18":[11,0],"19":[11,11],"20":[1,6],"21":[1,5],"22":[5,5,5,5],"23":[5,0],"24":[1,4],"25":[0,4],"26":[0,4],"27":[4,4,4,4],"28":[3,1],"29":[2,1],"30":[2,1],"31":[2,3],"32":[2,1],"33":[1,1]},"_coverageSchema":"1a1c01bbd47fc00a2c39e90264f33305004495a9","hash":"8d90e74959353f835f20fd40307e22f8c01952ef"}
}
