TN:
SF:src\parser\pptx\layouts.js
FN:26,extractXfrm
FN:62,collectPlaceholders
FN:106,loadLayoutGeometry
FN:139,(anonymous_3)
FN:172,lookupGeo
FNF:5
FNH:5
FNDA:15,extractXfrm
FNDA:13,collectPlaceholders
FNDA:7,loadLayoutGeometry
FNDA:4,(anonymous_3)
FNDA:5,lookupGeo
DA:3,1
DA:4,1
DA:5,1
DA:6,1
DA:9,1
DA:27,15
DA:28,15
DA:30,13
DA:31,13
DA:32,13
DA:34,13
DA:35,13
DA:36,13
DA:38,13
DA:40,13
DA:41,13
DA:42,13
DA:43,13
DA:45,13
DA:46,0
DA:47,0
DA:50,13
DA:63,13
DA:64,13
DA:66,13
DA:67,12
DA:70,12
DA:72,12
DA:73,12
DA:75,11
DA:76,11
DA:80,11
DA:81,11
DA:84,13
DA:107,7
DA:108,7
DA:110,7
DA:114,6
DA:115,6
DA:117,5
DA:118,5
DA:123,5
DA:124,5
DA:125,5
DA:126,5
DA:131,5
DA:132,5
DA:133,5
DA:135,5
DA:136,5
DA:138,4
DA:139,4
DA:140,4
DA:142,4
DA:144,4
DA:145,4
DA:146,4
DA:148,4
DA:149,4
DA:154,4
DA:155,3
DA:157,3
DA:158,3
DA:161,4
DA:173,5
DA:174,5
DA:175,3
DA:176,2
DA:177,2
DA:179,2
DA:182,1
LF:71
LH:69
BRDA:27,0,0,15
BRDA:27,0,1,13
BRDA:28,1,0,2
BRDA:28,1,1,13
BRDA:32,2,0,0
BRDA:32,2,1,13
BRDA:32,3,0,13
BRDA:32,3,1,13
BRDA:36,4,0,0
BRDA:36,4,1,13
BRDA:36,5,0,13
BRDA:36,5,1,13
BRDA:38,6,0,13
BRDA:38,6,1,2
BRDA:38,7,0,13
BRDA:38,7,1,2
BRDA:42,8,0,13
BRDA:42,8,1,0
BRDA:43,9,0,13
BRDA:43,9,1,0
BRDA:45,10,0,0
BRDA:45,10,1,13
BRDA:47,11,0,0
BRDA:47,11,1,0
BRDA:67,12,0,12
BRDA:67,12,1,12
BRDA:67,12,2,12
BRDA:70,13,0,0
BRDA:70,13,1,12
BRDA:73,14,0,1
BRDA:73,14,1,11
BRDA:75,15,0,6
BRDA:75,15,1,5
BRDA:76,16,0,11
BRDA:76,16,1,0
BRDA:80,17,0,11
BRDA:80,17,1,0
BRDA:81,18,0,11
BRDA:81,18,1,0
BRDA:81,19,0,11
BRDA:81,19,1,11
BRDA:110,20,0,1
BRDA:110,20,1,6
BRDA:115,21,0,1
BRDA:115,21,1,5
BRDA:118,22,0,5
BRDA:118,22,1,5
BRDA:118,22,2,5
BRDA:118,22,3,5
BRDA:123,23,0,5
BRDA:123,23,1,0
BRDA:136,24,0,1
BRDA:136,24,1,4
BRDA:142,25,0,0
BRDA:142,25,1,4
BRDA:146,26,0,0
BRDA:146,26,1,4
BRDA:149,27,0,4
BRDA:149,27,1,4
BRDA:149,27,2,4
BRDA:149,27,3,4
BRDA:154,28,0,3
BRDA:154,28,1,1
BRDA:157,29,0,2
BRDA:157,29,1,1
BRDA:158,30,0,2
BRDA:158,30,1,1
BRDA:174,31,0,2
BRDA:174,31,1,3
BRDA:175,32,0,2
BRDA:175,32,1,1
BRDA:177,33,0,1
BRDA:177,33,1,1
BRF:73
BRH:59
end_of_record
